[2024-09-30 13:20:03] remote.ERROR: SQLSTATE[42S22]: Column not found: 1054 Unknown column 'waite' in 'where clause' (SQL: select `orders` as `orders`, count(*) as total, 0 as number, sum(price) as price, Max(waiter) as waiter from `cashers` where `waite` =  and `created_at` >= 2024-09-30 00:00:00 and `credit` = 0 and `is_gift` = 0 and `state` = 0 and `cashers`.`deleted_at` is null group by `orders`, `folder_id`) {"exception":"[object] (Illuminate\\Database\\QueryException(code: 42S22): SQLSTATE[42S22]: Column not found: 1054 Unknown column 'waite' in 'where clause' (SQL: select `orders` as `orders`, count(*) as total, 0 as number, sum(price) as price, Max(waiter) as waiter from `cashers` where `waite` =  and `created_at` >= 2024-09-30 00:00:00 and `credit` = 0 and `is_gift` = 0 and `state` = 0 and `cashers`.`deleted_at` is null group by `orders`, `folder_id`) at C:\\Users\\saron\\Documents\\store\\BesicStore\\Natna Spot updated\\New folder (2)\\vendor\\illuminate\\database\\Connection.php:712)
[stacktrace]
#0 C:\\Users\\saron\\Documents\\store\\BesicStore\\Natna Spot updated\\New folder (2)\\vendor\\illuminate\\database\\Connection.php(672): Illuminate\\Database\\Connection->runQueryCallback('select `orders`...', Array, Object(Closure))
#1 C:\\Users\\saron\\Documents\\store\\BesicStore\\Natna Spot updated\\New folder (2)\\vendor\\illuminate\\database\\Connection.php(359): Illuminate\\Database\\Connection->run('select `orders`...', Array, Object(Closure))
#2 C:\\Users\\saron\\Documents\\store\\BesicStore\\Natna Spot updated\\New folder (2)\\vendor\\illuminate\\database\\Query\\Builder.php(2413): Illuminate\\Database\\Connection->select('select `orders`...', Array, true)
#3 C:\\Users\\saron\\Documents\\store\\BesicStore\\Natna Spot updated\\New folder (2)\\vendor\\illuminate\\database\\Query\\Builder.php(2402): Illuminate\\Database\\Query\\Builder->runSelect()
#4 C:\\Users\\saron\\Documents\\store\\BesicStore\\Natna Spot updated\\New folder (2)\\vendor\\illuminate\\database\\Query\\Builder.php(2936): Illuminate\\Database\\Query\\Builder->Illuminate\\Database\\Query\\{closure}()
#5 C:\\Users\\saron\\Documents\\store\\BesicStore\\Natna Spot updated\\New folder (2)\\vendor\\illuminate\\database\\Query\\Builder.php(2401): Illuminate\\Database\\Query\\Builder->onceWithColumns(Array, Object(Closure))
#6 C:\\Users\\saron\\Documents\\store\\BesicStore\\Natna Spot updated\\New folder (2)\\vendor\\illuminate\\database\\Eloquent\\Builder.php(625): Illuminate\\Database\\Query\\Builder->get(Array)
#7 C:\\Users\\saron\\Documents\\store\\BesicStore\\Natna Spot updated\\New folder (2)\\vendor\\illuminate\\database\\Eloquent\\Builder.php(609): Illuminate\\Database\\Eloquent\\Builder->getModels(Array)
#8 C:\\Users\\saron\\Documents\\store\\BesicStore\\Natna Spot updated\\New folder (2)\\app\\Http\\Controllers\\Casher\\CasherController.php(44): Illuminate\\Database\\Eloquent\\Builder->get()
#9 C:\\Users\\saron\\Documents\\store\\BesicStore\\Natna Spot updated\\New folder (2)\\vendor\\illuminate\\container\\BoundMethod.php(36): App\\Http\\Controllers\\Casher\\CasherController->index('', '2')
#10 C:\\Users\\saron\\Documents\\store\\BesicStore\\Natna Spot updated\\New folder (2)\\vendor\\illuminate\\container\\Util.php(40): Illuminate\\Container\\BoundMethod::Illuminate\\Container\\{closure}()
#11 C:\\Users\\saron\\Documents\\store\\BesicStore\\Natna Spot updated\\New folder (2)\\vendor\\illuminate\\container\\BoundMethod.php(93): Illuminate\\Container\\Util::unwrapIfClosure(Object(Closure))
#12 C:\\Users\\saron\\Documents\\store\\BesicStore\\Natna Spot updated\\New folder (2)\\vendor\\illuminate\\container\\BoundMethod.php(35): Illuminate\\Container\\BoundMethod::callBoundMethod(Object(Laravel\\Lumen\\Application), Array, Object(Closure))
#13 C:\\Users\\saron\\Documents\\store\\BesicStore\\Natna Spot updated\\New folder (2)\\vendor\\illuminate\\container\\Container.php(653): Illuminate\\Container\\BoundMethod::call(Object(Laravel\\Lumen\\Application), Array, Array, NULL)
#14 C:\\Users\\saron\\Documents\\store\\BesicStore\\Natna Spot updated\\New folder (2)\\vendor\\laravel\\lumen-framework\\src\\Concerns\\RoutesRequests.php(389): Illuminate\\Container\\Container->call(Array, Array)
#15 C:\\Users\\saron\\Documents\\store\\BesicStore\\Natna Spot updated\\New folder (2)\\vendor\\laravel\\lumen-framework\\src\\Concerns\\RoutesRequests.php(354): Laravel\\Lumen\\Application->callControllerCallable(Array, Array)
#16 C:\\Users\\saron\\Documents\\store\\BesicStore\\Natna Spot updated\\New folder (2)\\vendor\\laravel\\lumen-framework\\src\\Concerns\\RoutesRequests.php(329): Laravel\\Lumen\\Application->callLumenController(Object(App\\Http\\Controllers\\Casher\\CasherController), 'index', Array)
#17 C:\\Users\\saron\\Documents\\store\\BesicStore\\Natna Spot updated\\New folder (2)\\vendor\\laravel\\lumen-framework\\src\\Concerns\\RoutesRequests.php(282): Laravel\\Lumen\\Application->callControllerAction(Array)
#18 C:\\Users\\saron\\Documents\\store\\BesicStore\\Natna Spot updated\\New folder (2)\\vendor\\laravel\\lumen-framework\\src\\Concerns\\RoutesRequests.php(262): Laravel\\Lumen\\Application->callActionOnArrayBasedRoute(Array)
#19 C:\\Users\\saron\\Documents\\store\\BesicStore\\Natna Spot updated\\New folder (2)\\vendor\\laravel\\lumen-framework\\src\\Routing\\Pipeline.php(48): Laravel\\Lumen\\Application->Laravel\\Lumen\\Concerns\\{closure}(Object(Laravel\\Lumen\\Http\\Request))
#20 C:\\Users\\saron\\Documents\\store\\BesicStore\\Natna Spot updated\\New folder (2)\\app\\Http\\Middleware\\DoctorMiddleware.php(19): Laravel\\Lumen\\Routing\\Pipeline->Laravel\\Lumen\\Routing\\{closure}(Object(Laravel\\Lumen\\Http\\Request))
#21 C:\\Users\\saron\\Documents\\store\\BesicStore\\Natna Spot updated\\New folder (2)\\vendor\\illuminate\\pipeline\\Pipeline.php(167): App\\Http\\Middleware\\DoctorMiddleware->handle(Object(Laravel\\Lumen\\Http\\Request), Object(Closure))
#22 C:\\Users\\saron\\Documents\\store\\BesicStore\\Natna Spot updated\\New folder (2)\\vendor\\laravel\\lumen-framework\\src\\Routing\\Pipeline.php(30): Illuminate\\Pipeline\\Pipeline->Illuminate\\Pipeline\\{closure}(Object(Laravel\\Lumen\\Http\\Request))
#23 C:\\Users\\saron\\Documents\\store\\BesicStore\\Natna Spot updated\\New folder (2)\\app\\Http\\Middleware\\AdminMiddleware.php(21): Laravel\\Lumen\\Routing\\Pipeline->Laravel\\Lumen\\Routing\\{closure}(Object(Laravel\\Lumen\\Http\\Request))
#24 C:\\Users\\saron\\Documents\\store\\BesicStore\\Natna Spot updated\\New folder (2)\\vendor\\illuminate\\pipeline\\Pipeline.php(167): App\\Http\\Middleware\\AdminMiddleware->handle(Object(Laravel\\Lumen\\Http\\Request), Object(Closure))
#25 C:\\Users\\saron\\Documents\\store\\BesicStore\\Natna Spot updated\\New folder (2)\\vendor\\laravel\\lumen-framework\\src\\Routing\\Pipeline.php(30): Illuminate\\Pipeline\\Pipeline->Illuminate\\Pipeline\\{closure}(Object(Laravel\\Lumen\\Http\\Request))
#26 C:\\Users\\saron\\Documents\\store\\BesicStore\\Natna Spot updated\\New folder (2)\\app\\Http\\Middleware\\Authenticate.php(42): Laravel\\Lumen\\Routing\\Pipeline->Laravel\\Lumen\\Routing\\{closure}(Object(Laravel\\Lumen\\Http\\Request))
#27 C:\\Users\\saron\\Documents\\store\\BesicStore\\Natna Spot updated\\New folder (2)\\vendor\\illuminate\\pipeline\\Pipeline.php(167): App\\Http\\Middleware\\Authenticate->handle(Object(Laravel\\Lumen\\Http\\Request), Object(Closure))
#28 C:\\Users\\saron\\Documents\\store\\BesicStore\\Natna Spot updated\\New folder (2)\\vendor\\laravel\\lumen-framework\\src\\Routing\\Pipeline.php(30): Illuminate\\Pipeline\\Pipeline->Illuminate\\Pipeline\\{closure}(Object(Laravel\\Lumen\\Http\\Request))
#29 C:\\Users\\saron\\Documents\\store\\BesicStore\\Natna Spot updated\\New folder (2)\\vendor\\illuminate\\pipeline\\Pipeline.php(103): Laravel\\Lumen\\Routing\\Pipeline->Laravel\\Lumen\\Routing\\{closure}(Object(Laravel\\Lumen\\Http\\Request))
#30 C:\\Users\\saron\\Documents\\store\\BesicStore\\Natna Spot updated\\New folder (2)\\vendor\\laravel\\lumen-framework\\src\\Concerns\\RoutesRequests.php(426): Illuminate\\Pipeline\\Pipeline->then(Object(Closure))
#31 C:\\Users\\saron\\Documents\\store\\BesicStore\\Natna Spot updated\\New folder (2)\\vendor\\laravel\\lumen-framework\\src\\Concerns\\RoutesRequests.php(261): Laravel\\Lumen\\Application->sendThroughPipeline(Array, Object(Closure))
#32 C:\\Users\\saron\\Documents\\store\\BesicStore\\Natna Spot updated\\New folder (2)\\vendor\\laravel\\lumen-framework\\src\\Concerns\\RoutesRequests.php(237): Laravel\\Lumen\\Application->handleFoundRoute(Array)
#33 C:\\Users\\saron\\Documents\\store\\BesicStore\\Natna Spot updated\\New folder (2)\\vendor\\laravel\\lumen-framework\\src\\Concerns\\RoutesRequests.php(172): Laravel\\Lumen\\Application->handleDispatcherResponse(Array)
#34 C:\\Users\\saron\\Documents\\store\\BesicStore\\Natna Spot updated\\New folder (2)\\vendor\\laravel\\lumen-framework\\src\\Routing\\Pipeline.php(48): Laravel\\Lumen\\Application->Laravel\\Lumen\\Concerns\\{closure}(Object(Laravel\\Lumen\\Http\\Request))
#35 C:\\Users\\saron\\Documents\\store\\BesicStore\\Natna Spot updated\\New folder (2)\\app\\Http\\Middleware\\CorsMiddleware.php(38): Laravel\\Lumen\\Routing\\Pipeline->Laravel\\Lumen\\Routing\\{closure}(Object(Laravel\\Lumen\\Http\\Request))
#36 C:\\Users\\saron\\Documents\\store\\BesicStore\\Natna Spot updated\\New folder (2)\\vendor\\illuminate\\pipeline\\Pipeline.php(167): App\\Http\\Middleware\\CorsMiddleware->handle(Object(Laravel\\Lumen\\Http\\Request), Object(Closure))
#37 C:\\Users\\saron\\Documents\\store\\BesicStore\\Natna Spot updated\\New folder (2)\\vendor\\laravel\\lumen-framework\\src\\Routing\\Pipeline.php(30): Illuminate\\Pipeline\\Pipeline->Illuminate\\Pipeline\\{closure}(Object(Laravel\\Lumen\\Http\\Request))
#38 C:\\Users\\saron\\Documents\\store\\BesicStore\\Natna Spot updated\\New folder (2)\\vendor\\illuminate\\pipeline\\Pipeline.php(103): Laravel\\Lumen\\Routing\\Pipeline->Laravel\\Lumen\\Routing\\{closure}(Object(Laravel\\Lumen\\Http\\Request))
#39 C:\\Users\\saron\\Documents\\store\\BesicStore\\Natna Spot updated\\New folder (2)\\vendor\\laravel\\lumen-framework\\src\\Concerns\\RoutesRequests.php(426): Illuminate\\Pipeline\\Pipeline->then(Object(Closure))
#40 C:\\Users\\saron\\Documents\\store\\BesicStore\\Natna Spot updated\\New folder (2)\\vendor\\laravel\\lumen-framework\\src\\Concerns\\RoutesRequests.php(165): Laravel\\Lumen\\Application->sendThroughPipeline(Array, Object(Closure))
#41 C:\\Users\\saron\\Documents\\store\\BesicStore\\Natna Spot updated\\New folder (2)\\vendor\\laravel\\lumen-framework\\src\\Concerns\\RoutesRequests.php(112): Laravel\\Lumen\\Application->dispatch(NULL)
#42 C:\\Users\\saron\\Documents\\store\\BesicStore\\Natna Spot updated\\New folder (2)\\public\\index.php(28): Laravel\\Lumen\\Application->run()
#43 {main}

[previous exception] [object] (PDOException(code: 42S22): SQLSTATE[42S22]: Column not found: 1054 Unknown column 'waite' in 'where clause' at C:\\Users\\saron\\Documents\\store\\BesicStore\\Natna Spot updated\\New folder (2)\\vendor\\illuminate\\database\\Connection.php:368)
[stacktrace]
#0 C:\\Users\\saron\\Documents\\store\\BesicStore\\Natna Spot updated\\New folder (2)\\vendor\\illuminate\\database\\Connection.php(368): PDO->prepare('select `orders`...')
#1 C:\\Users\\saron\\Documents\\store\\BesicStore\\Natna Spot updated\\New folder (2)\\vendor\\illuminate\\database\\Connection.php(705): Illuminate\\Database\\Connection->Illuminate\\Database\\{closure}('select `orders`...', Array)
#2 C:\\Users\\saron\\Documents\\store\\BesicStore\\Natna Spot updated\\New folder (2)\\vendor\\illuminate\\database\\Connection.php(672): Illuminate\\Database\\Connection->runQueryCallback('select `orders`...', Array, Object(Closure))
#3 C:\\Users\\saron\\Documents\\store\\BesicStore\\Natna Spot updated\\New folder (2)\\vendor\\illuminate\\database\\Connection.php(359): Illuminate\\Database\\Connection->run('select `orders`...', Array, Object(Closure))
#4 C:\\Users\\saron\\Documents\\store\\BesicStore\\Natna Spot updated\\New folder (2)\\vendor\\illuminate\\database\\Query\\Builder.php(2413): Illuminate\\Database\\Connection->select('select `orders`...', Array, true)
#5 C:\\Users\\saron\\Documents\\store\\BesicStore\\Natna Spot updated\\New folder (2)\\vendor\\illuminate\\database\\Query\\Builder.php(2402): Illuminate\\Database\\Query\\Builder->runSelect()
#6 C:\\Users\\saron\\Documents\\store\\BesicStore\\Natna Spot updated\\New folder (2)\\vendor\\illuminate\\database\\Query\\Builder.php(2936): Illuminate\\Database\\Query\\Builder->Illuminate\\Database\\Query\\{closure}()
#7 C:\\Users\\saron\\Documents\\store\\BesicStore\\Natna Spot updated\\New folder (2)\\vendor\\illuminate\\database\\Query\\Builder.php(2401): Illuminate\\Database\\Query\\Builder->onceWithColumns(Array, Object(Closure))
#8 C:\\Users\\saron\\Documents\\store\\BesicStore\\Natna Spot updated\\New folder (2)\\vendor\\illuminate\\database\\Eloquent\\Builder.php(625): Illuminate\\Database\\Query\\Builder->get(Array)
#9 C:\\Users\\saron\\Documents\\store\\BesicStore\\Natna Spot updated\\New folder (2)\\vendor\\illuminate\\database\\Eloquent\\Builder.php(609): Illuminate\\Database\\Eloquent\\Builder->getModels(Array)
#10 C:\\Users\\saron\\Documents\\store\\BesicStore\\Natna Spot updated\\New folder (2)\\app\\Http\\Controllers\\Casher\\CasherController.php(44): Illuminate\\Database\\Eloquent\\Builder->get()
#11 C:\\Users\\saron\\Documents\\store\\BesicStore\\Natna Spot updated\\New folder (2)\\vendor\\illuminate\\container\\BoundMethod.php(36): App\\Http\\Controllers\\Casher\\CasherController->index('', '2')
#12 C:\\Users\\saron\\Documents\\store\\BesicStore\\Natna Spot updated\\New folder (2)\\vendor\\illuminate\\container\\Util.php(40): Illuminate\\Container\\BoundMethod::Illuminate\\Container\\{closure}()
#13 C:\\Users\\saron\\Documents\\store\\BesicStore\\Natna Spot updated\\New folder (2)\\vendor\\illuminate\\container\\BoundMethod.php(93): Illuminate\\Container\\Util::unwrapIfClosure(Object(Closure))
#14 C:\\Users\\saron\\Documents\\store\\BesicStore\\Natna Spot updated\\New folder (2)\\vendor\\illuminate\\container\\BoundMethod.php(35): Illuminate\\Container\\BoundMethod::callBoundMethod(Object(Laravel\\Lumen\\Application), Array, Object(Closure))
#15 C:\\Users\\saron\\Documents\\store\\BesicStore\\Natna Spot updated\\New folder (2)\\vendor\\illuminate\\container\\Container.php(653): Illuminate\\Container\\BoundMethod::call(Object(Laravel\\Lumen\\Application), Array, Array, NULL)
#16 C:\\Users\\saron\\Documents\\store\\BesicStore\\Natna Spot updated\\New folder (2)\\vendor\\laravel\\lumen-framework\\src\\Concerns\\RoutesRequests.php(389): Illuminate\\Container\\Container->call(Array, Array)
#17 C:\\Users\\saron\\Documents\\store\\BesicStore\\Natna Spot updated\\New folder (2)\\vendor\\laravel\\lumen-framework\\src\\Concerns\\RoutesRequests.php(354): Laravel\\Lumen\\Application->callControllerCallable(Array, Array)
#18 C:\\Users\\saron\\Documents\\store\\BesicStore\\Natna Spot updated\\New folder (2)\\vendor\\laravel\\lumen-framework\\src\\Concerns\\RoutesRequests.php(329): Laravel\\Lumen\\Application->callLumenController(Object(App\\Http\\Controllers\\Casher\\CasherController), 'index', Array)
#19 C:\\Users\\saron\\Documents\\store\\BesicStore\\Natna Spot updated\\New folder (2)\\vendor\\laravel\\lumen-framework\\src\\Concerns\\RoutesRequests.php(282): Laravel\\Lumen\\Application->callControllerAction(Array)
#20 C:\\Users\\saron\\Documents\\store\\BesicStore\\Natna Spot updated\\New folder (2)\\vendor\\laravel\\lumen-framework\\src\\Concerns\\RoutesRequests.php(262): Laravel\\Lumen\\Application->callActionOnArrayBasedRoute(Array)
#21 C:\\Users\\saron\\Documents\\store\\BesicStore\\Natna Spot updated\\New folder (2)\\vendor\\laravel\\lumen-framework\\src\\Routing\\Pipeline.php(48): Laravel\\Lumen\\Application->Laravel\\Lumen\\Concerns\\{closure}(Object(Laravel\\Lumen\\Http\\Request))
#22 C:\\Users\\saron\\Documents\\store\\BesicStore\\Natna Spot updated\\New folder (2)\\app\\Http\\Middleware\\DoctorMiddleware.php(19): Laravel\\Lumen\\Routing\\Pipeline->Laravel\\Lumen\\Routing\\{closure}(Object(Laravel\\Lumen\\Http\\Request))
#23 C:\\Users\\saron\\Documents\\store\\BesicStore\\Natna Spot updated\\New folder (2)\\vendor\\illuminate\\pipeline\\Pipeline.php(167): App\\Http\\Middleware\\DoctorMiddleware->handle(Object(Laravel\\Lumen\\Http\\Request), Object(Closure))
#24 C:\\Users\\saron\\Documents\\store\\BesicStore\\Natna Spot updated\\New folder (2)\\vendor\\laravel\\lumen-framework\\src\\Routing\\Pipeline.php(30): Illuminate\\Pipeline\\Pipeline->Illuminate\\Pipeline\\{closure}(Object(Laravel\\Lumen\\Http\\Request))
#25 C:\\Users\\saron\\Documents\\store\\BesicStore\\Natna Spot updated\\New folder (2)\\app\\Http\\Middleware\\AdminMiddleware.php(21): Laravel\\Lumen\\Routing\\Pipeline->Laravel\\Lumen\\Routing\\{closure}(Object(Laravel\\Lumen\\Http\\Request))
#26 C:\\Users\\saron\\Documents\\store\\BesicStore\\Natna Spot updated\\New folder (2)\\vendor\\illuminate\\pipeline\\Pipeline.php(167): App\\Http\\Middleware\\AdminMiddleware->handle(Object(Laravel\\Lumen\\Http\\Request), Object(Closure))
#27 C:\\Users\\saron\\Documents\\store\\BesicStore\\Natna Spot updated\\New folder (2)\\vendor\\laravel\\lumen-framework\\src\\Routing\\Pipeline.php(30): Illuminate\\Pipeline\\Pipeline->Illuminate\\Pipeline\\{closure}(Object(Laravel\\Lumen\\Http\\Request))
#28 C:\\Users\\saron\\Documents\\store\\BesicStore\\Natna Spot updated\\New folder (2)\\app\\Http\\Middleware\\Authenticate.php(42): Laravel\\Lumen\\Routing\\Pipeline->Laravel\\Lumen\\Routing\\{closure}(Object(Laravel\\Lumen\\Http\\Request))
#29 C:\\Users\\saron\\Documents\\store\\BesicStore\\Natna Spot updated\\New folder (2)\\vendor\\illuminate\\pipeline\\Pipeline.php(167): App\\Http\\Middleware\\Authenticate->handle(Object(Laravel\\Lumen\\Http\\Request), Object(Closure))
#30 C:\\Users\\saron\\Documents\\store\\BesicStore\\Natna Spot updated\\New folder (2)\\vendor\\laravel\\lumen-framework\\src\\Routing\\Pipeline.php(30): Illuminate\\Pipeline\\Pipeline->Illuminate\\Pipeline\\{closure}(Object(Laravel\\Lumen\\Http\\Request))
#31 C:\\Users\\saron\\Documents\\store\\BesicStore\\Natna Spot updated\\New folder (2)\\vendor\\illuminate\\pipeline\\Pipeline.php(103): Laravel\\Lumen\\Routing\\Pipeline->Laravel\\Lumen\\Routing\\{closure}(Object(Laravel\\Lumen\\Http\\Request))
#32 C:\\Users\\saron\\Documents\\store\\BesicStore\\Natna Spot updated\\New folder (2)\\vendor\\laravel\\lumen-framework\\src\\Concerns\\RoutesRequests.php(426): Illuminate\\Pipeline\\Pipeline->then(Object(Closure))
#33 C:\\Users\\saron\\Documents\\store\\BesicStore\\Natna Spot updated\\New folder (2)\\vendor\\laravel\\lumen-framework\\src\\Concerns\\RoutesRequests.php(261): Laravel\\Lumen\\Application->sendThroughPipeline(Array, Object(Closure))
#34 C:\\Users\\saron\\Documents\\store\\BesicStore\\Natna Spot updated\\New folder (2)\\vendor\\laravel\\lumen-framework\\src\\Concerns\\RoutesRequests.php(237): Laravel\\Lumen\\Application->handleFoundRoute(Array)
#35 C:\\Users\\saron\\Documents\\store\\BesicStore\\Natna Spot updated\\New folder (2)\\vendor\\laravel\\lumen-framework\\src\\Concerns\\RoutesRequests.php(172): Laravel\\Lumen\\Application->handleDispatcherResponse(Array)
#36 C:\\Users\\saron\\Documents\\store\\BesicStore\\Natna Spot updated\\New folder (2)\\vendor\\laravel\\lumen-framework\\src\\Routing\\Pipeline.php(48): Laravel\\Lumen\\Application->Laravel\\Lumen\\Concerns\\{closure}(Object(Laravel\\Lumen\\Http\\Request))
#37 C:\\Users\\saron\\Documents\\store\\BesicStore\\Natna Spot updated\\New folder (2)\\app\\Http\\Middleware\\CorsMiddleware.php(38): Laravel\\Lumen\\Routing\\Pipeline->Laravel\\Lumen\\Routing\\{closure}(Object(Laravel\\Lumen\\Http\\Request))
#38 C:\\Users\\saron\\Documents\\store\\BesicStore\\Natna Spot updated\\New folder (2)\\vendor\\illuminate\\pipeline\\Pipeline.php(167): App\\Http\\Middleware\\CorsMiddleware->handle(Object(Laravel\\Lumen\\Http\\Request), Object(Closure))
#39 C:\\Users\\saron\\Documents\\store\\BesicStore\\Natna Spot updated\\New folder (2)\\vendor\\laravel\\lumen-framework\\src\\Routing\\Pipeline.php(30): Illuminate\\Pipeline\\Pipeline->Illuminate\\Pipeline\\{closure}(Object(Laravel\\Lumen\\Http\\Request))
#40 C:\\Users\\saron\\Documents\\store\\BesicStore\\Natna Spot updated\\New folder (2)\\vendor\\illuminate\\pipeline\\Pipeline.php(103): Laravel\\Lumen\\Routing\\Pipeline->Laravel\\Lumen\\Routing\\{closure}(Object(Laravel\\Lumen\\Http\\Request))
#41 C:\\Users\\saron\\Documents\\store\\BesicStore\\Natna Spot updated\\New folder (2)\\vendor\\laravel\\lumen-framework\\src\\Concerns\\RoutesRequests.php(426): Illuminate\\Pipeline\\Pipeline->then(Object(Closure))
#42 C:\\Users\\saron\\Documents\\store\\BesicStore\\Natna Spot updated\\New folder (2)\\vendor\\laravel\\lumen-framework\\src\\Concerns\\RoutesRequests.php(165): Laravel\\Lumen\\Application->sendThroughPipeline(Array, Object(Closure))
#43 C:\\Users\\saron\\Documents\\store\\BesicStore\\Natna Spot updated\\New folder (2)\\vendor\\laravel\\lumen-framework\\src\\Concerns\\RoutesRequests.php(112): Laravel\\Lumen\\Application->dispatch(NULL)
#44 C:\\Users\\saron\\Documents\\store\\BesicStore\\Natna Spot updated\\New folder (2)\\public\\index.php(28): Laravel\\Lumen\\Application->run()
#45 {main}
"} 
[2024-09-30 13:21:51] remote.ERROR: [] operator not supported for strings {"exception":"[object] (Error(code: 0): [] operator not supported for strings at C:\\Users\\saron\\Documents\\store\\BesicStore\\Natna Spot updated\\New folder (2)\\app\\Http\\Controllers\\Casher\\CasherController.php:32)
[stacktrace]
#0 C:\\Users\\saron\\Documents\\store\\BesicStore\\Natna Spot updated\\New folder (2)\\vendor\\illuminate\\container\\BoundMethod.php(36): App\\Http\\Controllers\\Casher\\CasherController->index('', '2')
#1 C:\\Users\\saron\\Documents\\store\\BesicStore\\Natna Spot updated\\New folder (2)\\vendor\\illuminate\\container\\Util.php(40): Illuminate\\Container\\BoundMethod::Illuminate\\Container\\{closure}()
#2 C:\\Users\\saron\\Documents\\store\\BesicStore\\Natna Spot updated\\New folder (2)\\vendor\\illuminate\\container\\BoundMethod.php(93): Illuminate\\Container\\Util::unwrapIfClosure(Object(Closure))
#3 C:\\Users\\saron\\Documents\\store\\BesicStore\\Natna Spot updated\\New folder (2)\\vendor\\illuminate\\container\\BoundMethod.php(35): Illuminate\\Container\\BoundMethod::callBoundMethod(Object(Laravel\\Lumen\\Application), Array, Object(Closure))
#4 C:\\Users\\saron\\Documents\\store\\BesicStore\\Natna Spot updated\\New folder (2)\\vendor\\illuminate\\container\\Container.php(653): Illuminate\\Container\\BoundMethod::call(Object(Laravel\\Lumen\\Application), Array, Array, NULL)
#5 C:\\Users\\saron\\Documents\\store\\BesicStore\\Natna Spot updated\\New folder (2)\\vendor\\laravel\\lumen-framework\\src\\Concerns\\RoutesRequests.php(389): Illuminate\\Container\\Container->call(Array, Array)
#6 C:\\Users\\saron\\Documents\\store\\BesicStore\\Natna Spot updated\\New folder (2)\\vendor\\laravel\\lumen-framework\\src\\Concerns\\RoutesRequests.php(354): Laravel\\Lumen\\Application->callControllerCallable(Array, Array)
#7 C:\\Users\\saron\\Documents\\store\\BesicStore\\Natna Spot updated\\New folder (2)\\vendor\\laravel\\lumen-framework\\src\\Concerns\\RoutesRequests.php(329): Laravel\\Lumen\\Application->callLumenController(Object(App\\Http\\Controllers\\Casher\\CasherController), 'index', Array)
#8 C:\\Users\\saron\\Documents\\store\\BesicStore\\Natna Spot updated\\New folder (2)\\vendor\\laravel\\lumen-framework\\src\\Concerns\\RoutesRequests.php(282): Laravel\\Lumen\\Application->callControllerAction(Array)
#9 C:\\Users\\saron\\Documents\\store\\BesicStore\\Natna Spot updated\\New folder (2)\\vendor\\laravel\\lumen-framework\\src\\Concerns\\RoutesRequests.php(262): Laravel\\Lumen\\Application->callActionOnArrayBasedRoute(Array)
#10 C:\\Users\\saron\\Documents\\store\\BesicStore\\Natna Spot updated\\New folder (2)\\vendor\\laravel\\lumen-framework\\src\\Routing\\Pipeline.php(48): Laravel\\Lumen\\Application->Laravel\\Lumen\\Concerns\\{closure}(Object(Laravel\\Lumen\\Http\\Request))
#11 C:\\Users\\saron\\Documents\\store\\BesicStore\\Natna Spot updated\\New folder (2)\\app\\Http\\Middleware\\DoctorMiddleware.php(19): Laravel\\Lumen\\Routing\\Pipeline->Laravel\\Lumen\\Routing\\{closure}(Object(Laravel\\Lumen\\Http\\Request))
#12 C:\\Users\\saron\\Documents\\store\\BesicStore\\Natna Spot updated\\New folder (2)\\vendor\\illuminate\\pipeline\\Pipeline.php(167): App\\Http\\Middleware\\DoctorMiddleware->handle(Object(Laravel\\Lumen\\Http\\Request), Object(Closure))
#13 C:\\Users\\saron\\Documents\\store\\BesicStore\\Natna Spot updated\\New folder (2)\\vendor\\laravel\\lumen-framework\\src\\Routing\\Pipeline.php(30): Illuminate\\Pipeline\\Pipeline->Illuminate\\Pipeline\\{closure}(Object(Laravel\\Lumen\\Http\\Request))
#14 C:\\Users\\saron\\Documents\\store\\BesicStore\\Natna Spot updated\\New folder (2)\\app\\Http\\Middleware\\AdminMiddleware.php(21): Laravel\\Lumen\\Routing\\Pipeline->Laravel\\Lumen\\Routing\\{closure}(Object(Laravel\\Lumen\\Http\\Request))
#15 C:\\Users\\saron\\Documents\\store\\BesicStore\\Natna Spot updated\\New folder (2)\\vendor\\illuminate\\pipeline\\Pipeline.php(167): App\\Http\\Middleware\\AdminMiddleware->handle(Object(Laravel\\Lumen\\Http\\Request), Object(Closure))
#16 C:\\Users\\saron\\Documents\\store\\BesicStore\\Natna Spot updated\\New folder (2)\\vendor\\laravel\\lumen-framework\\src\\Routing\\Pipeline.php(30): Illuminate\\Pipeline\\Pipeline->Illuminate\\Pipeline\\{closure}(Object(Laravel\\Lumen\\Http\\Request))
#17 C:\\Users\\saron\\Documents\\store\\BesicStore\\Natna Spot updated\\New folder (2)\\app\\Http\\Middleware\\Authenticate.php(42): Laravel\\Lumen\\Routing\\Pipeline->Laravel\\Lumen\\Routing\\{closure}(Object(Laravel\\Lumen\\Http\\Request))
#18 C:\\Users\\saron\\Documents\\store\\BesicStore\\Natna Spot updated\\New folder (2)\\vendor\\illuminate\\pipeline\\Pipeline.php(167): App\\Http\\Middleware\\Authenticate->handle(Object(Laravel\\Lumen\\Http\\Request), Object(Closure))
#19 C:\\Users\\saron\\Documents\\store\\BesicStore\\Natna Spot updated\\New folder (2)\\vendor\\laravel\\lumen-framework\\src\\Routing\\Pipeline.php(30): Illuminate\\Pipeline\\Pipeline->Illuminate\\Pipeline\\{closure}(Object(Laravel\\Lumen\\Http\\Request))
#20 C:\\Users\\saron\\Documents\\store\\BesicStore\\Natna Spot updated\\New folder (2)\\vendor\\illuminate\\pipeline\\Pipeline.php(103): Laravel\\Lumen\\Routing\\Pipeline->Laravel\\Lumen\\Routing\\{closure}(Object(Laravel\\Lumen\\Http\\Request))
#21 C:\\Users\\saron\\Documents\\store\\BesicStore\\Natna Spot updated\\New folder (2)\\vendor\\laravel\\lumen-framework\\src\\Concerns\\RoutesRequests.php(426): Illuminate\\Pipeline\\Pipeline->then(Object(Closure))
#22 C:\\Users\\saron\\Documents\\store\\BesicStore\\Natna Spot updated\\New folder (2)\\vendor\\laravel\\lumen-framework\\src\\Concerns\\RoutesRequests.php(261): Laravel\\Lumen\\Application->sendThroughPipeline(Array, Object(Closure))
#23 C:\\Users\\saron\\Documents\\store\\BesicStore\\Natna Spot updated\\New folder (2)\\vendor\\laravel\\lumen-framework\\src\\Concerns\\RoutesRequests.php(237): Laravel\\Lumen\\Application->handleFoundRoute(Array)
#24 C:\\Users\\saron\\Documents\\store\\BesicStore\\Natna Spot updated\\New folder (2)\\vendor\\laravel\\lumen-framework\\src\\Concerns\\RoutesRequests.php(172): Laravel\\Lumen\\Application->handleDispatcherResponse(Array)
#25 C:\\Users\\saron\\Documents\\store\\BesicStore\\Natna Spot updated\\New folder (2)\\vendor\\laravel\\lumen-framework\\src\\Routing\\Pipeline.php(48): Laravel\\Lumen\\Application->Laravel\\Lumen\\Concerns\\{closure}(Object(Laravel\\Lumen\\Http\\Request))
#26 C:\\Users\\saron\\Documents\\store\\BesicStore\\Natna Spot updated\\New folder (2)\\app\\Http\\Middleware\\CorsMiddleware.php(38): Laravel\\Lumen\\Routing\\Pipeline->Laravel\\Lumen\\Routing\\{closure}(Object(Laravel\\Lumen\\Http\\Request))
#27 C:\\Users\\saron\\Documents\\store\\BesicStore\\Natna Spot updated\\New folder (2)\\vendor\\illuminate\\pipeline\\Pipeline.php(167): App\\Http\\Middleware\\CorsMiddleware->handle(Object(Laravel\\Lumen\\Http\\Request), Object(Closure))
#28 C:\\Users\\saron\\Documents\\store\\BesicStore\\Natna Spot updated\\New folder (2)\\vendor\\laravel\\lumen-framework\\src\\Routing\\Pipeline.php(30): Illuminate\\Pipeline\\Pipeline->Illuminate\\Pipeline\\{closure}(Object(Laravel\\Lumen\\Http\\Request))
#29 C:\\Users\\saron\\Documents\\store\\BesicStore\\Natna Spot updated\\New folder (2)\\vendor\\illuminate\\pipeline\\Pipeline.php(103): Laravel\\Lumen\\Routing\\Pipeline->Laravel\\Lumen\\Routing\\{closure}(Object(Laravel\\Lumen\\Http\\Request))
#30 C:\\Users\\saron\\Documents\\store\\BesicStore\\Natna Spot updated\\New folder (2)\\vendor\\laravel\\lumen-framework\\src\\Concerns\\RoutesRequests.php(426): Illuminate\\Pipeline\\Pipeline->then(Object(Closure))
#31 C:\\Users\\saron\\Documents\\store\\BesicStore\\Natna Spot updated\\New folder (2)\\vendor\\laravel\\lumen-framework\\src\\Concerns\\RoutesRequests.php(165): Laravel\\Lumen\\Application->sendThroughPipeline(Array, Object(Closure))
#32 C:\\Users\\saron\\Documents\\store\\BesicStore\\Natna Spot updated\\New folder (2)\\vendor\\laravel\\lumen-framework\\src\\Concerns\\RoutesRequests.php(112): Laravel\\Lumen\\Application->dispatch(NULL)
#33 C:\\Users\\saron\\Documents\\store\\BesicStore\\Natna Spot updated\\New folder (2)\\public\\index.php(28): Laravel\\Lumen\\Application->run()
#34 {main}
"} 
[2024-09-30 13:22:27] remote.ERROR: Too few arguments to function Illuminate\Database\Query\Builder::where(), 0 passed in C:\Users\saron\Documents\store\BesicStore\Natna Spot updated\New folder (2)\vendor\illuminate\database\Query\Builder.php on line 797 and at least 1 expected {"exception":"[object] (ArgumentCountError(code: 0): Too few arguments to function Illuminate\\Database\\Query\\Builder::where(), 0 passed in C:\\Users\\saron\\Documents\\store\\BesicStore\\Natna Spot updated\\New folder (2)\\vendor\\illuminate\\database\\Query\\Builder.php on line 797 and at least 1 expected at C:\\Users\\saron\\Documents\\store\\BesicStore\\Natna Spot updated\\New folder (2)\\vendor\\illuminate\\database\\Query\\Builder.php:699)
[stacktrace]
#0 C:\\Users\\saron\\Documents\\store\\BesicStore\\Natna Spot updated\\New folder (2)\\vendor\\illuminate\\database\\Query\\Builder.php(797): Illuminate\\Database\\Query\\Builder->where()
#1 [internal function]: Illuminate\\Database\\Query\\Builder->Illuminate\\Database\\Query\\{closure}(Object(Illuminate\\Database\\Query\\Builder))
#2 C:\\Users\\saron\\Documents\\store\\BesicStore\\Natna Spot updated\\New folder (2)\\vendor\\illuminate\\database\\Query\\Builder.php(1510): call_user_func(Object(Closure), Object(Illuminate\\Database\\Query\\Builder))
#3 C:\\Users\\saron\\Documents\\store\\BesicStore\\Natna Spot updated\\New folder (2)\\vendor\\illuminate\\database\\Query\\Builder.php(794): Illuminate\\Database\\Query\\Builder->whereNested(Object(Closure), 'and')
#4 C:\\Users\\saron\\Documents\\store\\BesicStore\\Natna Spot updated\\New folder (2)\\vendor\\illuminate\\database\\Query\\Builder.php(705): Illuminate\\Database\\Query\\Builder->addArrayOfWheres(Array, 'and')
#5 C:\\Users\\saron\\Documents\\store\\BesicStore\\Natna Spot updated\\New folder (2)\\vendor\\illuminate\\database\\Eloquent\\Builder.php(281): Illuminate\\Database\\Query\\Builder->where(Array)
#6 C:\\Users\\saron\\Documents\\store\\BesicStore\\Natna Spot updated\\New folder (2)\\vendor\\illuminate\\support\\Traits\\ForwardsCalls.php(23): Illuminate\\Database\\Eloquent\\Builder->where(Array)
#7 C:\\Users\\saron\\Documents\\store\\BesicStore\\Natna Spot updated\\New folder (2)\\vendor\\illuminate\\database\\Eloquent\\Model.php(2132): Illuminate\\Database\\Eloquent\\Model->forwardCallTo(Object(Illuminate\\Database\\Eloquent\\Builder), 'where', Array)
#8 C:\\Users\\saron\\Documents\\store\\BesicStore\\Natna Spot updated\\New folder (2)\\vendor\\illuminate\\database\\Eloquent\\Model.php(2144): Illuminate\\Database\\Eloquent\\Model->__call('where', Array)
#9 C:\\Users\\saron\\Documents\\store\\BesicStore\\Natna Spot updated\\New folder (2)\\app\\Http\\Controllers\\Casher\\CasherController.php(50): Illuminate\\Database\\Eloquent\\Model::__callStatic('where', Array)
#10 C:\\Users\\saron\\Documents\\store\\BesicStore\\Natna Spot updated\\New folder (2)\\vendor\\illuminate\\container\\BoundMethod.php(36): App\\Http\\Controllers\\Casher\\CasherController->index('', '2')
#11 C:\\Users\\saron\\Documents\\store\\BesicStore\\Natna Spot updated\\New folder (2)\\vendor\\illuminate\\container\\Util.php(40): Illuminate\\Container\\BoundMethod::Illuminate\\Container\\{closure}()
#12 C:\\Users\\saron\\Documents\\store\\BesicStore\\Natna Spot updated\\New folder (2)\\vendor\\illuminate\\container\\BoundMethod.php(93): Illuminate\\Container\\Util::unwrapIfClosure(Object(Closure))
#13 C:\\Users\\saron\\Documents\\store\\BesicStore\\Natna Spot updated\\New folder (2)\\vendor\\illuminate\\container\\BoundMethod.php(35): Illuminate\\Container\\BoundMethod::callBoundMethod(Object(Laravel\\Lumen\\Application), Array, Object(Closure))
#14 C:\\Users\\saron\\Documents\\store\\BesicStore\\Natna Spot updated\\New folder (2)\\vendor\\illuminate\\container\\Container.php(653): Illuminate\\Container\\BoundMethod::call(Object(Laravel\\Lumen\\Application), Array, Array, NULL)
#15 C:\\Users\\saron\\Documents\\store\\BesicStore\\Natna Spot updated\\New folder (2)\\vendor\\laravel\\lumen-framework\\src\\Concerns\\RoutesRequests.php(389): Illuminate\\Container\\Container->call(Array, Array)
#16 C:\\Users\\saron\\Documents\\store\\BesicStore\\Natna Spot updated\\New folder (2)\\vendor\\laravel\\lumen-framework\\src\\Concerns\\RoutesRequests.php(354): Laravel\\Lumen\\Application->callControllerCallable(Array, Array)
#17 C:\\Users\\saron\\Documents\\store\\BesicStore\\Natna Spot updated\\New folder (2)\\vendor\\laravel\\lumen-framework\\src\\Concerns\\RoutesRequests.php(329): Laravel\\Lumen\\Application->callLumenController(Object(App\\Http\\Controllers\\Casher\\CasherController), 'index', Array)
#18 C:\\Users\\saron\\Documents\\store\\BesicStore\\Natna Spot updated\\New folder (2)\\vendor\\laravel\\lumen-framework\\src\\Concerns\\RoutesRequests.php(282): Laravel\\Lumen\\Application->callControllerAction(Array)
#19 C:\\Users\\saron\\Documents\\store\\BesicStore\\Natna Spot updated\\New folder (2)\\vendor\\laravel\\lumen-framework\\src\\Concerns\\RoutesRequests.php(262): Laravel\\Lumen\\Application->callActionOnArrayBasedRoute(Array)
#20 C:\\Users\\saron\\Documents\\store\\BesicStore\\Natna Spot updated\\New folder (2)\\vendor\\laravel\\lumen-framework\\src\\Routing\\Pipeline.php(48): Laravel\\Lumen\\Application->Laravel\\Lumen\\Concerns\\{closure}(Object(Laravel\\Lumen\\Http\\Request))
#21 C:\\Users\\saron\\Documents\\store\\BesicStore\\Natna Spot updated\\New folder (2)\\app\\Http\\Middleware\\DoctorMiddleware.php(19): Laravel\\Lumen\\Routing\\Pipeline->Laravel\\Lumen\\Routing\\{closure}(Object(Laravel\\Lumen\\Http\\Request))
#22 C:\\Users\\saron\\Documents\\store\\BesicStore\\Natna Spot updated\\New folder (2)\\vendor\\illuminate\\pipeline\\Pipeline.php(167): App\\Http\\Middleware\\DoctorMiddleware->handle(Object(Laravel\\Lumen\\Http\\Request), Object(Closure))
#23 C:\\Users\\saron\\Documents\\store\\BesicStore\\Natna Spot updated\\New folder (2)\\vendor\\laravel\\lumen-framework\\src\\Routing\\Pipeline.php(30): Illuminate\\Pipeline\\Pipeline->Illuminate\\Pipeline\\{closure}(Object(Laravel\\Lumen\\Http\\Request))
#24 C:\\Users\\saron\\Documents\\store\\BesicStore\\Natna Spot updated\\New folder (2)\\app\\Http\\Middleware\\AdminMiddleware.php(21): Laravel\\Lumen\\Routing\\Pipeline->Laravel\\Lumen\\Routing\\{closure}(Object(Laravel\\Lumen\\Http\\Request))
#25 C:\\Users\\saron\\Documents\\store\\BesicStore\\Natna Spot updated\\New folder (2)\\vendor\\illuminate\\pipeline\\Pipeline.php(167): App\\Http\\Middleware\\AdminMiddleware->handle(Object(Laravel\\Lumen\\Http\\Request), Object(Closure))
#26 C:\\Users\\saron\\Documents\\store\\BesicStore\\Natna Spot updated\\New folder (2)\\vendor\\laravel\\lumen-framework\\src\\Routing\\Pipeline.php(30): Illuminate\\Pipeline\\Pipeline->Illuminate\\Pipeline\\{closure}(Object(Laravel\\Lumen\\Http\\Request))
#27 C:\\Users\\saron\\Documents\\store\\BesicStore\\Natna Spot updated\\New folder (2)\\app\\Http\\Middleware\\Authenticate.php(42): Laravel\\Lumen\\Routing\\Pipeline->Laravel\\Lumen\\Routing\\{closure}(Object(Laravel\\Lumen\\Http\\Request))
#28 C:\\Users\\saron\\Documents\\store\\BesicStore\\Natna Spot updated\\New folder (2)\\vendor\\illuminate\\pipeline\\Pipeline.php(167): App\\Http\\Middleware\\Authenticate->handle(Object(Laravel\\Lumen\\Http\\Request), Object(Closure))
#29 C:\\Users\\saron\\Documents\\store\\BesicStore\\Natna Spot updated\\New folder (2)\\vendor\\laravel\\lumen-framework\\src\\Routing\\Pipeline.php(30): Illuminate\\Pipeline\\Pipeline->Illuminate\\Pipeline\\{closure}(Object(Laravel\\Lumen\\Http\\Request))
#30 C:\\Users\\saron\\Documents\\store\\BesicStore\\Natna Spot updated\\New folder (2)\\vendor\\illuminate\\pipeline\\Pipeline.php(103): Laravel\\Lumen\\Routing\\Pipeline->Laravel\\Lumen\\Routing\\{closure}(Object(Laravel\\Lumen\\Http\\Request))
#31 C:\\Users\\saron\\Documents\\store\\BesicStore\\Natna Spot updated\\New folder (2)\\vendor\\laravel\\lumen-framework\\src\\Concerns\\RoutesRequests.php(426): Illuminate\\Pipeline\\Pipeline->then(Object(Closure))
#32 C:\\Users\\saron\\Documents\\store\\BesicStore\\Natna Spot updated\\New folder (2)\\vendor\\laravel\\lumen-framework\\src\\Concerns\\RoutesRequests.php(261): Laravel\\Lumen\\Application->sendThroughPipeline(Array, Object(Closure))
#33 C:\\Users\\saron\\Documents\\store\\BesicStore\\Natna Spot updated\\New folder (2)\\vendor\\laravel\\lumen-framework\\src\\Concerns\\RoutesRequests.php(237): Laravel\\Lumen\\Application->handleFoundRoute(Array)
#34 C:\\Users\\saron\\Documents\\store\\BesicStore\\Natna Spot updated\\New folder (2)\\vendor\\laravel\\lumen-framework\\src\\Concerns\\RoutesRequests.php(172): Laravel\\Lumen\\Application->handleDispatcherResponse(Array)
#35 C:\\Users\\saron\\Documents\\store\\BesicStore\\Natna Spot updated\\New folder (2)\\vendor\\laravel\\lumen-framework\\src\\Routing\\Pipeline.php(48): Laravel\\Lumen\\Application->Laravel\\Lumen\\Concerns\\{closure}(Object(Laravel\\Lumen\\Http\\Request))
#36 C:\\Users\\saron\\Documents\\store\\BesicStore\\Natna Spot updated\\New folder (2)\\app\\Http\\Middleware\\CorsMiddleware.php(38): Laravel\\Lumen\\Routing\\Pipeline->Laravel\\Lumen\\Routing\\{closure}(Object(Laravel\\Lumen\\Http\\Request))
#37 C:\\Users\\saron\\Documents\\store\\BesicStore\\Natna Spot updated\\New folder (2)\\vendor\\illuminate\\pipeline\\Pipeline.php(167): App\\Http\\Middleware\\CorsMiddleware->handle(Object(Laravel\\Lumen\\Http\\Request), Object(Closure))
#38 C:\\Users\\saron\\Documents\\store\\BesicStore\\Natna Spot updated\\New folder (2)\\vendor\\laravel\\lumen-framework\\src\\Routing\\Pipeline.php(30): Illuminate\\Pipeline\\Pipeline->Illuminate\\Pipeline\\{closure}(Object(Laravel\\Lumen\\Http\\Request))
#39 C:\\Users\\saron\\Documents\\store\\BesicStore\\Natna Spot updated\\New folder (2)\\vendor\\illuminate\\pipeline\\Pipeline.php(103): Laravel\\Lumen\\Routing\\Pipeline->Laravel\\Lumen\\Routing\\{closure}(Object(Laravel\\Lumen\\Http\\Request))
#40 C:\\Users\\saron\\Documents\\store\\BesicStore\\Natna Spot updated\\New folder (2)\\vendor\\laravel\\lumen-framework\\src\\Concerns\\RoutesRequests.php(426): Illuminate\\Pipeline\\Pipeline->then(Object(Closure))
#41 C:\\Users\\saron\\Documents\\store\\BesicStore\\Natna Spot updated\\New folder (2)\\vendor\\laravel\\lumen-framework\\src\\Concerns\\RoutesRequests.php(165): Laravel\\Lumen\\Application->sendThroughPipeline(Array, Object(Closure))
#42 C:\\Users\\saron\\Documents\\store\\BesicStore\\Natna Spot updated\\New folder (2)\\vendor\\laravel\\lumen-framework\\src\\Concerns\\RoutesRequests.php(112): Laravel\\Lumen\\Application->dispatch(NULL)
#43 C:\\Users\\saron\\Documents\\store\\BesicStore\\Natna Spot updated\\New folder (2)\\public\\index.php(28): Laravel\\Lumen\\Application->run()
#44 {main}
"} 
[2024-09-30 13:23:01] remote.ERROR: Too few arguments to function Illuminate\Database\Query\Builder::where(), 0 passed in C:\Users\saron\Documents\store\BesicStore\Natna Spot updated\New folder (2)\vendor\illuminate\database\Query\Builder.php on line 797 and at least 1 expected {"exception":"[object] (ArgumentCountError(code: 0): Too few arguments to function Illuminate\\Database\\Query\\Builder::where(), 0 passed in C:\\Users\\saron\\Documents\\store\\BesicStore\\Natna Spot updated\\New folder (2)\\vendor\\illuminate\\database\\Query\\Builder.php on line 797 and at least 1 expected at C:\\Users\\saron\\Documents\\store\\BesicStore\\Natna Spot updated\\New folder (2)\\vendor\\illuminate\\database\\Query\\Builder.php:699)
[stacktrace]
#0 C:\\Users\\saron\\Documents\\store\\BesicStore\\Natna Spot updated\\New folder (2)\\vendor\\illuminate\\database\\Query\\Builder.php(797): Illuminate\\Database\\Query\\Builder->where()
#1 [internal function]: Illuminate\\Database\\Query\\Builder->Illuminate\\Database\\Query\\{closure}(Object(Illuminate\\Database\\Query\\Builder))
#2 C:\\Users\\saron\\Documents\\store\\BesicStore\\Natna Spot updated\\New folder (2)\\vendor\\illuminate\\database\\Query\\Builder.php(1510): call_user_func(Object(Closure), Object(Illuminate\\Database\\Query\\Builder))
#3 C:\\Users\\saron\\Documents\\store\\BesicStore\\Natna Spot updated\\New folder (2)\\vendor\\illuminate\\database\\Query\\Builder.php(794): Illuminate\\Database\\Query\\Builder->whereNested(Object(Closure), 'and')
#4 C:\\Users\\saron\\Documents\\store\\BesicStore\\Natna Spot updated\\New folder (2)\\vendor\\illuminate\\database\\Query\\Builder.php(705): Illuminate\\Database\\Query\\Builder->addArrayOfWheres(Array, 'and')
#5 C:\\Users\\saron\\Documents\\store\\BesicStore\\Natna Spot updated\\New folder (2)\\vendor\\illuminate\\database\\Eloquent\\Builder.php(281): Illuminate\\Database\\Query\\Builder->where(Array)
#6 C:\\Users\\saron\\Documents\\store\\BesicStore\\Natna Spot updated\\New folder (2)\\vendor\\illuminate\\support\\Traits\\ForwardsCalls.php(23): Illuminate\\Database\\Eloquent\\Builder->where(Array)
#7 C:\\Users\\saron\\Documents\\store\\BesicStore\\Natna Spot updated\\New folder (2)\\vendor\\illuminate\\database\\Eloquent\\Model.php(2132): Illuminate\\Database\\Eloquent\\Model->forwardCallTo(Object(Illuminate\\Database\\Eloquent\\Builder), 'where', Array)
#8 C:\\Users\\saron\\Documents\\store\\BesicStore\\Natna Spot updated\\New folder (2)\\vendor\\illuminate\\database\\Eloquent\\Model.php(2144): Illuminate\\Database\\Eloquent\\Model->__call('where', Array)
#9 C:\\Users\\saron\\Documents\\store\\BesicStore\\Natna Spot updated\\New folder (2)\\app\\Http\\Controllers\\Casher\\CasherController.php(50): Illuminate\\Database\\Eloquent\\Model::__callStatic('where', Array)
#10 C:\\Users\\saron\\Documents\\store\\BesicStore\\Natna Spot updated\\New folder (2)\\vendor\\illuminate\\container\\BoundMethod.php(36): App\\Http\\Controllers\\Casher\\CasherController->index('', '2')
#11 C:\\Users\\saron\\Documents\\store\\BesicStore\\Natna Spot updated\\New folder (2)\\vendor\\illuminate\\container\\Util.php(40): Illuminate\\Container\\BoundMethod::Illuminate\\Container\\{closure}()
#12 C:\\Users\\saron\\Documents\\store\\BesicStore\\Natna Spot updated\\New folder (2)\\vendor\\illuminate\\container\\BoundMethod.php(93): Illuminate\\Container\\Util::unwrapIfClosure(Object(Closure))
#13 C:\\Users\\saron\\Documents\\store\\BesicStore\\Natna Spot updated\\New folder (2)\\vendor\\illuminate\\container\\BoundMethod.php(35): Illuminate\\Container\\BoundMethod::callBoundMethod(Object(Laravel\\Lumen\\Application), Array, Object(Closure))
#14 C:\\Users\\saron\\Documents\\store\\BesicStore\\Natna Spot updated\\New folder (2)\\vendor\\illuminate\\container\\Container.php(653): Illuminate\\Container\\BoundMethod::call(Object(Laravel\\Lumen\\Application), Array, Array, NULL)
#15 C:\\Users\\saron\\Documents\\store\\BesicStore\\Natna Spot updated\\New folder (2)\\vendor\\laravel\\lumen-framework\\src\\Concerns\\RoutesRequests.php(389): Illuminate\\Container\\Container->call(Array, Array)
#16 C:\\Users\\saron\\Documents\\store\\BesicStore\\Natna Spot updated\\New folder (2)\\vendor\\laravel\\lumen-framework\\src\\Concerns\\RoutesRequests.php(354): Laravel\\Lumen\\Application->callControllerCallable(Array, Array)
#17 C:\\Users\\saron\\Documents\\store\\BesicStore\\Natna Spot updated\\New folder (2)\\vendor\\laravel\\lumen-framework\\src\\Concerns\\RoutesRequests.php(329): Laravel\\Lumen\\Application->callLumenController(Object(App\\Http\\Controllers\\Casher\\CasherController), 'index', Array)
#18 C:\\Users\\saron\\Documents\\store\\BesicStore\\Natna Spot updated\\New folder (2)\\vendor\\laravel\\lumen-framework\\src\\Concerns\\RoutesRequests.php(282): Laravel\\Lumen\\Application->callControllerAction(Array)
#19 C:\\Users\\saron\\Documents\\store\\BesicStore\\Natna Spot updated\\New folder (2)\\vendor\\laravel\\lumen-framework\\src\\Concerns\\RoutesRequests.php(262): Laravel\\Lumen\\Application->callActionOnArrayBasedRoute(Array)
#20 C:\\Users\\saron\\Documents\\store\\BesicStore\\Natna Spot updated\\New folder (2)\\vendor\\laravel\\lumen-framework\\src\\Routing\\Pipeline.php(48): Laravel\\Lumen\\Application->Laravel\\Lumen\\Concerns\\{closure}(Object(Laravel\\Lumen\\Http\\Request))
#21 C:\\Users\\saron\\Documents\\store\\BesicStore\\Natna Spot updated\\New folder (2)\\app\\Http\\Middleware\\DoctorMiddleware.php(19): Laravel\\Lumen\\Routing\\Pipeline->Laravel\\Lumen\\Routing\\{closure}(Object(Laravel\\Lumen\\Http\\Request))
#22 C:\\Users\\saron\\Documents\\store\\BesicStore\\Natna Spot updated\\New folder (2)\\vendor\\illuminate\\pipeline\\Pipeline.php(167): App\\Http\\Middleware\\DoctorMiddleware->handle(Object(Laravel\\Lumen\\Http\\Request), Object(Closure))
#23 C:\\Users\\saron\\Documents\\store\\BesicStore\\Natna Spot updated\\New folder (2)\\vendor\\laravel\\lumen-framework\\src\\Routing\\Pipeline.php(30): Illuminate\\Pipeline\\Pipeline->Illuminate\\Pipeline\\{closure}(Object(Laravel\\Lumen\\Http\\Request))
#24 C:\\Users\\saron\\Documents\\store\\BesicStore\\Natna Spot updated\\New folder (2)\\app\\Http\\Middleware\\AdminMiddleware.php(21): Laravel\\Lumen\\Routing\\Pipeline->Laravel\\Lumen\\Routing\\{closure}(Object(Laravel\\Lumen\\Http\\Request))
#25 C:\\Users\\saron\\Documents\\store\\BesicStore\\Natna Spot updated\\New folder (2)\\vendor\\illuminate\\pipeline\\Pipeline.php(167): App\\Http\\Middleware\\AdminMiddleware->handle(Object(Laravel\\Lumen\\Http\\Request), Object(Closure))
#26 C:\\Users\\saron\\Documents\\store\\BesicStore\\Natna Spot updated\\New folder (2)\\vendor\\laravel\\lumen-framework\\src\\Routing\\Pipeline.php(30): Illuminate\\Pipeline\\Pipeline->Illuminate\\Pipeline\\{closure}(Object(Laravel\\Lumen\\Http\\Request))
#27 C:\\Users\\saron\\Documents\\store\\BesicStore\\Natna Spot updated\\New folder (2)\\app\\Http\\Middleware\\Authenticate.php(42): Laravel\\Lumen\\Routing\\Pipeline->Laravel\\Lumen\\Routing\\{closure}(Object(Laravel\\Lumen\\Http\\Request))
#28 C:\\Users\\saron\\Documents\\store\\BesicStore\\Natna Spot updated\\New folder (2)\\vendor\\illuminate\\pipeline\\Pipeline.php(167): App\\Http\\Middleware\\Authenticate->handle(Object(Laravel\\Lumen\\Http\\Request), Object(Closure))
#29 C:\\Users\\saron\\Documents\\store\\BesicStore\\Natna Spot updated\\New folder (2)\\vendor\\laravel\\lumen-framework\\src\\Routing\\Pipeline.php(30): Illuminate\\Pipeline\\Pipeline->Illuminate\\Pipeline\\{closure}(Object(Laravel\\Lumen\\Http\\Request))
#30 C:\\Users\\saron\\Documents\\store\\BesicStore\\Natna Spot updated\\New folder (2)\\vendor\\illuminate\\pipeline\\Pipeline.php(103): Laravel\\Lumen\\Routing\\Pipeline->Laravel\\Lumen\\Routing\\{closure}(Object(Laravel\\Lumen\\Http\\Request))
#31 C:\\Users\\saron\\Documents\\store\\BesicStore\\Natna Spot updated\\New folder (2)\\vendor\\laravel\\lumen-framework\\src\\Concerns\\RoutesRequests.php(426): Illuminate\\Pipeline\\Pipeline->then(Object(Closure))
#32 C:\\Users\\saron\\Documents\\store\\BesicStore\\Natna Spot updated\\New folder (2)\\vendor\\laravel\\lumen-framework\\src\\Concerns\\RoutesRequests.php(261): Laravel\\Lumen\\Application->sendThroughPipeline(Array, Object(Closure))
#33 C:\\Users\\saron\\Documents\\store\\BesicStore\\Natna Spot updated\\New folder (2)\\vendor\\laravel\\lumen-framework\\src\\Concerns\\RoutesRequests.php(237): Laravel\\Lumen\\Application->handleFoundRoute(Array)
#34 C:\\Users\\saron\\Documents\\store\\BesicStore\\Natna Spot updated\\New folder (2)\\vendor\\laravel\\lumen-framework\\src\\Concerns\\RoutesRequests.php(172): Laravel\\Lumen\\Application->handleDispatcherResponse(Array)
#35 C:\\Users\\saron\\Documents\\store\\BesicStore\\Natna Spot updated\\New folder (2)\\vendor\\laravel\\lumen-framework\\src\\Routing\\Pipeline.php(48): Laravel\\Lumen\\Application->Laravel\\Lumen\\Concerns\\{closure}(Object(Laravel\\Lumen\\Http\\Request))
#36 C:\\Users\\saron\\Documents\\store\\BesicStore\\Natna Spot updated\\New folder (2)\\app\\Http\\Middleware\\CorsMiddleware.php(38): Laravel\\Lumen\\Routing\\Pipeline->Laravel\\Lumen\\Routing\\{closure}(Object(Laravel\\Lumen\\Http\\Request))
#37 C:\\Users\\saron\\Documents\\store\\BesicStore\\Natna Spot updated\\New folder (2)\\vendor\\illuminate\\pipeline\\Pipeline.php(167): App\\Http\\Middleware\\CorsMiddleware->handle(Object(Laravel\\Lumen\\Http\\Request), Object(Closure))
#38 C:\\Users\\saron\\Documents\\store\\BesicStore\\Natna Spot updated\\New folder (2)\\vendor\\laravel\\lumen-framework\\src\\Routing\\Pipeline.php(30): Illuminate\\Pipeline\\Pipeline->Illuminate\\Pipeline\\{closure}(Object(Laravel\\Lumen\\Http\\Request))
#39 C:\\Users\\saron\\Documents\\store\\BesicStore\\Natna Spot updated\\New folder (2)\\vendor\\illuminate\\pipeline\\Pipeline.php(103): Laravel\\Lumen\\Routing\\Pipeline->Laravel\\Lumen\\Routing\\{closure}(Object(Laravel\\Lumen\\Http\\Request))
#40 C:\\Users\\saron\\Documents\\store\\BesicStore\\Natna Spot updated\\New folder (2)\\vendor\\laravel\\lumen-framework\\src\\Concerns\\RoutesRequests.php(426): Illuminate\\Pipeline\\Pipeline->then(Object(Closure))
#41 C:\\Users\\saron\\Documents\\store\\BesicStore\\Natna Spot updated\\New folder (2)\\vendor\\laravel\\lumen-framework\\src\\Concerns\\RoutesRequests.php(165): Laravel\\Lumen\\Application->sendThroughPipeline(Array, Object(Closure))
#42 C:\\Users\\saron\\Documents\\store\\BesicStore\\Natna Spot updated\\New folder (2)\\vendor\\laravel\\lumen-framework\\src\\Concerns\\RoutesRequests.php(112): Laravel\\Lumen\\Application->dispatch(NULL)
#43 C:\\Users\\saron\\Documents\\store\\BesicStore\\Natna Spot updated\\New folder (2)\\public\\index.php(28): Laravel\\Lumen\\Application->run()
#44 {main}
"} 
[2024-09-30 17:45:58] remote.ERROR: Too few arguments to function Illuminate\Database\Query\Builder::where(), 0 passed in C:\Users\saron\Documents\store\BesicStore\Natna Spot updated\New folder (2)\vendor\illuminate\database\Query\Builder.php on line 797 and at least 1 expected {"exception":"[object] (ArgumentCountError(code: 0): Too few arguments to function Illuminate\\Database\\Query\\Builder::where(), 0 passed in C:\\Users\\saron\\Documents\\store\\BesicStore\\Natna Spot updated\\New folder (2)\\vendor\\illuminate\\database\\Query\\Builder.php on line 797 and at least 1 expected at C:\\Users\\saron\\Documents\\store\\BesicStore\\Natna Spot updated\\New folder (2)\\vendor\\illuminate\\database\\Query\\Builder.php:699)
[stacktrace]
#0 C:\\Users\\saron\\Documents\\store\\BesicStore\\Natna Spot updated\\New folder (2)\\vendor\\illuminate\\database\\Query\\Builder.php(797): Illuminate\\Database\\Query\\Builder->where()
#1 [internal function]: Illuminate\\Database\\Query\\Builder->Illuminate\\Database\\Query\\{closure}(Object(Illuminate\\Database\\Query\\Builder))
#2 C:\\Users\\saron\\Documents\\store\\BesicStore\\Natna Spot updated\\New folder (2)\\vendor\\illuminate\\database\\Query\\Builder.php(1510): call_user_func(Object(Closure), Object(Illuminate\\Database\\Query\\Builder))
#3 C:\\Users\\saron\\Documents\\store\\BesicStore\\Natna Spot updated\\New folder (2)\\vendor\\illuminate\\database\\Query\\Builder.php(794): Illuminate\\Database\\Query\\Builder->whereNested(Object(Closure), 'and')
#4 C:\\Users\\saron\\Documents\\store\\BesicStore\\Natna Spot updated\\New folder (2)\\vendor\\illuminate\\database\\Query\\Builder.php(705): Illuminate\\Database\\Query\\Builder->addArrayOfWheres(Array, 'and')
#5 C:\\Users\\saron\\Documents\\store\\BesicStore\\Natna Spot updated\\New folder (2)\\vendor\\illuminate\\database\\Eloquent\\Builder.php(281): Illuminate\\Database\\Query\\Builder->where(Array)
#6 C:\\Users\\saron\\Documents\\store\\BesicStore\\Natna Spot updated\\New folder (2)\\vendor\\illuminate\\support\\Traits\\ForwardsCalls.php(23): Illuminate\\Database\\Eloquent\\Builder->where(Array)
#7 C:\\Users\\saron\\Documents\\store\\BesicStore\\Natna Spot updated\\New folder (2)\\vendor\\illuminate\\database\\Eloquent\\Model.php(2132): Illuminate\\Database\\Eloquent\\Model->forwardCallTo(Object(Illuminate\\Database\\Eloquent\\Builder), 'where', Array)
#8 C:\\Users\\saron\\Documents\\store\\BesicStore\\Natna Spot updated\\New folder (2)\\vendor\\illuminate\\database\\Eloquent\\Model.php(2144): Illuminate\\Database\\Eloquent\\Model->__call('where', Array)
#9 C:\\Users\\saron\\Documents\\store\\BesicStore\\Natna Spot updated\\New folder (2)\\app\\Http\\Controllers\\Casher\\CasherController.php(50): Illuminate\\Database\\Eloquent\\Model::__callStatic('where', Array)
#10 C:\\Users\\saron\\Documents\\store\\BesicStore\\Natna Spot updated\\New folder (2)\\vendor\\illuminate\\container\\BoundMethod.php(36): App\\Http\\Controllers\\Casher\\CasherController->index('', '2')
#11 C:\\Users\\saron\\Documents\\store\\BesicStore\\Natna Spot updated\\New folder (2)\\vendor\\illuminate\\container\\Util.php(40): Illuminate\\Container\\BoundMethod::Illuminate\\Container\\{closure}()
#12 C:\\Users\\saron\\Documents\\store\\BesicStore\\Natna Spot updated\\New folder (2)\\vendor\\illuminate\\container\\BoundMethod.php(93): Illuminate\\Container\\Util::unwrapIfClosure(Object(Closure))
#13 C:\\Users\\saron\\Documents\\store\\BesicStore\\Natna Spot updated\\New folder (2)\\vendor\\illuminate\\container\\BoundMethod.php(37): Illuminate\\Container\\BoundMethod::callBoundMethod(Object(Laravel\\Lumen\\Application), Array, Object(Closure))
#14 C:\\Users\\saron\\Documents\\store\\BesicStore\\Natna Spot updated\\New folder (2)\\vendor\\illuminate\\container\\Container.php(653): Illuminate\\Container\\BoundMethod::call(Object(Laravel\\Lumen\\Application), Array, Array, NULL)
#15 C:\\Users\\saron\\Documents\\store\\BesicStore\\Natna Spot updated\\New folder (2)\\vendor\\laravel\\lumen-framework\\src\\Concerns\\RoutesRequests.php(389): Illuminate\\Container\\Container->call(Array, Array)
#16 C:\\Users\\saron\\Documents\\store\\BesicStore\\Natna Spot updated\\New folder (2)\\vendor\\laravel\\lumen-framework\\src\\Concerns\\RoutesRequests.php(355): Laravel\\Lumen\\Application->callControllerCallable(Array, Array)
#17 C:\\Users\\saron\\Documents\\store\\BesicStore\\Natna Spot updated\\New folder (2)\\vendor\\laravel\\lumen-framework\\src\\Concerns\\RoutesRequests.php(329): Laravel\\Lumen\\Application->callLumenController(Object(App\\Http\\Controllers\\Casher\\CasherController), 'index', Array)
#18 C:\\Users\\saron\\Documents\\store\\BesicStore\\Natna Spot updated\\New folder (2)\\vendor\\laravel\\lumen-framework\\src\\Concerns\\RoutesRequests.php(282): Laravel\\Lumen\\Application->callControllerAction(Array)
#19 C:\\Users\\saron\\Documents\\store\\BesicStore\\Natna Spot updated\\New folder (2)\\vendor\\laravel\\lumen-framework\\src\\Concerns\\RoutesRequests.php(262): Laravel\\Lumen\\Application->callActionOnArrayBasedRoute(Array)
#20 C:\\Users\\saron\\Documents\\store\\BesicStore\\Natna Spot updated\\New folder (2)\\vendor\\laravel\\lumen-framework\\src\\Routing\\Pipeline.php(48): Laravel\\Lumen\\Application->Laravel\\Lumen\\Concerns\\{closure}(Object(Laravel\\Lumen\\Http\\Request))
#21 C:\\Users\\saron\\Documents\\store\\BesicStore\\Natna Spot updated\\New folder (2)\\app\\Http\\Middleware\\DoctorMiddleware.php(19): Laravel\\Lumen\\Routing\\Pipeline->Laravel\\Lumen\\Routing\\{closure}(Object(Laravel\\Lumen\\Http\\Request))
#22 C:\\Users\\saron\\Documents\\store\\BesicStore\\Natna Spot updated\\New folder (2)\\vendor\\illuminate\\pipeline\\Pipeline.php(167): App\\Http\\Middleware\\DoctorMiddleware->handle(Object(Laravel\\Lumen\\Http\\Request), Object(Closure))
#23 C:\\Users\\saron\\Documents\\store\\BesicStore\\Natna Spot updated\\New folder (2)\\vendor\\laravel\\lumen-framework\\src\\Routing\\Pipeline.php(30): Illuminate\\Pipeline\\Pipeline->Illuminate\\Pipeline\\{closure}(Object(Laravel\\Lumen\\Http\\Request))
#24 C:\\Users\\saron\\Documents\\store\\BesicStore\\Natna Spot updated\\New folder (2)\\app\\Http\\Middleware\\AdminMiddleware.php(21): Laravel\\Lumen\\Routing\\Pipeline->Laravel\\Lumen\\Routing\\{closure}(Object(Laravel\\Lumen\\Http\\Request))
#25 C:\\Users\\saron\\Documents\\store\\BesicStore\\Natna Spot updated\\New folder (2)\\vendor\\illuminate\\pipeline\\Pipeline.php(167): App\\Http\\Middleware\\AdminMiddleware->handle(Object(Laravel\\Lumen\\Http\\Request), Object(Closure))
#26 C:\\Users\\saron\\Documents\\store\\BesicStore\\Natna Spot updated\\New folder (2)\\vendor\\laravel\\lumen-framework\\src\\Routing\\Pipeline.php(30): Illuminate\\Pipeline\\Pipeline->Illuminate\\Pipeline\\{closure}(Object(Laravel\\Lumen\\Http\\Request))
#27 C:\\Users\\saron\\Documents\\store\\BesicStore\\Natna Spot updated\\New folder (2)\\app\\Http\\Middleware\\Authenticate.php(42): Laravel\\Lumen\\Routing\\Pipeline->Laravel\\Lumen\\Routing\\{closure}(Object(Laravel\\Lumen\\Http\\Request))
#28 C:\\Users\\saron\\Documents\\store\\BesicStore\\Natna Spot updated\\New folder (2)\\vendor\\illuminate\\pipeline\\Pipeline.php(167): App\\Http\\Middleware\\Authenticate->handle(Object(Laravel\\Lumen\\Http\\Request), Object(Closure))
#29 C:\\Users\\saron\\Documents\\store\\BesicStore\\Natna Spot updated\\New folder (2)\\vendor\\laravel\\lumen-framework\\src\\Routing\\Pipeline.php(30): Illuminate\\Pipeline\\Pipeline->Illuminate\\Pipeline\\{closure}(Object(Laravel\\Lumen\\Http\\Request))
#30 C:\\Users\\saron\\Documents\\store\\BesicStore\\Natna Spot updated\\New folder (2)\\vendor\\illuminate\\pipeline\\Pipeline.php(103): Laravel\\Lumen\\Routing\\Pipeline->Laravel\\Lumen\\Routing\\{closure}(Object(Laravel\\Lumen\\Http\\Request))
#31 C:\\Users\\saron\\Documents\\store\\BesicStore\\Natna Spot updated\\New folder (2)\\vendor\\laravel\\lumen-framework\\src\\Concerns\\RoutesRequests.php(426): Illuminate\\Pipeline\\Pipeline->then(Object(Closure))
#32 C:\\Users\\saron\\Documents\\store\\BesicStore\\Natna Spot updated\\New folder (2)\\vendor\\laravel\\lumen-framework\\src\\Concerns\\RoutesRequests.php(263): Laravel\\Lumen\\Application->sendThroughPipeline(Array, Object(Closure))
#33 C:\\Users\\saron\\Documents\\store\\BesicStore\\Natna Spot updated\\New folder (2)\\vendor\\laravel\\lumen-framework\\src\\Concerns\\RoutesRequests.php(237): Laravel\\Lumen\\Application->handleFoundRoute(Array)
#34 C:\\Users\\saron\\Documents\\store\\BesicStore\\Natna Spot updated\\New folder (2)\\vendor\\laravel\\lumen-framework\\src\\Concerns\\RoutesRequests.php(173): Laravel\\Lumen\\Application->handleDispatcherResponse(Array)
#35 C:\\Users\\saron\\Documents\\store\\BesicStore\\Natna Spot updated\\New folder (2)\\vendor\\laravel\\lumen-framework\\src\\Routing\\Pipeline.php(48): Laravel\\Lumen\\Application->Laravel\\Lumen\\Concerns\\{closure}(Object(Laravel\\Lumen\\Http\\Request))
#36 C:\\Users\\saron\\Documents\\store\\BesicStore\\Natna Spot updated\\New folder (2)\\app\\Http\\Middleware\\CorsMiddleware.php(38): Laravel\\Lumen\\Routing\\Pipeline->Laravel\\Lumen\\Routing\\{closure}(Object(Laravel\\Lumen\\Http\\Request))
#37 C:\\Users\\saron\\Documents\\store\\BesicStore\\Natna Spot updated\\New folder (2)\\vendor\\illuminate\\pipeline\\Pipeline.php(167): App\\Http\\Middleware\\CorsMiddleware->handle(Object(Laravel\\Lumen\\Http\\Request), Object(Closure))
#38 C:\\Users\\saron\\Documents\\store\\BesicStore\\Natna Spot updated\\New folder (2)\\vendor\\laravel\\lumen-framework\\src\\Routing\\Pipeline.php(30): Illuminate\\Pipeline\\Pipeline->Illuminate\\Pipeline\\{closure}(Object(Laravel\\Lumen\\Http\\Request))
#39 C:\\Users\\saron\\Documents\\store\\BesicStore\\Natna Spot updated\\New folder (2)\\vendor\\illuminate\\pipeline\\Pipeline.php(103): Laravel\\Lumen\\Routing\\Pipeline->Laravel\\Lumen\\Routing\\{closure}(Object(Laravel\\Lumen\\Http\\Request))
#40 C:\\Users\\saron\\Documents\\store\\BesicStore\\Natna Spot updated\\New folder (2)\\vendor\\laravel\\lumen-framework\\src\\Concerns\\RoutesRequests.php(426): Illuminate\\Pipeline\\Pipeline->then(Object(Closure))
#41 C:\\Users\\saron\\Documents\\store\\BesicStore\\Natna Spot updated\\New folder (2)\\vendor\\laravel\\lumen-framework\\src\\Concerns\\RoutesRequests.php(175): Laravel\\Lumen\\Application->sendThroughPipeline(Array, Object(Closure))
#42 C:\\Users\\saron\\Documents\\store\\BesicStore\\Natna Spot updated\\New folder (2)\\vendor\\laravel\\lumen-framework\\src\\Concerns\\RoutesRequests.php(112): Laravel\\Lumen\\Application->dispatch(NULL)
#43 C:\\Users\\saron\\Documents\\store\\BesicStore\\Natna Spot updated\\New folder (2)\\public\\index.php(28): Laravel\\Lumen\\Application->run()
#44 {main}
"} 
[2024-09-30 17:46:55] remote.ERROR: SQLSTATE[42S22]: Column not found: 1054 Unknown column '' in 'where clause' (SQL: select `orders` as `orders`, count(*) as total, 0 as number, sum(price) as price, Max(waiter) as waiter from `cashers` where (`` is null) and `created_at` >= 2024-09-30 00:00:00 and `credit` = 0 and `is_gift` = 0 and `state` = 0 and `cashers`.`deleted_at` is null group by `orders`, `folder_id`) {"exception":"[object] (Illuminate\\Database\\QueryException(code: 42S22): SQLSTATE[42S22]: Column not found: 1054 Unknown column '' in 'where clause' (SQL: select `orders` as `orders`, count(*) as total, 0 as number, sum(price) as price, Max(waiter) as waiter from `cashers` where (`` is null) and `created_at` >= 2024-09-30 00:00:00 and `credit` = 0 and `is_gift` = 0 and `state` = 0 and `cashers`.`deleted_at` is null group by `orders`, `folder_id`) at C:\\Users\\saron\\Documents\\store\\BesicStore\\Natna Spot updated\\New folder (2)\\vendor\\illuminate\\database\\Connection.php:712)
[stacktrace]
#0 C:\\Users\\saron\\Documents\\store\\BesicStore\\Natna Spot updated\\New folder (2)\\vendor\\illuminate\\database\\Connection.php(672): Illuminate\\Database\\Connection->runQueryCallback('select `orders`...', Array, Object(Closure))
#1 C:\\Users\\saron\\Documents\\store\\BesicStore\\Natna Spot updated\\New folder (2)\\vendor\\illuminate\\database\\Connection.php(376): Illuminate\\Database\\Connection->run('select `orders`...', Array, Object(Closure))
#2 C:\\Users\\saron\\Documents\\store\\BesicStore\\Natna Spot updated\\New folder (2)\\vendor\\illuminate\\database\\Query\\Builder.php(2414): Illuminate\\Database\\Connection->select('select `orders`...', Array, true)
#3 C:\\Users\\saron\\Documents\\store\\BesicStore\\Natna Spot updated\\New folder (2)\\vendor\\illuminate\\database\\Query\\Builder.php(2402): Illuminate\\Database\\Query\\Builder->runSelect()
#4 C:\\Users\\saron\\Documents\\store\\BesicStore\\Natna Spot updated\\New folder (2)\\vendor\\illuminate\\database\\Query\\Builder.php(2936): Illuminate\\Database\\Query\\Builder->Illuminate\\Database\\Query\\{closure}()
#5 C:\\Users\\saron\\Documents\\store\\BesicStore\\Natna Spot updated\\New folder (2)\\vendor\\illuminate\\database\\Query\\Builder.php(2403): Illuminate\\Database\\Query\\Builder->onceWithColumns(Array, Object(Closure))
#6 C:\\Users\\saron\\Documents\\store\\BesicStore\\Natna Spot updated\\New folder (2)\\vendor\\illuminate\\database\\Eloquent\\Builder.php(625): Illuminate\\Database\\Query\\Builder->get(Array)
#7 C:\\Users\\saron\\Documents\\store\\BesicStore\\Natna Spot updated\\New folder (2)\\vendor\\illuminate\\database\\Eloquent\\Builder.php(609): Illuminate\\Database\\Eloquent\\Builder->getModels(Array)
#8 C:\\Users\\saron\\Documents\\store\\BesicStore\\Natna Spot updated\\New folder (2)\\app\\Http\\Controllers\\Casher\\CasherController.php(50): Illuminate\\Database\\Eloquent\\Builder->get()
#9 C:\\Users\\saron\\Documents\\store\\BesicStore\\Natna Spot updated\\New folder (2)\\vendor\\illuminate\\container\\BoundMethod.php(36): App\\Http\\Controllers\\Casher\\CasherController->index('', '2')
#10 C:\\Users\\saron\\Documents\\store\\BesicStore\\Natna Spot updated\\New folder (2)\\vendor\\illuminate\\container\\Util.php(40): Illuminate\\Container\\BoundMethod::Illuminate\\Container\\{closure}()
#11 C:\\Users\\saron\\Documents\\store\\BesicStore\\Natna Spot updated\\New folder (2)\\vendor\\illuminate\\container\\BoundMethod.php(93): Illuminate\\Container\\Util::unwrapIfClosure(Object(Closure))
#12 C:\\Users\\saron\\Documents\\store\\BesicStore\\Natna Spot updated\\New folder (2)\\vendor\\illuminate\\container\\BoundMethod.php(37): Illuminate\\Container\\BoundMethod::callBoundMethod(Object(Laravel\\Lumen\\Application), Array, Object(Closure))
#13 C:\\Users\\saron\\Documents\\store\\BesicStore\\Natna Spot updated\\New folder (2)\\vendor\\illuminate\\container\\Container.php(653): Illuminate\\Container\\BoundMethod::call(Object(Laravel\\Lumen\\Application), Array, Array, NULL)
#14 C:\\Users\\saron\\Documents\\store\\BesicStore\\Natna Spot updated\\New folder (2)\\vendor\\laravel\\lumen-framework\\src\\Concerns\\RoutesRequests.php(389): Illuminate\\Container\\Container->call(Array, Array)
#15 C:\\Users\\saron\\Documents\\store\\BesicStore\\Natna Spot updated\\New folder (2)\\vendor\\laravel\\lumen-framework\\src\\Concerns\\RoutesRequests.php(355): Laravel\\Lumen\\Application->callControllerCallable(Array, Array)
#16 C:\\Users\\saron\\Documents\\store\\BesicStore\\Natna Spot updated\\New folder (2)\\vendor\\laravel\\lumen-framework\\src\\Concerns\\RoutesRequests.php(329): Laravel\\Lumen\\Application->callLumenController(Object(App\\Http\\Controllers\\Casher\\CasherController), 'index', Array)
#17 C:\\Users\\saron\\Documents\\store\\BesicStore\\Natna Spot updated\\New folder (2)\\vendor\\laravel\\lumen-framework\\src\\Concerns\\RoutesRequests.php(282): Laravel\\Lumen\\Application->callControllerAction(Array)
#18 C:\\Users\\saron\\Documents\\store\\BesicStore\\Natna Spot updated\\New folder (2)\\vendor\\laravel\\lumen-framework\\src\\Concerns\\RoutesRequests.php(262): Laravel\\Lumen\\Application->callActionOnArrayBasedRoute(Array)
#19 C:\\Users\\saron\\Documents\\store\\BesicStore\\Natna Spot updated\\New folder (2)\\vendor\\laravel\\lumen-framework\\src\\Routing\\Pipeline.php(48): Laravel\\Lumen\\Application->Laravel\\Lumen\\Concerns\\{closure}(Object(Laravel\\Lumen\\Http\\Request))
#20 C:\\Users\\saron\\Documents\\store\\BesicStore\\Natna Spot updated\\New folder (2)\\app\\Http\\Middleware\\DoctorMiddleware.php(19): Laravel\\Lumen\\Routing\\Pipeline->Laravel\\Lumen\\Routing\\{closure}(Object(Laravel\\Lumen\\Http\\Request))
#21 C:\\Users\\saron\\Documents\\store\\BesicStore\\Natna Spot updated\\New folder (2)\\vendor\\illuminate\\pipeline\\Pipeline.php(167): App\\Http\\Middleware\\DoctorMiddleware->handle(Object(Laravel\\Lumen\\Http\\Request), Object(Closure))
#22 C:\\Users\\saron\\Documents\\store\\BesicStore\\Natna Spot updated\\New folder (2)\\vendor\\laravel\\lumen-framework\\src\\Routing\\Pipeline.php(30): Illuminate\\Pipeline\\Pipeline->Illuminate\\Pipeline\\{closure}(Object(Laravel\\Lumen\\Http\\Request))
#23 C:\\Users\\saron\\Documents\\store\\BesicStore\\Natna Spot updated\\New folder (2)\\app\\Http\\Middleware\\AdminMiddleware.php(21): Laravel\\Lumen\\Routing\\Pipeline->Laravel\\Lumen\\Routing\\{closure}(Object(Laravel\\Lumen\\Http\\Request))
#24 C:\\Users\\saron\\Documents\\store\\BesicStore\\Natna Spot updated\\New folder (2)\\vendor\\illuminate\\pipeline\\Pipeline.php(167): App\\Http\\Middleware\\AdminMiddleware->handle(Object(Laravel\\Lumen\\Http\\Request), Object(Closure))
#25 C:\\Users\\saron\\Documents\\store\\BesicStore\\Natna Spot updated\\New folder (2)\\vendor\\laravel\\lumen-framework\\src\\Routing\\Pipeline.php(30): Illuminate\\Pipeline\\Pipeline->Illuminate\\Pipeline\\{closure}(Object(Laravel\\Lumen\\Http\\Request))
#26 C:\\Users\\saron\\Documents\\store\\BesicStore\\Natna Spot updated\\New folder (2)\\app\\Http\\Middleware\\Authenticate.php(42): Laravel\\Lumen\\Routing\\Pipeline->Laravel\\Lumen\\Routing\\{closure}(Object(Laravel\\Lumen\\Http\\Request))
#27 C:\\Users\\saron\\Documents\\store\\BesicStore\\Natna Spot updated\\New folder (2)\\vendor\\illuminate\\pipeline\\Pipeline.php(167): App\\Http\\Middleware\\Authenticate->handle(Object(Laravel\\Lumen\\Http\\Request), Object(Closure))
#28 C:\\Users\\saron\\Documents\\store\\BesicStore\\Natna Spot updated\\New folder (2)\\vendor\\laravel\\lumen-framework\\src\\Routing\\Pipeline.php(30): Illuminate\\Pipeline\\Pipeline->Illuminate\\Pipeline\\{closure}(Object(Laravel\\Lumen\\Http\\Request))
#29 C:\\Users\\saron\\Documents\\store\\BesicStore\\Natna Spot updated\\New folder (2)\\vendor\\illuminate\\pipeline\\Pipeline.php(103): Laravel\\Lumen\\Routing\\Pipeline->Laravel\\Lumen\\Routing\\{closure}(Object(Laravel\\Lumen\\Http\\Request))
#30 C:\\Users\\saron\\Documents\\store\\BesicStore\\Natna Spot updated\\New folder (2)\\vendor\\laravel\\lumen-framework\\src\\Concerns\\RoutesRequests.php(426): Illuminate\\Pipeline\\Pipeline->then(Object(Closure))
#31 C:\\Users\\saron\\Documents\\store\\BesicStore\\Natna Spot updated\\New folder (2)\\vendor\\laravel\\lumen-framework\\src\\Concerns\\RoutesRequests.php(263): Laravel\\Lumen\\Application->sendThroughPipeline(Array, Object(Closure))
#32 C:\\Users\\saron\\Documents\\store\\BesicStore\\Natna Spot updated\\New folder (2)\\vendor\\laravel\\lumen-framework\\src\\Concerns\\RoutesRequests.php(237): Laravel\\Lumen\\Application->handleFoundRoute(Array)
#33 C:\\Users\\saron\\Documents\\store\\BesicStore\\Natna Spot updated\\New folder (2)\\vendor\\laravel\\lumen-framework\\src\\Concerns\\RoutesRequests.php(173): Laravel\\Lumen\\Application->handleDispatcherResponse(Array)
#34 C:\\Users\\saron\\Documents\\store\\BesicStore\\Natna Spot updated\\New folder (2)\\vendor\\laravel\\lumen-framework\\src\\Routing\\Pipeline.php(48): Laravel\\Lumen\\Application->Laravel\\Lumen\\Concerns\\{closure}(Object(Laravel\\Lumen\\Http\\Request))
#35 C:\\Users\\saron\\Documents\\store\\BesicStore\\Natna Spot updated\\New folder (2)\\app\\Http\\Middleware\\CorsMiddleware.php(38): Laravel\\Lumen\\Routing\\Pipeline->Laravel\\Lumen\\Routing\\{closure}(Object(Laravel\\Lumen\\Http\\Request))
#36 C:\\Users\\saron\\Documents\\store\\BesicStore\\Natna Spot updated\\New folder (2)\\vendor\\illuminate\\pipeline\\Pipeline.php(167): App\\Http\\Middleware\\CorsMiddleware->handle(Object(Laravel\\Lumen\\Http\\Request), Object(Closure))
#37 C:\\Users\\saron\\Documents\\store\\BesicStore\\Natna Spot updated\\New folder (2)\\vendor\\laravel\\lumen-framework\\src\\Routing\\Pipeline.php(30): Illuminate\\Pipeline\\Pipeline->Illuminate\\Pipeline\\{closure}(Object(Laravel\\Lumen\\Http\\Request))
#38 C:\\Users\\saron\\Documents\\store\\BesicStore\\Natna Spot updated\\New folder (2)\\vendor\\illuminate\\pipeline\\Pipeline.php(103): Laravel\\Lumen\\Routing\\Pipeline->Laravel\\Lumen\\Routing\\{closure}(Object(Laravel\\Lumen\\Http\\Request))
#39 C:\\Users\\saron\\Documents\\store\\BesicStore\\Natna Spot updated\\New folder (2)\\vendor\\laravel\\lumen-framework\\src\\Concerns\\RoutesRequests.php(426): Illuminate\\Pipeline\\Pipeline->then(Object(Closure))
#40 C:\\Users\\saron\\Documents\\store\\BesicStore\\Natna Spot updated\\New folder (2)\\vendor\\laravel\\lumen-framework\\src\\Concerns\\RoutesRequests.php(175): Laravel\\Lumen\\Application->sendThroughPipeline(Array, Object(Closure))
#41 C:\\Users\\saron\\Documents\\store\\BesicStore\\Natna Spot updated\\New folder (2)\\vendor\\laravel\\lumen-framework\\src\\Concerns\\RoutesRequests.php(112): Laravel\\Lumen\\Application->dispatch(NULL)
#42 C:\\Users\\saron\\Documents\\store\\BesicStore\\Natna Spot updated\\New folder (2)\\public\\index.php(28): Laravel\\Lumen\\Application->run()
#43 {main}

[previous exception] [object] (PDOException(code: 42S22): SQLSTATE[42S22]: Column not found: 1054 Unknown column '' in 'where clause' at C:\\Users\\saron\\Documents\\store\\BesicStore\\Natna Spot updated\\New folder (2)\\vendor\\illuminate\\database\\Connection.php:368)
[stacktrace]
#0 C:\\Users\\saron\\Documents\\store\\BesicStore\\Natna Spot updated\\New folder (2)\\vendor\\illuminate\\database\\Connection.php(368): PDO->prepare('select `orders`...')
#1 C:\\Users\\saron\\Documents\\store\\BesicStore\\Natna Spot updated\\New folder (2)\\vendor\\illuminate\\database\\Connection.php(705): Illuminate\\Database\\Connection->Illuminate\\Database\\{closure}('select `orders`...', Array)
#2 C:\\Users\\saron\\Documents\\store\\BesicStore\\Natna Spot updated\\New folder (2)\\vendor\\illuminate\\database\\Connection.php(672): Illuminate\\Database\\Connection->runQueryCallback('select `orders`...', Array, Object(Closure))
#3 C:\\Users\\saron\\Documents\\store\\BesicStore\\Natna Spot updated\\New folder (2)\\vendor\\illuminate\\database\\Connection.php(376): Illuminate\\Database\\Connection->run('select `orders`...', Array, Object(Closure))
#4 C:\\Users\\saron\\Documents\\store\\BesicStore\\Natna Spot updated\\New folder (2)\\vendor\\illuminate\\database\\Query\\Builder.php(2414): Illuminate\\Database\\Connection->select('select `orders`...', Array, true)
#5 C:\\Users\\saron\\Documents\\store\\BesicStore\\Natna Spot updated\\New folder (2)\\vendor\\illuminate\\database\\Query\\Builder.php(2402): Illuminate\\Database\\Query\\Builder->runSelect()
#6 C:\\Users\\saron\\Documents\\store\\BesicStore\\Natna Spot updated\\New folder (2)\\vendor\\illuminate\\database\\Query\\Builder.php(2936): Illuminate\\Database\\Query\\Builder->Illuminate\\Database\\Query\\{closure}()
#7 C:\\Users\\saron\\Documents\\store\\BesicStore\\Natna Spot updated\\New folder (2)\\vendor\\illuminate\\database\\Query\\Builder.php(2403): Illuminate\\Database\\Query\\Builder->onceWithColumns(Array, Object(Closure))
#8 C:\\Users\\saron\\Documents\\store\\BesicStore\\Natna Spot updated\\New folder (2)\\vendor\\illuminate\\database\\Eloquent\\Builder.php(625): Illuminate\\Database\\Query\\Builder->get(Array)
#9 C:\\Users\\saron\\Documents\\store\\BesicStore\\Natna Spot updated\\New folder (2)\\vendor\\illuminate\\database\\Eloquent\\Builder.php(609): Illuminate\\Database\\Eloquent\\Builder->getModels(Array)
#10 C:\\Users\\saron\\Documents\\store\\BesicStore\\Natna Spot updated\\New folder (2)\\app\\Http\\Controllers\\Casher\\CasherController.php(50): Illuminate\\Database\\Eloquent\\Builder->get()
#11 C:\\Users\\saron\\Documents\\store\\BesicStore\\Natna Spot updated\\New folder (2)\\vendor\\illuminate\\container\\BoundMethod.php(36): App\\Http\\Controllers\\Casher\\CasherController->index('', '2')
#12 C:\\Users\\saron\\Documents\\store\\BesicStore\\Natna Spot updated\\New folder (2)\\vendor\\illuminate\\container\\Util.php(40): Illuminate\\Container\\BoundMethod::Illuminate\\Container\\{closure}()
#13 C:\\Users\\saron\\Documents\\store\\BesicStore\\Natna Spot updated\\New folder (2)\\vendor\\illuminate\\container\\BoundMethod.php(93): Illuminate\\Container\\Util::unwrapIfClosure(Object(Closure))
#14 C:\\Users\\saron\\Documents\\store\\BesicStore\\Natna Spot updated\\New folder (2)\\vendor\\illuminate\\container\\BoundMethod.php(37): Illuminate\\Container\\BoundMethod::callBoundMethod(Object(Laravel\\Lumen\\Application), Array, Object(Closure))
#15 C:\\Users\\saron\\Documents\\store\\BesicStore\\Natna Spot updated\\New folder (2)\\vendor\\illuminate\\container\\Container.php(653): Illuminate\\Container\\BoundMethod::call(Object(Laravel\\Lumen\\Application), Array, Array, NULL)
#16 C:\\Users\\saron\\Documents\\store\\BesicStore\\Natna Spot updated\\New folder (2)\\vendor\\laravel\\lumen-framework\\src\\Concerns\\RoutesRequests.php(389): Illuminate\\Container\\Container->call(Array, Array)
#17 C:\\Users\\saron\\Documents\\store\\BesicStore\\Natna Spot updated\\New folder (2)\\vendor\\laravel\\lumen-framework\\src\\Concerns\\RoutesRequests.php(355): Laravel\\Lumen\\Application->callControllerCallable(Array, Array)
#18 C:\\Users\\saron\\Documents\\store\\BesicStore\\Natna Spot updated\\New folder (2)\\vendor\\laravel\\lumen-framework\\src\\Concerns\\RoutesRequests.php(329): Laravel\\Lumen\\Application->callLumenController(Object(App\\Http\\Controllers\\Casher\\CasherController), 'index', Array)
#19 C:\\Users\\saron\\Documents\\store\\BesicStore\\Natna Spot updated\\New folder (2)\\vendor\\laravel\\lumen-framework\\src\\Concerns\\RoutesRequests.php(282): Laravel\\Lumen\\Application->callControllerAction(Array)
#20 C:\\Users\\saron\\Documents\\store\\BesicStore\\Natna Spot updated\\New folder (2)\\vendor\\laravel\\lumen-framework\\src\\Concerns\\RoutesRequests.php(262): Laravel\\Lumen\\Application->callActionOnArrayBasedRoute(Array)
#21 C:\\Users\\saron\\Documents\\store\\BesicStore\\Natna Spot updated\\New folder (2)\\vendor\\laravel\\lumen-framework\\src\\Routing\\Pipeline.php(48): Laravel\\Lumen\\Application->Laravel\\Lumen\\Concerns\\{closure}(Object(Laravel\\Lumen\\Http\\Request))
#22 C:\\Users\\saron\\Documents\\store\\BesicStore\\Natna Spot updated\\New folder (2)\\app\\Http\\Middleware\\DoctorMiddleware.php(19): Laravel\\Lumen\\Routing\\Pipeline->Laravel\\Lumen\\Routing\\{closure}(Object(Laravel\\Lumen\\Http\\Request))
#23 C:\\Users\\saron\\Documents\\store\\BesicStore\\Natna Spot updated\\New folder (2)\\vendor\\illuminate\\pipeline\\Pipeline.php(167): App\\Http\\Middleware\\DoctorMiddleware->handle(Object(Laravel\\Lumen\\Http\\Request), Object(Closure))
#24 C:\\Users\\saron\\Documents\\store\\BesicStore\\Natna Spot updated\\New folder (2)\\vendor\\laravel\\lumen-framework\\src\\Routing\\Pipeline.php(30): Illuminate\\Pipeline\\Pipeline->Illuminate\\Pipeline\\{closure}(Object(Laravel\\Lumen\\Http\\Request))
#25 C:\\Users\\saron\\Documents\\store\\BesicStore\\Natna Spot updated\\New folder (2)\\app\\Http\\Middleware\\AdminMiddleware.php(21): Laravel\\Lumen\\Routing\\Pipeline->Laravel\\Lumen\\Routing\\{closure}(Object(Laravel\\Lumen\\Http\\Request))
#26 C:\\Users\\saron\\Documents\\store\\BesicStore\\Natna Spot updated\\New folder (2)\\vendor\\illuminate\\pipeline\\Pipeline.php(167): App\\Http\\Middleware\\AdminMiddleware->handle(Object(Laravel\\Lumen\\Http\\Request), Object(Closure))
#27 C:\\Users\\saron\\Documents\\store\\BesicStore\\Natna Spot updated\\New folder (2)\\vendor\\laravel\\lumen-framework\\src\\Routing\\Pipeline.php(30): Illuminate\\Pipeline\\Pipeline->Illuminate\\Pipeline\\{closure}(Object(Laravel\\Lumen\\Http\\Request))
#28 C:\\Users\\saron\\Documents\\store\\BesicStore\\Natna Spot updated\\New folder (2)\\app\\Http\\Middleware\\Authenticate.php(42): Laravel\\Lumen\\Routing\\Pipeline->Laravel\\Lumen\\Routing\\{closure}(Object(Laravel\\Lumen\\Http\\Request))
#29 C:\\Users\\saron\\Documents\\store\\BesicStore\\Natna Spot updated\\New folder (2)\\vendor\\illuminate\\pipeline\\Pipeline.php(167): App\\Http\\Middleware\\Authenticate->handle(Object(Laravel\\Lumen\\Http\\Request), Object(Closure))
#30 C:\\Users\\saron\\Documents\\store\\BesicStore\\Natna Spot updated\\New folder (2)\\vendor\\laravel\\lumen-framework\\src\\Routing\\Pipeline.php(30): Illuminate\\Pipeline\\Pipeline->Illuminate\\Pipeline\\{closure}(Object(Laravel\\Lumen\\Http\\Request))
#31 C:\\Users\\saron\\Documents\\store\\BesicStore\\Natna Spot updated\\New folder (2)\\vendor\\illuminate\\pipeline\\Pipeline.php(103): Laravel\\Lumen\\Routing\\Pipeline->Laravel\\Lumen\\Routing\\{closure}(Object(Laravel\\Lumen\\Http\\Request))
#32 C:\\Users\\saron\\Documents\\store\\BesicStore\\Natna Spot updated\\New folder (2)\\vendor\\laravel\\lumen-framework\\src\\Concerns\\RoutesRequests.php(426): Illuminate\\Pipeline\\Pipeline->then(Object(Closure))
#33 C:\\Users\\saron\\Documents\\store\\BesicStore\\Natna Spot updated\\New folder (2)\\vendor\\laravel\\lumen-framework\\src\\Concerns\\RoutesRequests.php(263): Laravel\\Lumen\\Application->sendThroughPipeline(Array, Object(Closure))
#34 C:\\Users\\saron\\Documents\\store\\BesicStore\\Natna Spot updated\\New folder (2)\\vendor\\laravel\\lumen-framework\\src\\Concerns\\RoutesRequests.php(237): Laravel\\Lumen\\Application->handleFoundRoute(Array)
#35 C:\\Users\\saron\\Documents\\store\\BesicStore\\Natna Spot updated\\New folder (2)\\vendor\\laravel\\lumen-framework\\src\\Concerns\\RoutesRequests.php(173): Laravel\\Lumen\\Application->handleDispatcherResponse(Array)
#36 C:\\Users\\saron\\Documents\\store\\BesicStore\\Natna Spot updated\\New folder (2)\\vendor\\laravel\\lumen-framework\\src\\Routing\\Pipeline.php(48): Laravel\\Lumen\\Application->Laravel\\Lumen\\Concerns\\{closure}(Object(Laravel\\Lumen\\Http\\Request))
#37 C:\\Users\\saron\\Documents\\store\\BesicStore\\Natna Spot updated\\New folder (2)\\app\\Http\\Middleware\\CorsMiddleware.php(38): Laravel\\Lumen\\Routing\\Pipeline->Laravel\\Lumen\\Routing\\{closure}(Object(Laravel\\Lumen\\Http\\Request))
#38 C:\\Users\\saron\\Documents\\store\\BesicStore\\Natna Spot updated\\New folder (2)\\vendor\\illuminate\\pipeline\\Pipeline.php(167): App\\Http\\Middleware\\CorsMiddleware->handle(Object(Laravel\\Lumen\\Http\\Request), Object(Closure))
#39 C:\\Users\\saron\\Documents\\store\\BesicStore\\Natna Spot updated\\New folder (2)\\vendor\\laravel\\lumen-framework\\src\\Routing\\Pipeline.php(30): Illuminate\\Pipeline\\Pipeline->Illuminate\\Pipeline\\{closure}(Object(Laravel\\Lumen\\Http\\Request))
#40 C:\\Users\\saron\\Documents\\store\\BesicStore\\Natna Spot updated\\New folder (2)\\vendor\\illuminate\\pipeline\\Pipeline.php(103): Laravel\\Lumen\\Routing\\Pipeline->Laravel\\Lumen\\Routing\\{closure}(Object(Laravel\\Lumen\\Http\\Request))
#41 C:\\Users\\saron\\Documents\\store\\BesicStore\\Natna Spot updated\\New folder (2)\\vendor\\laravel\\lumen-framework\\src\\Concerns\\RoutesRequests.php(426): Illuminate\\Pipeline\\Pipeline->then(Object(Closure))
#42 C:\\Users\\saron\\Documents\\store\\BesicStore\\Natna Spot updated\\New folder (2)\\vendor\\laravel\\lumen-framework\\src\\Concerns\\RoutesRequests.php(175): Laravel\\Lumen\\Application->sendThroughPipeline(Array, Object(Closure))
#43 C:\\Users\\saron\\Documents\\store\\BesicStore\\Natna Spot updated\\New folder (2)\\vendor\\laravel\\lumen-framework\\src\\Concerns\\RoutesRequests.php(112): Laravel\\Lumen\\Application->dispatch(NULL)
#44 C:\\Users\\saron\\Documents\\store\\BesicStore\\Natna Spot updated\\New folder (2)\\public\\index.php(28): Laravel\\Lumen\\Application->run()
#45 {main}
"} 
