[2025-03-23 16:25:23] remote.ERROR: Method Illuminate\Database\Eloquent\Collection::whereRaw does not exist. {"exception":"[object] (BadMethodCallException(code: 0): Method Illuminate\\Database\\Eloquent\\Collection::whereRaw does not exist. at C:\\Users\\saron\\Documents\\store\\BesicStore\\shege updated\\backend\\vendor\\illuminate\\macroable\\Traits\\Macroable.php:113)
[stacktrace]
#0 C:\\Users\\saron\\Documents\\store\\BesicStore\\shege updated\\backend\\app\\Http\\Controllers\\Report\\ReportController.php(451): Illuminate\\Support\\Collection->__call('whereRaw', Array)
#1 C:\\Users\\saron\\Documents\\store\\BesicStore\\shege updated\\backend\\vendor\\illuminate\\container\\BoundMethod.php(36): App\\Http\\Controllers\\Report\\ReportController->GetDashboredReportCasher(Object(Laravel\\Lumen\\Http\\Request), '1')
#2 C:\\Users\\saron\\Documents\\store\\BesicStore\\shege updated\\backend\\vendor\\illuminate\\container\\Util.php(40): Illuminate\\Container\\BoundMethod::Illuminate\\Container\\{closure}()
#3 C:\\Users\\saron\\Documents\\store\\BesicStore\\shege updated\\backend\\vendor\\illuminate\\container\\BoundMethod.php(93): Illuminate\\Container\\Util::unwrapIfClosure(Object(Closure))
#4 C:\\Users\\saron\\Documents\\store\\BesicStore\\shege updated\\backend\\vendor\\illuminate\\container\\BoundMethod.php(37): Illuminate\\Container\\BoundMethod::callBoundMethod(Object(Laravel\\Lumen\\Application), Array, Object(Closure))
#5 C:\\Users\\saron\\Documents\\store\\BesicStore\\shege updated\\backend\\vendor\\illuminate\\container\\Container.php(653): Illuminate\\Container\\BoundMethod::call(Object(Laravel\\Lumen\\Application), Array, Array, NULL)
#6 C:\\Users\\saron\\Documents\\store\\BesicStore\\shege updated\\backend\\vendor\\laravel\\lumen-framework\\src\\Concerns\\RoutesRequests.php(389): Illuminate\\Container\\Container->call(Array, Array)
#7 C:\\Users\\saron\\Documents\\store\\BesicStore\\shege updated\\backend\\vendor\\laravel\\lumen-framework\\src\\Concerns\\RoutesRequests.php(355): Laravel\\Lumen\\Application->callControllerCallable(Array, Array)
#8 C:\\Users\\saron\\Documents\\store\\BesicStore\\shege updated\\backend\\vendor\\laravel\\lumen-framework\\src\\Concerns\\RoutesRequests.php(329): Laravel\\Lumen\\Application->callLumenController(Object(App\\Http\\Controllers\\Report\\ReportController), 'GetDashboredRep...', Array)
#9 C:\\Users\\saron\\Documents\\store\\BesicStore\\shege updated\\backend\\vendor\\laravel\\lumen-framework\\src\\Concerns\\RoutesRequests.php(282): Laravel\\Lumen\\Application->callControllerAction(Array)
#10 C:\\Users\\saron\\Documents\\store\\BesicStore\\shege updated\\backend\\vendor\\laravel\\lumen-framework\\src\\Concerns\\RoutesRequests.php(262): Laravel\\Lumen\\Application->callActionOnArrayBasedRoute(Array)
#11 C:\\Users\\saron\\Documents\\store\\BesicStore\\shege updated\\backend\\vendor\\laravel\\lumen-framework\\src\\Routing\\Pipeline.php(48): Laravel\\Lumen\\Application->Laravel\\Lumen\\Concerns\\{closure}(Object(Laravel\\Lumen\\Http\\Request))
#12 C:\\Users\\saron\\Documents\\store\\BesicStore\\shege updated\\backend\\app\\Http\\Middleware\\AdminMiddleware.php(21): Laravel\\Lumen\\Routing\\Pipeline->Laravel\\Lumen\\Routing\\{closure}(Object(Laravel\\Lumen\\Http\\Request))
#13 C:\\Users\\saron\\Documents\\store\\BesicStore\\shege updated\\backend\\vendor\\illuminate\\pipeline\\Pipeline.php(167): App\\Http\\Middleware\\AdminMiddleware->handle(Object(Laravel\\Lumen\\Http\\Request), Object(Closure))
#14 C:\\Users\\saron\\Documents\\store\\BesicStore\\shege updated\\backend\\vendor\\laravel\\lumen-framework\\src\\Routing\\Pipeline.php(30): Illuminate\\Pipeline\\Pipeline->Illuminate\\Pipeline\\{closure}(Object(Laravel\\Lumen\\Http\\Request))
#15 C:\\Users\\saron\\Documents\\store\\BesicStore\\shege updated\\backend\\app\\Http\\Middleware\\Authenticate.php(42): Laravel\\Lumen\\Routing\\Pipeline->Laravel\\Lumen\\Routing\\{closure}(Object(Laravel\\Lumen\\Http\\Request))
#16 C:\\Users\\saron\\Documents\\store\\BesicStore\\shege updated\\backend\\vendor\\illuminate\\pipeline\\Pipeline.php(167): App\\Http\\Middleware\\Authenticate->handle(Object(Laravel\\Lumen\\Http\\Request), Object(Closure))
#17 C:\\Users\\saron\\Documents\\store\\BesicStore\\shege updated\\backend\\vendor\\laravel\\lumen-framework\\src\\Routing\\Pipeline.php(30): Illuminate\\Pipeline\\Pipeline->Illuminate\\Pipeline\\{closure}(Object(Laravel\\Lumen\\Http\\Request))
#18 C:\\Users\\saron\\Documents\\store\\BesicStore\\shege updated\\backend\\vendor\\illuminate\\pipeline\\Pipeline.php(103): Laravel\\Lumen\\Routing\\Pipeline->Laravel\\Lumen\\Routing\\{closure}(Object(Laravel\\Lumen\\Http\\Request))
#19 C:\\Users\\saron\\Documents\\store\\BesicStore\\shege updated\\backend\\vendor\\laravel\\lumen-framework\\src\\Concerns\\RoutesRequests.php(426): Illuminate\\Pipeline\\Pipeline->then(Object(Closure))
#20 C:\\Users\\saron\\Documents\\store\\BesicStore\\shege updated\\backend\\vendor\\laravel\\lumen-framework\\src\\Concerns\\RoutesRequests.php(263): Laravel\\Lumen\\Application->sendThroughPipeline(Array, Object(Closure))
#21 C:\\Users\\saron\\Documents\\store\\BesicStore\\shege updated\\backend\\vendor\\laravel\\lumen-framework\\src\\Concerns\\RoutesRequests.php(237): Laravel\\Lumen\\Application->handleFoundRoute(Array)
#22 C:\\Users\\saron\\Documents\\store\\BesicStore\\shege updated\\backend\\vendor\\laravel\\lumen-framework\\src\\Concerns\\RoutesRequests.php(173): Laravel\\Lumen\\Application->handleDispatcherResponse(Array)
#23 C:\\Users\\saron\\Documents\\store\\BesicStore\\shege updated\\backend\\vendor\\laravel\\lumen-framework\\src\\Routing\\Pipeline.php(48): Laravel\\Lumen\\Application->Laravel\\Lumen\\Concerns\\{closure}(Object(Laravel\\Lumen\\Http\\Request))
#24 C:\\Users\\saron\\Documents\\store\\BesicStore\\shege updated\\backend\\app\\Http\\Middleware\\CorsMiddleware.php(38): Laravel\\Lumen\\Routing\\Pipeline->Laravel\\Lumen\\Routing\\{closure}(Object(Laravel\\Lumen\\Http\\Request))
#25 C:\\Users\\saron\\Documents\\store\\BesicStore\\shege updated\\backend\\vendor\\illuminate\\pipeline\\Pipeline.php(167): App\\Http\\Middleware\\CorsMiddleware->handle(Object(Laravel\\Lumen\\Http\\Request), Object(Closure))
#26 C:\\Users\\saron\\Documents\\store\\BesicStore\\shege updated\\backend\\vendor\\laravel\\lumen-framework\\src\\Routing\\Pipeline.php(30): Illuminate\\Pipeline\\Pipeline->Illuminate\\Pipeline\\{closure}(Object(Laravel\\Lumen\\Http\\Request))
#27 C:\\Users\\saron\\Documents\\store\\BesicStore\\shege updated\\backend\\vendor\\illuminate\\pipeline\\Pipeline.php(103): Laravel\\Lumen\\Routing\\Pipeline->Laravel\\Lumen\\Routing\\{closure}(Object(Laravel\\Lumen\\Http\\Request))
#28 C:\\Users\\saron\\Documents\\store\\BesicStore\\shege updated\\backend\\vendor\\laravel\\lumen-framework\\src\\Concerns\\RoutesRequests.php(426): Illuminate\\Pipeline\\Pipeline->then(Object(Closure))
#29 C:\\Users\\saron\\Documents\\store\\BesicStore\\shege updated\\backend\\vendor\\laravel\\lumen-framework\\src\\Concerns\\RoutesRequests.php(175): Laravel\\Lumen\\Application->sendThroughPipeline(Array, Object(Closure))
#30 C:\\Users\\saron\\Documents\\store\\BesicStore\\shege updated\\backend\\vendor\\laravel\\lumen-framework\\src\\Concerns\\RoutesRequests.php(112): Laravel\\Lumen\\Application->dispatch(NULL)
#31 C:\\Users\\saron\\Documents\\store\\BesicStore\\shege updated\\backend\\public\\index.php(28): Laravel\\Lumen\\Application->run()
#32 {main}
"} 
[2025-03-23 16:43:59] remote.ERROR: Call to a member function sum() on array {"exception":"[object] (Error(code: 0): Call to a member function sum() on array at C:\\Users\\saron\\Documents\\store\\BesicStore\\shege updated\\backend\\app\\Http\\Controllers\\Report\\ReportController.php:454)
[stacktrace]
#0 C:\\Users\\saron\\Documents\\store\\BesicStore\\shege updated\\backend\\vendor\\illuminate\\container\\BoundMethod.php(36): App\\Http\\Controllers\\Report\\ReportController->GetDashboredReportCasher(Object(Laravel\\Lumen\\Http\\Request), '1')
#1 C:\\Users\\saron\\Documents\\store\\BesicStore\\shege updated\\backend\\vendor\\illuminate\\container\\Util.php(40): Illuminate\\Container\\BoundMethod::Illuminate\\Container\\{closure}()
#2 C:\\Users\\saron\\Documents\\store\\BesicStore\\shege updated\\backend\\vendor\\illuminate\\container\\BoundMethod.php(93): Illuminate\\Container\\Util::unwrapIfClosure(Object(Closure))
#3 C:\\Users\\saron\\Documents\\store\\BesicStore\\shege updated\\backend\\vendor\\illuminate\\container\\BoundMethod.php(37): Illuminate\\Container\\BoundMethod::callBoundMethod(Object(Laravel\\Lumen\\Application), Array, Object(Closure))
#4 C:\\Users\\saron\\Documents\\store\\BesicStore\\shege updated\\backend\\vendor\\illuminate\\container\\Container.php(653): Illuminate\\Container\\BoundMethod::call(Object(Laravel\\Lumen\\Application), Array, Array, NULL)
#5 C:\\Users\\saron\\Documents\\store\\BesicStore\\shege updated\\backend\\vendor\\laravel\\lumen-framework\\src\\Concerns\\RoutesRequests.php(389): Illuminate\\Container\\Container->call(Array, Array)
#6 C:\\Users\\saron\\Documents\\store\\BesicStore\\shege updated\\backend\\vendor\\laravel\\lumen-framework\\src\\Concerns\\RoutesRequests.php(355): Laravel\\Lumen\\Application->callControllerCallable(Array, Array)
#7 C:\\Users\\saron\\Documents\\store\\BesicStore\\shege updated\\backend\\vendor\\laravel\\lumen-framework\\src\\Concerns\\RoutesRequests.php(329): Laravel\\Lumen\\Application->callLumenController(Object(App\\Http\\Controllers\\Report\\ReportController), 'GetDashboredRep...', Array)
#8 C:\\Users\\saron\\Documents\\store\\BesicStore\\shege updated\\backend\\vendor\\laravel\\lumen-framework\\src\\Concerns\\RoutesRequests.php(282): Laravel\\Lumen\\Application->callControllerAction(Array)
#9 C:\\Users\\saron\\Documents\\store\\BesicStore\\shege updated\\backend\\vendor\\laravel\\lumen-framework\\src\\Concerns\\RoutesRequests.php(262): Laravel\\Lumen\\Application->callActionOnArrayBasedRoute(Array)
#10 C:\\Users\\saron\\Documents\\store\\BesicStore\\shege updated\\backend\\vendor\\laravel\\lumen-framework\\src\\Routing\\Pipeline.php(48): Laravel\\Lumen\\Application->Laravel\\Lumen\\Concerns\\{closure}(Object(Laravel\\Lumen\\Http\\Request))
#11 C:\\Users\\saron\\Documents\\store\\BesicStore\\shege updated\\backend\\app\\Http\\Middleware\\AdminMiddleware.php(21): Laravel\\Lumen\\Routing\\Pipeline->Laravel\\Lumen\\Routing\\{closure}(Object(Laravel\\Lumen\\Http\\Request))
#12 C:\\Users\\saron\\Documents\\store\\BesicStore\\shege updated\\backend\\vendor\\illuminate\\pipeline\\Pipeline.php(167): App\\Http\\Middleware\\AdminMiddleware->handle(Object(Laravel\\Lumen\\Http\\Request), Object(Closure))
#13 C:\\Users\\saron\\Documents\\store\\BesicStore\\shege updated\\backend\\vendor\\laravel\\lumen-framework\\src\\Routing\\Pipeline.php(30): Illuminate\\Pipeline\\Pipeline->Illuminate\\Pipeline\\{closure}(Object(Laravel\\Lumen\\Http\\Request))
#14 C:\\Users\\saron\\Documents\\store\\BesicStore\\shege updated\\backend\\app\\Http\\Middleware\\Authenticate.php(42): Laravel\\Lumen\\Routing\\Pipeline->Laravel\\Lumen\\Routing\\{closure}(Object(Laravel\\Lumen\\Http\\Request))
#15 C:\\Users\\saron\\Documents\\store\\BesicStore\\shege updated\\backend\\vendor\\illuminate\\pipeline\\Pipeline.php(167): App\\Http\\Middleware\\Authenticate->handle(Object(Laravel\\Lumen\\Http\\Request), Object(Closure))
#16 C:\\Users\\saron\\Documents\\store\\BesicStore\\shege updated\\backend\\vendor\\laravel\\lumen-framework\\src\\Routing\\Pipeline.php(30): Illuminate\\Pipeline\\Pipeline->Illuminate\\Pipeline\\{closure}(Object(Laravel\\Lumen\\Http\\Request))
#17 C:\\Users\\saron\\Documents\\store\\BesicStore\\shege updated\\backend\\vendor\\illuminate\\pipeline\\Pipeline.php(103): Laravel\\Lumen\\Routing\\Pipeline->Laravel\\Lumen\\Routing\\{closure}(Object(Laravel\\Lumen\\Http\\Request))
#18 C:\\Users\\saron\\Documents\\store\\BesicStore\\shege updated\\backend\\vendor\\laravel\\lumen-framework\\src\\Concerns\\RoutesRequests.php(426): Illuminate\\Pipeline\\Pipeline->then(Object(Closure))
#19 C:\\Users\\saron\\Documents\\store\\BesicStore\\shege updated\\backend\\vendor\\laravel\\lumen-framework\\src\\Concerns\\RoutesRequests.php(263): Laravel\\Lumen\\Application->sendThroughPipeline(Array, Object(Closure))
#20 C:\\Users\\saron\\Documents\\store\\BesicStore\\shege updated\\backend\\vendor\\laravel\\lumen-framework\\src\\Concerns\\RoutesRequests.php(237): Laravel\\Lumen\\Application->handleFoundRoute(Array)
#21 C:\\Users\\saron\\Documents\\store\\BesicStore\\shege updated\\backend\\vendor\\laravel\\lumen-framework\\src\\Concerns\\RoutesRequests.php(173): Laravel\\Lumen\\Application->handleDispatcherResponse(Array)
#22 C:\\Users\\saron\\Documents\\store\\BesicStore\\shege updated\\backend\\vendor\\laravel\\lumen-framework\\src\\Routing\\Pipeline.php(48): Laravel\\Lumen\\Application->Laravel\\Lumen\\Concerns\\{closure}(Object(Laravel\\Lumen\\Http\\Request))
#23 C:\\Users\\saron\\Documents\\store\\BesicStore\\shege updated\\backend\\app\\Http\\Middleware\\CorsMiddleware.php(38): Laravel\\Lumen\\Routing\\Pipeline->Laravel\\Lumen\\Routing\\{closure}(Object(Laravel\\Lumen\\Http\\Request))
#24 C:\\Users\\saron\\Documents\\store\\BesicStore\\shege updated\\backend\\vendor\\illuminate\\pipeline\\Pipeline.php(167): App\\Http\\Middleware\\CorsMiddleware->handle(Object(Laravel\\Lumen\\Http\\Request), Object(Closure))
#25 C:\\Users\\saron\\Documents\\store\\BesicStore\\shege updated\\backend\\vendor\\laravel\\lumen-framework\\src\\Routing\\Pipeline.php(30): Illuminate\\Pipeline\\Pipeline->Illuminate\\Pipeline\\{closure}(Object(Laravel\\Lumen\\Http\\Request))
#26 C:\\Users\\saron\\Documents\\store\\BesicStore\\shege updated\\backend\\vendor\\illuminate\\pipeline\\Pipeline.php(103): Laravel\\Lumen\\Routing\\Pipeline->Laravel\\Lumen\\Routing\\{closure}(Object(Laravel\\Lumen\\Http\\Request))
#27 C:\\Users\\saron\\Documents\\store\\BesicStore\\shege updated\\backend\\vendor\\laravel\\lumen-framework\\src\\Concerns\\RoutesRequests.php(426): Illuminate\\Pipeline\\Pipeline->then(Object(Closure))
#28 C:\\Users\\saron\\Documents\\store\\BesicStore\\shege updated\\backend\\vendor\\laravel\\lumen-framework\\src\\Concerns\\RoutesRequests.php(175): Laravel\\Lumen\\Application->sendThroughPipeline(Array, Object(Closure))
#29 C:\\Users\\saron\\Documents\\store\\BesicStore\\shege updated\\backend\\vendor\\laravel\\lumen-framework\\src\\Concerns\\RoutesRequests.php(112): Laravel\\Lumen\\Application->dispatch(NULL)
#30 C:\\Users\\saron\\Documents\\store\\BesicStore\\shege updated\\backend\\public\\index.php(28): Laravel\\Lumen\\Application->run()
#31 {main}
"} 
