[2024-11-07 16:24:14] remote.ERROR: Undefined property: Illuminate\Database\Eloquent\ModelNotFoundException::$getModle {"exception":"[object] (ErrorException(code: 0): Undefined property: Illuminate\\Database\\Eloquent\\ModelNotFoundException::$getModle at C:\\Users\\saron\\Documents\\store\\BesicStore\\shege updated\\backend\\app\\Exceptions\\Handler.php:62)
[stacktrace]
#0 C:\\Users\\saron\\Documents\\store\\BesicStore\\shege updated\\backend\\vendor\\laravel\\lumen-framework\\src\\Concerns\\RegistersExceptionHandlers.php(47): Laravel\\Lumen\\Application->handleError(8, 'Undefined prope...', 'C:\\\\Users\\\\saron\\\\...', 62)
#1 C:\\Users\\saron\\Documents\\store\\BesicStore\\shege updated\\backend\\app\\Exceptions\\Handler.php(62): Laravel\\Lumen\\Application->Laravel\\Lumen\\Concerns\\{closure}(8, 'Undefined prope...', 'C:\\\\Users\\\\saron\\\\...', 62, Array)
#2 C:\\Users\\saron\\Documents\\store\\BesicStore\\shege updated\\backend\\vendor\\laravel\\lumen-framework\\src\\Routing\\Pipeline.php(72): App\\Exceptions\\Handler->render(Object(Laravel\\Lumen\\Http\\Request), Object(Illuminate\\Database\\Eloquent\\ModelNotFoundException))
#3 C:\\Users\\saron\\Documents\\store\\BesicStore\\shege updated\\backend\\vendor\\laravel\\lumen-framework\\src\\Routing\\Pipeline.php(50): Laravel\\Lumen\\Routing\\Pipeline->handleException(Object(Laravel\\Lumen\\Http\\Request), Object(Illuminate\\Database\\Eloquent\\ModelNotFoundException))
#4 C:\\Users\\saron\\Documents\\store\\BesicStore\\shege updated\\backend\\app\\Http\\Middleware\\AdminMiddleware.php(21): Laravel\\Lumen\\Routing\\Pipeline->Laravel\\Lumen\\Routing\\{closure}(Object(Laravel\\Lumen\\Http\\Request))
#5 C:\\Users\\saron\\Documents\\store\\BesicStore\\shege updated\\backend\\vendor\\illuminate\\pipeline\\Pipeline.php(167): App\\Http\\Middleware\\AdminMiddleware->handle(Object(Laravel\\Lumen\\Http\\Request), Object(Closure))
#6 C:\\Users\\saron\\Documents\\store\\BesicStore\\shege updated\\backend\\vendor\\laravel\\lumen-framework\\src\\Routing\\Pipeline.php(30): Illuminate\\Pipeline\\Pipeline->Illuminate\\Pipeline\\{closure}(Object(Laravel\\Lumen\\Http\\Request))
#7 C:\\Users\\saron\\Documents\\store\\BesicStore\\shege updated\\backend\\app\\Http\\Middleware\\Authenticate.php(42): Laravel\\Lumen\\Routing\\Pipeline->Laravel\\Lumen\\Routing\\{closure}(Object(Laravel\\Lumen\\Http\\Request))
#8 C:\\Users\\saron\\Documents\\store\\BesicStore\\shege updated\\backend\\vendor\\illuminate\\pipeline\\Pipeline.php(167): App\\Http\\Middleware\\Authenticate->handle(Object(Laravel\\Lumen\\Http\\Request), Object(Closure))
#9 C:\\Users\\saron\\Documents\\store\\BesicStore\\shege updated\\backend\\vendor\\laravel\\lumen-framework\\src\\Routing\\Pipeline.php(30): Illuminate\\Pipeline\\Pipeline->Illuminate\\Pipeline\\{closure}(Object(Laravel\\Lumen\\Http\\Request))
#10 C:\\Users\\saron\\Documents\\store\\BesicStore\\shege updated\\backend\\vendor\\illuminate\\pipeline\\Pipeline.php(103): Laravel\\Lumen\\Routing\\Pipeline->Laravel\\Lumen\\Routing\\{closure}(Object(Laravel\\Lumen\\Http\\Request))
#11 C:\\Users\\saron\\Documents\\store\\BesicStore\\shege updated\\backend\\vendor\\laravel\\lumen-framework\\src\\Concerns\\RoutesRequests.php(426): Illuminate\\Pipeline\\Pipeline->then(Object(Closure))
#12 C:\\Users\\saron\\Documents\\store\\BesicStore\\shege updated\\backend\\vendor\\laravel\\lumen-framework\\src\\Concerns\\RoutesRequests.php(263): Laravel\\Lumen\\Application->sendThroughPipeline(Array, Object(Closure))
#13 C:\\Users\\saron\\Documents\\store\\BesicStore\\shege updated\\backend\\vendor\\laravel\\lumen-framework\\src\\Concerns\\RoutesRequests.php(169): Laravel\\Lumen\\Application->handleFoundRoute(Array)
#14 C:\\Users\\saron\\Documents\\store\\BesicStore\\shege updated\\backend\\vendor\\laravel\\lumen-framework\\src\\Routing\\Pipeline.php(48): Laravel\\Lumen\\Application->Laravel\\Lumen\\Concerns\\{closure}(Object(Laravel\\Lumen\\Http\\Request))
#15 C:\\Users\\saron\\Documents\\store\\BesicStore\\shege updated\\backend\\app\\Http\\Middleware\\CorsMiddleware.php(38): Laravel\\Lumen\\Routing\\Pipeline->Laravel\\Lumen\\Routing\\{closure}(Object(Laravel\\Lumen\\Http\\Request))
#16 C:\\Users\\saron\\Documents\\store\\BesicStore\\shege updated\\backend\\vendor\\illuminate\\pipeline\\Pipeline.php(167): App\\Http\\Middleware\\CorsMiddleware->handle(Object(Laravel\\Lumen\\Http\\Request), Object(Closure))
#17 C:\\Users\\saron\\Documents\\store\\BesicStore\\shege updated\\backend\\vendor\\laravel\\lumen-framework\\src\\Routing\\Pipeline.php(30): Illuminate\\Pipeline\\Pipeline->Illuminate\\Pipeline\\{closure}(Object(Laravel\\Lumen\\Http\\Request))
#18 C:\\Users\\saron\\Documents\\store\\BesicStore\\shege updated\\backend\\vendor\\illuminate\\pipeline\\Pipeline.php(103): Laravel\\Lumen\\Routing\\Pipeline->Laravel\\Lumen\\Routing\\{closure}(Object(Laravel\\Lumen\\Http\\Request))
#19 C:\\Users\\saron\\Documents\\store\\BesicStore\\shege updated\\backend\\vendor\\laravel\\lumen-framework\\src\\Concerns\\RoutesRequests.php(426): Illuminate\\Pipeline\\Pipeline->then(Object(Closure))
#20 C:\\Users\\saron\\Documents\\store\\BesicStore\\shege updated\\backend\\vendor\\laravel\\lumen-framework\\src\\Concerns\\RoutesRequests.php(175): Laravel\\Lumen\\Application->sendThroughPipeline(Array, Object(Closure))
#21 C:\\Users\\saron\\Documents\\store\\BesicStore\\shege updated\\backend\\vendor\\laravel\\lumen-framework\\src\\Concerns\\RoutesRequests.php(112): Laravel\\Lumen\\Application->dispatch(NULL)
#22 C:\\Users\\saron\\Documents\\store\\BesicStore\\shege updated\\backend\\public\\index.php(28): Laravel\\Lumen\\Application->run()
#23 {main}
"} 
[2024-11-07 16:24:25] remote.ERROR: Undefined property: Illuminate\Database\Eloquent\ModelNotFoundException::$getModle {"exception":"[object] (ErrorException(code: 0): Undefined property: Illuminate\\Database\\Eloquent\\ModelNotFoundException::$getModle at C:\\Users\\saron\\Documents\\store\\BesicStore\\shege updated\\backend\\app\\Exceptions\\Handler.php:62)
[stacktrace]
#0 C:\\Users\\saron\\Documents\\store\\BesicStore\\shege updated\\backend\\vendor\\laravel\\lumen-framework\\src\\Concerns\\RegistersExceptionHandlers.php(47): Laravel\\Lumen\\Application->handleError(8, 'Undefined prope...', 'C:\\\\Users\\\\saron\\\\...', 62)
#1 C:\\Users\\saron\\Documents\\store\\BesicStore\\shege updated\\backend\\app\\Exceptions\\Handler.php(62): Laravel\\Lumen\\Application->Laravel\\Lumen\\Concerns\\{closure}(8, 'Undefined prope...', 'C:\\\\Users\\\\saron\\\\...', 62, Array)
#2 C:\\Users\\saron\\Documents\\store\\BesicStore\\shege updated\\backend\\vendor\\laravel\\lumen-framework\\src\\Routing\\Pipeline.php(72): App\\Exceptions\\Handler->render(Object(Laravel\\Lumen\\Http\\Request), Object(Illuminate\\Database\\Eloquent\\ModelNotFoundException))
#3 C:\\Users\\saron\\Documents\\store\\BesicStore\\shege updated\\backend\\vendor\\laravel\\lumen-framework\\src\\Routing\\Pipeline.php(50): Laravel\\Lumen\\Routing\\Pipeline->handleException(Object(Laravel\\Lumen\\Http\\Request), Object(Illuminate\\Database\\Eloquent\\ModelNotFoundException))
#4 C:\\Users\\saron\\Documents\\store\\BesicStore\\shege updated\\backend\\app\\Http\\Middleware\\AdminMiddleware.php(21): Laravel\\Lumen\\Routing\\Pipeline->Laravel\\Lumen\\Routing\\{closure}(Object(Laravel\\Lumen\\Http\\Request))
#5 C:\\Users\\saron\\Documents\\store\\BesicStore\\shege updated\\backend\\vendor\\illuminate\\pipeline\\Pipeline.php(167): App\\Http\\Middleware\\AdminMiddleware->handle(Object(Laravel\\Lumen\\Http\\Request), Object(Closure))
#6 C:\\Users\\saron\\Documents\\store\\BesicStore\\shege updated\\backend\\vendor\\laravel\\lumen-framework\\src\\Routing\\Pipeline.php(30): Illuminate\\Pipeline\\Pipeline->Illuminate\\Pipeline\\{closure}(Object(Laravel\\Lumen\\Http\\Request))
#7 C:\\Users\\saron\\Documents\\store\\BesicStore\\shege updated\\backend\\app\\Http\\Middleware\\Authenticate.php(42): Laravel\\Lumen\\Routing\\Pipeline->Laravel\\Lumen\\Routing\\{closure}(Object(Laravel\\Lumen\\Http\\Request))
#8 C:\\Users\\saron\\Documents\\store\\BesicStore\\shege updated\\backend\\vendor\\illuminate\\pipeline\\Pipeline.php(167): App\\Http\\Middleware\\Authenticate->handle(Object(Laravel\\Lumen\\Http\\Request), Object(Closure))
#9 C:\\Users\\saron\\Documents\\store\\BesicStore\\shege updated\\backend\\vendor\\laravel\\lumen-framework\\src\\Routing\\Pipeline.php(30): Illuminate\\Pipeline\\Pipeline->Illuminate\\Pipeline\\{closure}(Object(Laravel\\Lumen\\Http\\Request))
#10 C:\\Users\\saron\\Documents\\store\\BesicStore\\shege updated\\backend\\vendor\\illuminate\\pipeline\\Pipeline.php(103): Laravel\\Lumen\\Routing\\Pipeline->Laravel\\Lumen\\Routing\\{closure}(Object(Laravel\\Lumen\\Http\\Request))
#11 C:\\Users\\saron\\Documents\\store\\BesicStore\\shege updated\\backend\\vendor\\laravel\\lumen-framework\\src\\Concerns\\RoutesRequests.php(426): Illuminate\\Pipeline\\Pipeline->then(Object(Closure))
#12 C:\\Users\\saron\\Documents\\store\\BesicStore\\shege updated\\backend\\vendor\\laravel\\lumen-framework\\src\\Concerns\\RoutesRequests.php(263): Laravel\\Lumen\\Application->sendThroughPipeline(Array, Object(Closure))
#13 C:\\Users\\saron\\Documents\\store\\BesicStore\\shege updated\\backend\\vendor\\laravel\\lumen-framework\\src\\Concerns\\RoutesRequests.php(169): Laravel\\Lumen\\Application->handleFoundRoute(Array)
#14 C:\\Users\\saron\\Documents\\store\\BesicStore\\shege updated\\backend\\vendor\\laravel\\lumen-framework\\src\\Routing\\Pipeline.php(48): Laravel\\Lumen\\Application->Laravel\\Lumen\\Concerns\\{closure}(Object(Laravel\\Lumen\\Http\\Request))
#15 C:\\Users\\saron\\Documents\\store\\BesicStore\\shege updated\\backend\\app\\Http\\Middleware\\CorsMiddleware.php(38): Laravel\\Lumen\\Routing\\Pipeline->Laravel\\Lumen\\Routing\\{closure}(Object(Laravel\\Lumen\\Http\\Request))
#16 C:\\Users\\saron\\Documents\\store\\BesicStore\\shege updated\\backend\\vendor\\illuminate\\pipeline\\Pipeline.php(167): App\\Http\\Middleware\\CorsMiddleware->handle(Object(Laravel\\Lumen\\Http\\Request), Object(Closure))
#17 C:\\Users\\saron\\Documents\\store\\BesicStore\\shege updated\\backend\\vendor\\laravel\\lumen-framework\\src\\Routing\\Pipeline.php(30): Illuminate\\Pipeline\\Pipeline->Illuminate\\Pipeline\\{closure}(Object(Laravel\\Lumen\\Http\\Request))
#18 C:\\Users\\saron\\Documents\\store\\BesicStore\\shege updated\\backend\\vendor\\illuminate\\pipeline\\Pipeline.php(103): Laravel\\Lumen\\Routing\\Pipeline->Laravel\\Lumen\\Routing\\{closure}(Object(Laravel\\Lumen\\Http\\Request))
#19 C:\\Users\\saron\\Documents\\store\\BesicStore\\shege updated\\backend\\vendor\\laravel\\lumen-framework\\src\\Concerns\\RoutesRequests.php(426): Illuminate\\Pipeline\\Pipeline->then(Object(Closure))
#20 C:\\Users\\saron\\Documents\\store\\BesicStore\\shege updated\\backend\\vendor\\laravel\\lumen-framework\\src\\Concerns\\RoutesRequests.php(175): Laravel\\Lumen\\Application->sendThroughPipeline(Array, Object(Closure))
#21 C:\\Users\\saron\\Documents\\store\\BesicStore\\shege updated\\backend\\vendor\\laravel\\lumen-framework\\src\\Concerns\\RoutesRequests.php(112): Laravel\\Lumen\\Application->dispatch(NULL)
#22 C:\\Users\\saron\\Documents\\store\\BesicStore\\shege updated\\backend\\public\\index.php(28): Laravel\\Lumen\\Application->run()
#23 {main}
"} 
[2024-11-07 16:24:43] remote.ERROR: Undefined property: Illuminate\Database\Eloquent\ModelNotFoundException::$getModle {"exception":"[object] (ErrorException(code: 0): Undefined property: Illuminate\\Database\\Eloquent\\ModelNotFoundException::$getModle at C:\\Users\\saron\\Documents\\store\\BesicStore\\shege updated\\backend\\app\\Exceptions\\Handler.php:62)
[stacktrace]
#0 C:\\Users\\saron\\Documents\\store\\BesicStore\\shege updated\\backend\\vendor\\laravel\\lumen-framework\\src\\Concerns\\RegistersExceptionHandlers.php(47): Laravel\\Lumen\\Application->handleError(8, 'Undefined prope...', 'C:\\\\Users\\\\saron\\\\...', 62)
#1 C:\\Users\\saron\\Documents\\store\\BesicStore\\shege updated\\backend\\app\\Exceptions\\Handler.php(62): Laravel\\Lumen\\Application->Laravel\\Lumen\\Concerns\\{closure}(8, 'Undefined prope...', 'C:\\\\Users\\\\saron\\\\...', 62, Array)
#2 C:\\Users\\saron\\Documents\\store\\BesicStore\\shege updated\\backend\\vendor\\laravel\\lumen-framework\\src\\Routing\\Pipeline.php(72): App\\Exceptions\\Handler->render(Object(Laravel\\Lumen\\Http\\Request), Object(Illuminate\\Database\\Eloquent\\ModelNotFoundException))
#3 C:\\Users\\saron\\Documents\\store\\BesicStore\\shege updated\\backend\\vendor\\laravel\\lumen-framework\\src\\Routing\\Pipeline.php(50): Laravel\\Lumen\\Routing\\Pipeline->handleException(Object(Laravel\\Lumen\\Http\\Request), Object(Illuminate\\Database\\Eloquent\\ModelNotFoundException))
#4 C:\\Users\\saron\\Documents\\store\\BesicStore\\shege updated\\backend\\app\\Http\\Middleware\\AdminMiddleware.php(21): Laravel\\Lumen\\Routing\\Pipeline->Laravel\\Lumen\\Routing\\{closure}(Object(Laravel\\Lumen\\Http\\Request))
#5 C:\\Users\\saron\\Documents\\store\\BesicStore\\shege updated\\backend\\vendor\\illuminate\\pipeline\\Pipeline.php(167): App\\Http\\Middleware\\AdminMiddleware->handle(Object(Laravel\\Lumen\\Http\\Request), Object(Closure))
#6 C:\\Users\\saron\\Documents\\store\\BesicStore\\shege updated\\backend\\vendor\\laravel\\lumen-framework\\src\\Routing\\Pipeline.php(30): Illuminate\\Pipeline\\Pipeline->Illuminate\\Pipeline\\{closure}(Object(Laravel\\Lumen\\Http\\Request))
#7 C:\\Users\\saron\\Documents\\store\\BesicStore\\shege updated\\backend\\app\\Http\\Middleware\\Authenticate.php(42): Laravel\\Lumen\\Routing\\Pipeline->Laravel\\Lumen\\Routing\\{closure}(Object(Laravel\\Lumen\\Http\\Request))
#8 C:\\Users\\saron\\Documents\\store\\BesicStore\\shege updated\\backend\\vendor\\illuminate\\pipeline\\Pipeline.php(167): App\\Http\\Middleware\\Authenticate->handle(Object(Laravel\\Lumen\\Http\\Request), Object(Closure))
#9 C:\\Users\\saron\\Documents\\store\\BesicStore\\shege updated\\backend\\vendor\\laravel\\lumen-framework\\src\\Routing\\Pipeline.php(30): Illuminate\\Pipeline\\Pipeline->Illuminate\\Pipeline\\{closure}(Object(Laravel\\Lumen\\Http\\Request))
#10 C:\\Users\\saron\\Documents\\store\\BesicStore\\shege updated\\backend\\vendor\\illuminate\\pipeline\\Pipeline.php(103): Laravel\\Lumen\\Routing\\Pipeline->Laravel\\Lumen\\Routing\\{closure}(Object(Laravel\\Lumen\\Http\\Request))
#11 C:\\Users\\saron\\Documents\\store\\BesicStore\\shege updated\\backend\\vendor\\laravel\\lumen-framework\\src\\Concerns\\RoutesRequests.php(426): Illuminate\\Pipeline\\Pipeline->then(Object(Closure))
#12 C:\\Users\\saron\\Documents\\store\\BesicStore\\shege updated\\backend\\vendor\\laravel\\lumen-framework\\src\\Concerns\\RoutesRequests.php(263): Laravel\\Lumen\\Application->sendThroughPipeline(Array, Object(Closure))
#13 C:\\Users\\saron\\Documents\\store\\BesicStore\\shege updated\\backend\\vendor\\laravel\\lumen-framework\\src\\Concerns\\RoutesRequests.php(169): Laravel\\Lumen\\Application->handleFoundRoute(Array)
#14 C:\\Users\\saron\\Documents\\store\\BesicStore\\shege updated\\backend\\vendor\\laravel\\lumen-framework\\src\\Routing\\Pipeline.php(48): Laravel\\Lumen\\Application->Laravel\\Lumen\\Concerns\\{closure}(Object(Laravel\\Lumen\\Http\\Request))
#15 C:\\Users\\saron\\Documents\\store\\BesicStore\\shege updated\\backend\\app\\Http\\Middleware\\CorsMiddleware.php(38): Laravel\\Lumen\\Routing\\Pipeline->Laravel\\Lumen\\Routing\\{closure}(Object(Laravel\\Lumen\\Http\\Request))
#16 C:\\Users\\saron\\Documents\\store\\BesicStore\\shege updated\\backend\\vendor\\illuminate\\pipeline\\Pipeline.php(167): App\\Http\\Middleware\\CorsMiddleware->handle(Object(Laravel\\Lumen\\Http\\Request), Object(Closure))
#17 C:\\Users\\saron\\Documents\\store\\BesicStore\\shege updated\\backend\\vendor\\laravel\\lumen-framework\\src\\Routing\\Pipeline.php(30): Illuminate\\Pipeline\\Pipeline->Illuminate\\Pipeline\\{closure}(Object(Laravel\\Lumen\\Http\\Request))
#18 C:\\Users\\saron\\Documents\\store\\BesicStore\\shege updated\\backend\\vendor\\illuminate\\pipeline\\Pipeline.php(103): Laravel\\Lumen\\Routing\\Pipeline->Laravel\\Lumen\\Routing\\{closure}(Object(Laravel\\Lumen\\Http\\Request))
#19 C:\\Users\\saron\\Documents\\store\\BesicStore\\shege updated\\backend\\vendor\\laravel\\lumen-framework\\src\\Concerns\\RoutesRequests.php(426): Illuminate\\Pipeline\\Pipeline->then(Object(Closure))
#20 C:\\Users\\saron\\Documents\\store\\BesicStore\\shege updated\\backend\\vendor\\laravel\\lumen-framework\\src\\Concerns\\RoutesRequests.php(175): Laravel\\Lumen\\Application->sendThroughPipeline(Array, Object(Closure))
#21 C:\\Users\\saron\\Documents\\store\\BesicStore\\shege updated\\backend\\vendor\\laravel\\lumen-framework\\src\\Concerns\\RoutesRequests.php(112): Laravel\\Lumen\\Application->dispatch(NULL)
#22 C:\\Users\\saron\\Documents\\store\\BesicStore\\shege updated\\backend\\public\\index.php(28): Laravel\\Lumen\\Application->run()
#23 {main}
"} 
[2024-11-07 16:25:52] remote.ERROR: Undefined property: Illuminate\Database\Eloquent\ModelNotFoundException::$getModle {"exception":"[object] (ErrorException(code: 0): Undefined property: Illuminate\\Database\\Eloquent\\ModelNotFoundException::$getModle at C:\\Users\\saron\\Documents\\store\\BesicStore\\shege updated\\backend\\app\\Exceptions\\Handler.php:62)
[stacktrace]
#0 C:\\Users\\saron\\Documents\\store\\BesicStore\\shege updated\\backend\\vendor\\laravel\\lumen-framework\\src\\Concerns\\RegistersExceptionHandlers.php(47): Laravel\\Lumen\\Application->handleError(8, 'Undefined prope...', 'C:\\\\Users\\\\saron\\\\...', 62)
#1 C:\\Users\\saron\\Documents\\store\\BesicStore\\shege updated\\backend\\app\\Exceptions\\Handler.php(62): Laravel\\Lumen\\Application->Laravel\\Lumen\\Concerns\\{closure}(8, 'Undefined prope...', 'C:\\\\Users\\\\saron\\\\...', 62, Array)
#2 C:\\Users\\saron\\Documents\\store\\BesicStore\\shege updated\\backend\\vendor\\laravel\\lumen-framework\\src\\Routing\\Pipeline.php(72): App\\Exceptions\\Handler->render(Object(Laravel\\Lumen\\Http\\Request), Object(Illuminate\\Database\\Eloquent\\ModelNotFoundException))
#3 C:\\Users\\saron\\Documents\\store\\BesicStore\\shege updated\\backend\\vendor\\laravel\\lumen-framework\\src\\Routing\\Pipeline.php(50): Laravel\\Lumen\\Routing\\Pipeline->handleException(Object(Laravel\\Lumen\\Http\\Request), Object(Illuminate\\Database\\Eloquent\\ModelNotFoundException))
#4 C:\\Users\\saron\\Documents\\store\\BesicStore\\shege updated\\backend\\app\\Http\\Middleware\\AdminMiddleware.php(21): Laravel\\Lumen\\Routing\\Pipeline->Laravel\\Lumen\\Routing\\{closure}(Object(Laravel\\Lumen\\Http\\Request))
#5 C:\\Users\\saron\\Documents\\store\\BesicStore\\shege updated\\backend\\vendor\\illuminate\\pipeline\\Pipeline.php(167): App\\Http\\Middleware\\AdminMiddleware->handle(Object(Laravel\\Lumen\\Http\\Request), Object(Closure))
#6 C:\\Users\\saron\\Documents\\store\\BesicStore\\shege updated\\backend\\vendor\\laravel\\lumen-framework\\src\\Routing\\Pipeline.php(30): Illuminate\\Pipeline\\Pipeline->Illuminate\\Pipeline\\{closure}(Object(Laravel\\Lumen\\Http\\Request))
#7 C:\\Users\\saron\\Documents\\store\\BesicStore\\shege updated\\backend\\app\\Http\\Middleware\\Authenticate.php(42): Laravel\\Lumen\\Routing\\Pipeline->Laravel\\Lumen\\Routing\\{closure}(Object(Laravel\\Lumen\\Http\\Request))
#8 C:\\Users\\saron\\Documents\\store\\BesicStore\\shege updated\\backend\\vendor\\illuminate\\pipeline\\Pipeline.php(167): App\\Http\\Middleware\\Authenticate->handle(Object(Laravel\\Lumen\\Http\\Request), Object(Closure))
#9 C:\\Users\\saron\\Documents\\store\\BesicStore\\shege updated\\backend\\vendor\\laravel\\lumen-framework\\src\\Routing\\Pipeline.php(30): Illuminate\\Pipeline\\Pipeline->Illuminate\\Pipeline\\{closure}(Object(Laravel\\Lumen\\Http\\Request))
#10 C:\\Users\\saron\\Documents\\store\\BesicStore\\shege updated\\backend\\vendor\\illuminate\\pipeline\\Pipeline.php(103): Laravel\\Lumen\\Routing\\Pipeline->Laravel\\Lumen\\Routing\\{closure}(Object(Laravel\\Lumen\\Http\\Request))
#11 C:\\Users\\saron\\Documents\\store\\BesicStore\\shege updated\\backend\\vendor\\laravel\\lumen-framework\\src\\Concerns\\RoutesRequests.php(426): Illuminate\\Pipeline\\Pipeline->then(Object(Closure))
#12 C:\\Users\\saron\\Documents\\store\\BesicStore\\shege updated\\backend\\vendor\\laravel\\lumen-framework\\src\\Concerns\\RoutesRequests.php(263): Laravel\\Lumen\\Application->sendThroughPipeline(Array, Object(Closure))
#13 C:\\Users\\saron\\Documents\\store\\BesicStore\\shege updated\\backend\\vendor\\laravel\\lumen-framework\\src\\Concerns\\RoutesRequests.php(169): Laravel\\Lumen\\Application->handleFoundRoute(Array)
#14 C:\\Users\\saron\\Documents\\store\\BesicStore\\shege updated\\backend\\vendor\\laravel\\lumen-framework\\src\\Routing\\Pipeline.php(48): Laravel\\Lumen\\Application->Laravel\\Lumen\\Concerns\\{closure}(Object(Laravel\\Lumen\\Http\\Request))
#15 C:\\Users\\saron\\Documents\\store\\BesicStore\\shege updated\\backend\\app\\Http\\Middleware\\CorsMiddleware.php(38): Laravel\\Lumen\\Routing\\Pipeline->Laravel\\Lumen\\Routing\\{closure}(Object(Laravel\\Lumen\\Http\\Request))
#16 C:\\Users\\saron\\Documents\\store\\BesicStore\\shege updated\\backend\\vendor\\illuminate\\pipeline\\Pipeline.php(167): App\\Http\\Middleware\\CorsMiddleware->handle(Object(Laravel\\Lumen\\Http\\Request), Object(Closure))
#17 C:\\Users\\saron\\Documents\\store\\BesicStore\\shege updated\\backend\\vendor\\laravel\\lumen-framework\\src\\Routing\\Pipeline.php(30): Illuminate\\Pipeline\\Pipeline->Illuminate\\Pipeline\\{closure}(Object(Laravel\\Lumen\\Http\\Request))
#18 C:\\Users\\saron\\Documents\\store\\BesicStore\\shege updated\\backend\\vendor\\illuminate\\pipeline\\Pipeline.php(103): Laravel\\Lumen\\Routing\\Pipeline->Laravel\\Lumen\\Routing\\{closure}(Object(Laravel\\Lumen\\Http\\Request))
#19 C:\\Users\\saron\\Documents\\store\\BesicStore\\shege updated\\backend\\vendor\\laravel\\lumen-framework\\src\\Concerns\\RoutesRequests.php(426): Illuminate\\Pipeline\\Pipeline->then(Object(Closure))
#20 C:\\Users\\saron\\Documents\\store\\BesicStore\\shege updated\\backend\\vendor\\laravel\\lumen-framework\\src\\Concerns\\RoutesRequests.php(175): Laravel\\Lumen\\Application->sendThroughPipeline(Array, Object(Closure))
#21 C:\\Users\\saron\\Documents\\store\\BesicStore\\shege updated\\backend\\vendor\\laravel\\lumen-framework\\src\\Concerns\\RoutesRequests.php(112): Laravel\\Lumen\\Application->dispatch(NULL)
#22 C:\\Users\\saron\\Documents\\store\\BesicStore\\shege updated\\backend\\public\\index.php(28): Laravel\\Lumen\\Application->run()
#23 {main}
"} 
