[2024-10-28 08:27:21] remote.ERROR: SQLSTATE[42S22]: Column not found: 1054 Unknown column '0' in 'where clause' (SQL: select count(*) as aggregate from (select `waiter` as `waiter`, `folder_id` as `folder_id`, count(*) as total, 0 as number, sum(order_price) as order_price, Max(isdelivery) as isdelivery, Max(isflaged) as isflaged, Max(state) as state, Max(fee) as fee, Max(phone_number) as phone_number, Max(table_name) as table_name from `cashers` where (`state` = 1 and (`0` = state and `1` = = and `2` = 0)) and `created_at` >= 2024-10-28 00:00:00 and `cashers`.`deleted_at` is null group by `waiter`, `folder_id`) as `aggregate_table`) {"exception":"[object] (Illuminate\\Database\\QueryException(code: 42S22): SQLSTATE[42S22]: Column not found: 1054 Unknown column '0' in 'where clause' (SQL: select count(*) as aggregate from (select `waiter` as `waiter`, `folder_id` as `folder_id`, count(*) as total, 0 as number, sum(order_price) as order_price, Max(isdelivery) as isdelivery, Max(isflaged) as isflaged, Max(state) as state, Max(fee) as fee, Max(phone_number) as phone_number, Max(table_name) as table_name from `cashers` where (`state` = 1 and (`0` = state and `1` = = and `2` = 0)) and `created_at` >= 2024-10-28 00:00:00 and `cashers`.`deleted_at` is null group by `waiter`, `folder_id`) as `aggregate_table`) at C:\\Users\\saron\\Documents\\store\\BesicStore\\shege updated\\New folder (2)\\vendor\\illuminate\\database\\Connection.php:712)
[stacktrace]
#0 C:\\Users\\saron\\Documents\\store\\BesicStore\\shege updated\\New folder (2)\\vendor\\illuminate\\database\\Connection.php(672): Illuminate\\Database\\Connection->runQueryCallback('select count(*)...', Array, Object(Closure))
#1 C:\\Users\\saron\\Documents\\store\\BesicStore\\shege updated\\New folder (2)\\vendor\\illuminate\\database\\Connection.php(376): Illuminate\\Database\\Connection->run('select count(*)...', Array, Object(Closure))
#2 C:\\Users\\saron\\Documents\\store\\BesicStore\\shege updated\\New folder (2)\\vendor\\illuminate\\database\\Query\\Builder.php(2414): Illuminate\\Database\\Connection->select('select count(*)...', Array, true)
#3 C:\\Users\\saron\\Documents\\store\\BesicStore\\shege updated\\New folder (2)\\vendor\\illuminate\\database\\Query\\Builder.php(2402): Illuminate\\Database\\Query\\Builder->runSelect()
#4 C:\\Users\\saron\\Documents\\store\\BesicStore\\shege updated\\New folder (2)\\vendor\\illuminate\\database\\Query\\Builder.php(2936): Illuminate\\Database\\Query\\Builder->Illuminate\\Database\\Query\\{closure}()
#5 C:\\Users\\saron\\Documents\\store\\BesicStore\\shege updated\\New folder (2)\\vendor\\illuminate\\database\\Query\\Builder.php(2403): Illuminate\\Database\\Query\\Builder->onceWithColumns(Array, Object(Closure))
#6 C:\\Users\\saron\\Documents\\store\\BesicStore\\shege updated\\New folder (2)\\vendor\\illuminate\\database\\Query\\Builder.php(2542): Illuminate\\Database\\Query\\Builder->get()
#7 C:\\Users\\saron\\Documents\\store\\BesicStore\\shege updated\\New folder (2)\\vendor\\illuminate\\database\\Query\\Builder.php(2509): Illuminate\\Database\\Query\\Builder->runPaginationCountQuery(Array)
#8 C:\\Users\\saron\\Documents\\store\\BesicStore\\shege updated\\New folder (2)\\vendor\\illuminate\\database\\Eloquent\\Builder.php(808): Illuminate\\Database\\Query\\Builder->getCountForPagination()
#9 C:\\Users\\saron\\Documents\\store\\BesicStore\\shege updated\\New folder (2)\\app\\Http\\Controllers\\Casher\\CasherController.php(33): Illuminate\\Database\\Eloquent\\Builder->paginate(200)
#10 C:\\Users\\saron\\Documents\\store\\BesicStore\\shege updated\\New folder (2)\\vendor\\illuminate\\container\\BoundMethod.php(36): App\\Http\\Controllers\\Casher\\CasherController->index('w')
#11 C:\\Users\\saron\\Documents\\store\\BesicStore\\shege updated\\New folder (2)\\vendor\\illuminate\\container\\Util.php(40): Illuminate\\Container\\BoundMethod::Illuminate\\Container\\{closure}()
#12 C:\\Users\\saron\\Documents\\store\\BesicStore\\shege updated\\New folder (2)\\vendor\\illuminate\\container\\BoundMethod.php(93): Illuminate\\Container\\Util::unwrapIfClosure(Object(Closure))
#13 C:\\Users\\saron\\Documents\\store\\BesicStore\\shege updated\\New folder (2)\\vendor\\illuminate\\container\\BoundMethod.php(37): Illuminate\\Container\\BoundMethod::callBoundMethod(Object(Laravel\\Lumen\\Application), Array, Object(Closure))
#14 C:\\Users\\saron\\Documents\\store\\BesicStore\\shege updated\\New folder (2)\\vendor\\illuminate\\container\\Container.php(653): Illuminate\\Container\\BoundMethod::call(Object(Laravel\\Lumen\\Application), Array, Array, NULL)
#15 C:\\Users\\saron\\Documents\\store\\BesicStore\\shege updated\\New folder (2)\\vendor\\laravel\\lumen-framework\\src\\Concerns\\RoutesRequests.php(389): Illuminate\\Container\\Container->call(Array, Array)
#16 C:\\Users\\saron\\Documents\\store\\BesicStore\\shege updated\\New folder (2)\\vendor\\laravel\\lumen-framework\\src\\Concerns\\RoutesRequests.php(355): Laravel\\Lumen\\Application->callControllerCallable(Array, Array)
#17 C:\\Users\\saron\\Documents\\store\\BesicStore\\shege updated\\New folder (2)\\vendor\\laravel\\lumen-framework\\src\\Concerns\\RoutesRequests.php(329): Laravel\\Lumen\\Application->callLumenController(Object(App\\Http\\Controllers\\Casher\\CasherController), 'index', Array)
#18 C:\\Users\\saron\\Documents\\store\\BesicStore\\shege updated\\New folder (2)\\vendor\\laravel\\lumen-framework\\src\\Concerns\\RoutesRequests.php(282): Laravel\\Lumen\\Application->callControllerAction(Array)
#19 C:\\Users\\saron\\Documents\\store\\BesicStore\\shege updated\\New folder (2)\\vendor\\laravel\\lumen-framework\\src\\Concerns\\RoutesRequests.php(262): Laravel\\Lumen\\Application->callActionOnArrayBasedRoute(Array)
#20 C:\\Users\\saron\\Documents\\store\\BesicStore\\shege updated\\New folder (2)\\vendor\\laravel\\lumen-framework\\src\\Routing\\Pipeline.php(48): Laravel\\Lumen\\Application->Laravel\\Lumen\\Concerns\\{closure}(Object(Laravel\\Lumen\\Http\\Request))
#21 C:\\Users\\saron\\Documents\\store\\BesicStore\\shege updated\\New folder (2)\\app\\Http\\Middleware\\AdminMiddleware.php(21): Laravel\\Lumen\\Routing\\Pipeline->Laravel\\Lumen\\Routing\\{closure}(Object(Laravel\\Lumen\\Http\\Request))
#22 C:\\Users\\saron\\Documents\\store\\BesicStore\\shege updated\\New folder (2)\\vendor\\illuminate\\pipeline\\Pipeline.php(167): App\\Http\\Middleware\\AdminMiddleware->handle(Object(Laravel\\Lumen\\Http\\Request), Object(Closure))
#23 C:\\Users\\saron\\Documents\\store\\BesicStore\\shege updated\\New folder (2)\\vendor\\laravel\\lumen-framework\\src\\Routing\\Pipeline.php(30): Illuminate\\Pipeline\\Pipeline->Illuminate\\Pipeline\\{closure}(Object(Laravel\\Lumen\\Http\\Request))
#24 C:\\Users\\saron\\Documents\\store\\BesicStore\\shege updated\\New folder (2)\\app\\Http\\Middleware\\Authenticate.php(42): Laravel\\Lumen\\Routing\\Pipeline->Laravel\\Lumen\\Routing\\{closure}(Object(Laravel\\Lumen\\Http\\Request))
#25 C:\\Users\\saron\\Documents\\store\\BesicStore\\shege updated\\New folder (2)\\vendor\\illuminate\\pipeline\\Pipeline.php(167): App\\Http\\Middleware\\Authenticate->handle(Object(Laravel\\Lumen\\Http\\Request), Object(Closure))
#26 C:\\Users\\saron\\Documents\\store\\BesicStore\\shege updated\\New folder (2)\\vendor\\laravel\\lumen-framework\\src\\Routing\\Pipeline.php(30): Illuminate\\Pipeline\\Pipeline->Illuminate\\Pipeline\\{closure}(Object(Laravel\\Lumen\\Http\\Request))
#27 C:\\Users\\saron\\Documents\\store\\BesicStore\\shege updated\\New folder (2)\\vendor\\illuminate\\pipeline\\Pipeline.php(103): Laravel\\Lumen\\Routing\\Pipeline->Laravel\\Lumen\\Routing\\{closure}(Object(Laravel\\Lumen\\Http\\Request))
#28 C:\\Users\\saron\\Documents\\store\\BesicStore\\shege updated\\New folder (2)\\vendor\\laravel\\lumen-framework\\src\\Concerns\\RoutesRequests.php(426): Illuminate\\Pipeline\\Pipeline->then(Object(Closure))
#29 C:\\Users\\saron\\Documents\\store\\BesicStore\\shege updated\\New folder (2)\\vendor\\laravel\\lumen-framework\\src\\Concerns\\RoutesRequests.php(263): Laravel\\Lumen\\Application->sendThroughPipeline(Array, Object(Closure))
#30 C:\\Users\\saron\\Documents\\store\\BesicStore\\shege updated\\New folder (2)\\vendor\\laravel\\lumen-framework\\src\\Concerns\\RoutesRequests.php(237): Laravel\\Lumen\\Application->handleFoundRoute(Array)
#31 C:\\Users\\saron\\Documents\\store\\BesicStore\\shege updated\\New folder (2)\\vendor\\laravel\\lumen-framework\\src\\Concerns\\RoutesRequests.php(173): Laravel\\Lumen\\Application->handleDispatcherResponse(Array)
#32 C:\\Users\\saron\\Documents\\store\\BesicStore\\shege updated\\New folder (2)\\vendor\\laravel\\lumen-framework\\src\\Routing\\Pipeline.php(48): Laravel\\Lumen\\Application->Laravel\\Lumen\\Concerns\\{closure}(Object(Laravel\\Lumen\\Http\\Request))
#33 C:\\Users\\saron\\Documents\\store\\BesicStore\\shege updated\\New folder (2)\\app\\Http\\Middleware\\CorsMiddleware.php(38): Laravel\\Lumen\\Routing\\Pipeline->Laravel\\Lumen\\Routing\\{closure}(Object(Laravel\\Lumen\\Http\\Request))
#34 C:\\Users\\saron\\Documents\\store\\BesicStore\\shege updated\\New folder (2)\\vendor\\illuminate\\pipeline\\Pipeline.php(167): App\\Http\\Middleware\\CorsMiddleware->handle(Object(Laravel\\Lumen\\Http\\Request), Object(Closure))
#35 C:\\Users\\saron\\Documents\\store\\BesicStore\\shege updated\\New folder (2)\\vendor\\laravel\\lumen-framework\\src\\Routing\\Pipeline.php(30): Illuminate\\Pipeline\\Pipeline->Illuminate\\Pipeline\\{closure}(Object(Laravel\\Lumen\\Http\\Request))
#36 C:\\Users\\saron\\Documents\\store\\BesicStore\\shege updated\\New folder (2)\\vendor\\illuminate\\pipeline\\Pipeline.php(103): Laravel\\Lumen\\Routing\\Pipeline->Laravel\\Lumen\\Routing\\{closure}(Object(Laravel\\Lumen\\Http\\Request))
#37 C:\\Users\\saron\\Documents\\store\\BesicStore\\shege updated\\New folder (2)\\vendor\\laravel\\lumen-framework\\src\\Concerns\\RoutesRequests.php(426): Illuminate\\Pipeline\\Pipeline->then(Object(Closure))
#38 C:\\Users\\saron\\Documents\\store\\BesicStore\\shege updated\\New folder (2)\\vendor\\laravel\\lumen-framework\\src\\Concerns\\RoutesRequests.php(175): Laravel\\Lumen\\Application->sendThroughPipeline(Array, Object(Closure))
#39 C:\\Users\\saron\\Documents\\store\\BesicStore\\shege updated\\New folder (2)\\vendor\\laravel\\lumen-framework\\src\\Concerns\\RoutesRequests.php(112): Laravel\\Lumen\\Application->dispatch(NULL)
#40 C:\\Users\\saron\\Documents\\store\\BesicStore\\shege updated\\New folder (2)\\public\\index.php(28): Laravel\\Lumen\\Application->run()
#41 {main}

[previous exception] [object] (PDOException(code: 42S22): SQLSTATE[42S22]: Column not found: 1054 Unknown column '0' in 'where clause' at C:\\Users\\saron\\Documents\\store\\BesicStore\\shege updated\\New folder (2)\\vendor\\illuminate\\database\\Connection.php:368)
[stacktrace]
#0 C:\\Users\\saron\\Documents\\store\\BesicStore\\shege updated\\New folder (2)\\vendor\\illuminate\\database\\Connection.php(368): PDO->prepare('select count(*)...')
#1 C:\\Users\\saron\\Documents\\store\\BesicStore\\shege updated\\New folder (2)\\vendor\\illuminate\\database\\Connection.php(705): Illuminate\\Database\\Connection->Illuminate\\Database\\{closure}('select count(*)...', Array)
#2 C:\\Users\\saron\\Documents\\store\\BesicStore\\shege updated\\New folder (2)\\vendor\\illuminate\\database\\Connection.php(672): Illuminate\\Database\\Connection->runQueryCallback('select count(*)...', Array, Object(Closure))
#3 C:\\Users\\saron\\Documents\\store\\BesicStore\\shege updated\\New folder (2)\\vendor\\illuminate\\database\\Connection.php(376): Illuminate\\Database\\Connection->run('select count(*)...', Array, Object(Closure))
#4 C:\\Users\\saron\\Documents\\store\\BesicStore\\shege updated\\New folder (2)\\vendor\\illuminate\\database\\Query\\Builder.php(2414): Illuminate\\Database\\Connection->select('select count(*)...', Array, true)
#5 C:\\Users\\saron\\Documents\\store\\BesicStore\\shege updated\\New folder (2)\\vendor\\illuminate\\database\\Query\\Builder.php(2402): Illuminate\\Database\\Query\\Builder->runSelect()
#6 C:\\Users\\saron\\Documents\\store\\BesicStore\\shege updated\\New folder (2)\\vendor\\illuminate\\database\\Query\\Builder.php(2936): Illuminate\\Database\\Query\\Builder->Illuminate\\Database\\Query\\{closure}()
#7 C:\\Users\\saron\\Documents\\store\\BesicStore\\shege updated\\New folder (2)\\vendor\\illuminate\\database\\Query\\Builder.php(2403): Illuminate\\Database\\Query\\Builder->onceWithColumns(Array, Object(Closure))
#8 C:\\Users\\saron\\Documents\\store\\BesicStore\\shege updated\\New folder (2)\\vendor\\illuminate\\database\\Query\\Builder.php(2542): Illuminate\\Database\\Query\\Builder->get()
#9 C:\\Users\\saron\\Documents\\store\\BesicStore\\shege updated\\New folder (2)\\vendor\\illuminate\\database\\Query\\Builder.php(2509): Illuminate\\Database\\Query\\Builder->runPaginationCountQuery(Array)
#10 C:\\Users\\saron\\Documents\\store\\BesicStore\\shege updated\\New folder (2)\\vendor\\illuminate\\database\\Eloquent\\Builder.php(808): Illuminate\\Database\\Query\\Builder->getCountForPagination()
#11 C:\\Users\\saron\\Documents\\store\\BesicStore\\shege updated\\New folder (2)\\app\\Http\\Controllers\\Casher\\CasherController.php(33): Illuminate\\Database\\Eloquent\\Builder->paginate(200)
#12 C:\\Users\\saron\\Documents\\store\\BesicStore\\shege updated\\New folder (2)\\vendor\\illuminate\\container\\BoundMethod.php(36): App\\Http\\Controllers\\Casher\\CasherController->index('w')
#13 C:\\Users\\saron\\Documents\\store\\BesicStore\\shege updated\\New folder (2)\\vendor\\illuminate\\container\\Util.php(40): Illuminate\\Container\\BoundMethod::Illuminate\\Container\\{closure}()
#14 C:\\Users\\saron\\Documents\\store\\BesicStore\\shege updated\\New folder (2)\\vendor\\illuminate\\container\\BoundMethod.php(93): Illuminate\\Container\\Util::unwrapIfClosure(Object(Closure))
#15 C:\\Users\\saron\\Documents\\store\\BesicStore\\shege updated\\New folder (2)\\vendor\\illuminate\\container\\BoundMethod.php(37): Illuminate\\Container\\BoundMethod::callBoundMethod(Object(Laravel\\Lumen\\Application), Array, Object(Closure))
#16 C:\\Users\\saron\\Documents\\store\\BesicStore\\shege updated\\New folder (2)\\vendor\\illuminate\\container\\Container.php(653): Illuminate\\Container\\BoundMethod::call(Object(Laravel\\Lumen\\Application), Array, Array, NULL)
#17 C:\\Users\\saron\\Documents\\store\\BesicStore\\shege updated\\New folder (2)\\vendor\\laravel\\lumen-framework\\src\\Concerns\\RoutesRequests.php(389): Illuminate\\Container\\Container->call(Array, Array)
#18 C:\\Users\\saron\\Documents\\store\\BesicStore\\shege updated\\New folder (2)\\vendor\\laravel\\lumen-framework\\src\\Concerns\\RoutesRequests.php(355): Laravel\\Lumen\\Application->callControllerCallable(Array, Array)
#19 C:\\Users\\saron\\Documents\\store\\BesicStore\\shege updated\\New folder (2)\\vendor\\laravel\\lumen-framework\\src\\Concerns\\RoutesRequests.php(329): Laravel\\Lumen\\Application->callLumenController(Object(App\\Http\\Controllers\\Casher\\CasherController), 'index', Array)
#20 C:\\Users\\saron\\Documents\\store\\BesicStore\\shege updated\\New folder (2)\\vendor\\laravel\\lumen-framework\\src\\Concerns\\RoutesRequests.php(282): Laravel\\Lumen\\Application->callControllerAction(Array)
#21 C:\\Users\\saron\\Documents\\store\\BesicStore\\shege updated\\New folder (2)\\vendor\\laravel\\lumen-framework\\src\\Concerns\\RoutesRequests.php(262): Laravel\\Lumen\\Application->callActionOnArrayBasedRoute(Array)
#22 C:\\Users\\saron\\Documents\\store\\BesicStore\\shege updated\\New folder (2)\\vendor\\laravel\\lumen-framework\\src\\Routing\\Pipeline.php(48): Laravel\\Lumen\\Application->Laravel\\Lumen\\Concerns\\{closure}(Object(Laravel\\Lumen\\Http\\Request))
#23 C:\\Users\\saron\\Documents\\store\\BesicStore\\shege updated\\New folder (2)\\app\\Http\\Middleware\\AdminMiddleware.php(21): Laravel\\Lumen\\Routing\\Pipeline->Laravel\\Lumen\\Routing\\{closure}(Object(Laravel\\Lumen\\Http\\Request))
#24 C:\\Users\\saron\\Documents\\store\\BesicStore\\shege updated\\New folder (2)\\vendor\\illuminate\\pipeline\\Pipeline.php(167): App\\Http\\Middleware\\AdminMiddleware->handle(Object(Laravel\\Lumen\\Http\\Request), Object(Closure))
#25 C:\\Users\\saron\\Documents\\store\\BesicStore\\shege updated\\New folder (2)\\vendor\\laravel\\lumen-framework\\src\\Routing\\Pipeline.php(30): Illuminate\\Pipeline\\Pipeline->Illuminate\\Pipeline\\{closure}(Object(Laravel\\Lumen\\Http\\Request))
#26 C:\\Users\\saron\\Documents\\store\\BesicStore\\shege updated\\New folder (2)\\app\\Http\\Middleware\\Authenticate.php(42): Laravel\\Lumen\\Routing\\Pipeline->Laravel\\Lumen\\Routing\\{closure}(Object(Laravel\\Lumen\\Http\\Request))
#27 C:\\Users\\saron\\Documents\\store\\BesicStore\\shege updated\\New folder (2)\\vendor\\illuminate\\pipeline\\Pipeline.php(167): App\\Http\\Middleware\\Authenticate->handle(Object(Laravel\\Lumen\\Http\\Request), Object(Closure))
#28 C:\\Users\\saron\\Documents\\store\\BesicStore\\shege updated\\New folder (2)\\vendor\\laravel\\lumen-framework\\src\\Routing\\Pipeline.php(30): Illuminate\\Pipeline\\Pipeline->Illuminate\\Pipeline\\{closure}(Object(Laravel\\Lumen\\Http\\Request))
#29 C:\\Users\\saron\\Documents\\store\\BesicStore\\shege updated\\New folder (2)\\vendor\\illuminate\\pipeline\\Pipeline.php(103): Laravel\\Lumen\\Routing\\Pipeline->Laravel\\Lumen\\Routing\\{closure}(Object(Laravel\\Lumen\\Http\\Request))
#30 C:\\Users\\saron\\Documents\\store\\BesicStore\\shege updated\\New folder (2)\\vendor\\laravel\\lumen-framework\\src\\Concerns\\RoutesRequests.php(426): Illuminate\\Pipeline\\Pipeline->then(Object(Closure))
#31 C:\\Users\\saron\\Documents\\store\\BesicStore\\shege updated\\New folder (2)\\vendor\\laravel\\lumen-framework\\src\\Concerns\\RoutesRequests.php(263): Laravel\\Lumen\\Application->sendThroughPipeline(Array, Object(Closure))
#32 C:\\Users\\saron\\Documents\\store\\BesicStore\\shege updated\\New folder (2)\\vendor\\laravel\\lumen-framework\\src\\Concerns\\RoutesRequests.php(237): Laravel\\Lumen\\Application->handleFoundRoute(Array)
#33 C:\\Users\\saron\\Documents\\store\\BesicStore\\shege updated\\New folder (2)\\vendor\\laravel\\lumen-framework\\src\\Concerns\\RoutesRequests.php(173): Laravel\\Lumen\\Application->handleDispatcherResponse(Array)
#34 C:\\Users\\saron\\Documents\\store\\BesicStore\\shege updated\\New folder (2)\\vendor\\laravel\\lumen-framework\\src\\Routing\\Pipeline.php(48): Laravel\\Lumen\\Application->Laravel\\Lumen\\Concerns\\{closure}(Object(Laravel\\Lumen\\Http\\Request))
#35 C:\\Users\\saron\\Documents\\store\\BesicStore\\shege updated\\New folder (2)\\app\\Http\\Middleware\\CorsMiddleware.php(38): Laravel\\Lumen\\Routing\\Pipeline->Laravel\\Lumen\\Routing\\{closure}(Object(Laravel\\Lumen\\Http\\Request))
#36 C:\\Users\\saron\\Documents\\store\\BesicStore\\shege updated\\New folder (2)\\vendor\\illuminate\\pipeline\\Pipeline.php(167): App\\Http\\Middleware\\CorsMiddleware->handle(Object(Laravel\\Lumen\\Http\\Request), Object(Closure))
#37 C:\\Users\\saron\\Documents\\store\\BesicStore\\shege updated\\New folder (2)\\vendor\\laravel\\lumen-framework\\src\\Routing\\Pipeline.php(30): Illuminate\\Pipeline\\Pipeline->Illuminate\\Pipeline\\{closure}(Object(Laravel\\Lumen\\Http\\Request))
#38 C:\\Users\\saron\\Documents\\store\\BesicStore\\shege updated\\New folder (2)\\vendor\\illuminate\\pipeline\\Pipeline.php(103): Laravel\\Lumen\\Routing\\Pipeline->Laravel\\Lumen\\Routing\\{closure}(Object(Laravel\\Lumen\\Http\\Request))
#39 C:\\Users\\saron\\Documents\\store\\BesicStore\\shege updated\\New folder (2)\\vendor\\laravel\\lumen-framework\\src\\Concerns\\RoutesRequests.php(426): Illuminate\\Pipeline\\Pipeline->then(Object(Closure))
#40 C:\\Users\\saron\\Documents\\store\\BesicStore\\shege updated\\New folder (2)\\vendor\\laravel\\lumen-framework\\src\\Concerns\\RoutesRequests.php(175): Laravel\\Lumen\\Application->sendThroughPipeline(Array, Object(Closure))
#41 C:\\Users\\saron\\Documents\\store\\BesicStore\\shege updated\\New folder (2)\\vendor\\laravel\\lumen-framework\\src\\Concerns\\RoutesRequests.php(112): Laravel\\Lumen\\Application->dispatch(NULL)
#42 C:\\Users\\saron\\Documents\\store\\BesicStore\\shege updated\\New folder (2)\\public\\index.php(28): Laravel\\Lumen\\Application->run()
#43 {main}
"} 
[2024-10-28 08:27:29] remote.ERROR: SQLSTATE[42S22]: Column not found: 1054 Unknown column '0' in 'where clause' (SQL: select count(*) as aggregate from (select `waiter` as `waiter`, `folder_id` as `folder_id`, count(*) as total, 0 as number, sum(order_price) as order_price, Max(isdelivery) as isdelivery, Max(isflaged) as isflaged, Max(state) as state, Max(fee) as fee, Max(phone_number) as phone_number, Max(table_name) as table_name from `cashers` where (`state` = 1 and (`0` = state and `1` = = and `2` = 0)) and `created_at` >= 2024-10-28 00:00:00 and `cashers`.`deleted_at` is null group by `waiter`, `folder_id`) as `aggregate_table`) {"exception":"[object] (Illuminate\\Database\\QueryException(code: 42S22): SQLSTATE[42S22]: Column not found: 1054 Unknown column '0' in 'where clause' (SQL: select count(*) as aggregate from (select `waiter` as `waiter`, `folder_id` as `folder_id`, count(*) as total, 0 as number, sum(order_price) as order_price, Max(isdelivery) as isdelivery, Max(isflaged) as isflaged, Max(state) as state, Max(fee) as fee, Max(phone_number) as phone_number, Max(table_name) as table_name from `cashers` where (`state` = 1 and (`0` = state and `1` = = and `2` = 0)) and `created_at` >= 2024-10-28 00:00:00 and `cashers`.`deleted_at` is null group by `waiter`, `folder_id`) as `aggregate_table`) at C:\\Users\\saron\\Documents\\store\\BesicStore\\shege updated\\New folder (2)\\vendor\\illuminate\\database\\Connection.php:712)
[stacktrace]
#0 C:\\Users\\saron\\Documents\\store\\BesicStore\\shege updated\\New folder (2)\\vendor\\illuminate\\database\\Connection.php(672): Illuminate\\Database\\Connection->runQueryCallback('select count(*)...', Array, Object(Closure))
#1 C:\\Users\\saron\\Documents\\store\\BesicStore\\shege updated\\New folder (2)\\vendor\\illuminate\\database\\Connection.php(376): Illuminate\\Database\\Connection->run('select count(*)...', Array, Object(Closure))
#2 C:\\Users\\saron\\Documents\\store\\BesicStore\\shege updated\\New folder (2)\\vendor\\illuminate\\database\\Query\\Builder.php(2414): Illuminate\\Database\\Connection->select('select count(*)...', Array, true)
#3 C:\\Users\\saron\\Documents\\store\\BesicStore\\shege updated\\New folder (2)\\vendor\\illuminate\\database\\Query\\Builder.php(2402): Illuminate\\Database\\Query\\Builder->runSelect()
#4 C:\\Users\\saron\\Documents\\store\\BesicStore\\shege updated\\New folder (2)\\vendor\\illuminate\\database\\Query\\Builder.php(2936): Illuminate\\Database\\Query\\Builder->Illuminate\\Database\\Query\\{closure}()
#5 C:\\Users\\saron\\Documents\\store\\BesicStore\\shege updated\\New folder (2)\\vendor\\illuminate\\database\\Query\\Builder.php(2403): Illuminate\\Database\\Query\\Builder->onceWithColumns(Array, Object(Closure))
#6 C:\\Users\\saron\\Documents\\store\\BesicStore\\shege updated\\New folder (2)\\vendor\\illuminate\\database\\Query\\Builder.php(2542): Illuminate\\Database\\Query\\Builder->get()
#7 C:\\Users\\saron\\Documents\\store\\BesicStore\\shege updated\\New folder (2)\\vendor\\illuminate\\database\\Query\\Builder.php(2509): Illuminate\\Database\\Query\\Builder->runPaginationCountQuery(Array)
#8 C:\\Users\\saron\\Documents\\store\\BesicStore\\shege updated\\New folder (2)\\vendor\\illuminate\\database\\Eloquent\\Builder.php(808): Illuminate\\Database\\Query\\Builder->getCountForPagination()
#9 C:\\Users\\saron\\Documents\\store\\BesicStore\\shege updated\\New folder (2)\\app\\Http\\Controllers\\Casher\\CasherController.php(33): Illuminate\\Database\\Eloquent\\Builder->paginate(200)
#10 C:\\Users\\saron\\Documents\\store\\BesicStore\\shege updated\\New folder (2)\\vendor\\illuminate\\container\\BoundMethod.php(36): App\\Http\\Controllers\\Casher\\CasherController->index('w')
#11 C:\\Users\\saron\\Documents\\store\\BesicStore\\shege updated\\New folder (2)\\vendor\\illuminate\\container\\Util.php(40): Illuminate\\Container\\BoundMethod::Illuminate\\Container\\{closure}()
#12 C:\\Users\\saron\\Documents\\store\\BesicStore\\shege updated\\New folder (2)\\vendor\\illuminate\\container\\BoundMethod.php(93): Illuminate\\Container\\Util::unwrapIfClosure(Object(Closure))
#13 C:\\Users\\saron\\Documents\\store\\BesicStore\\shege updated\\New folder (2)\\vendor\\illuminate\\container\\BoundMethod.php(37): Illuminate\\Container\\BoundMethod::callBoundMethod(Object(Laravel\\Lumen\\Application), Array, Object(Closure))
#14 C:\\Users\\saron\\Documents\\store\\BesicStore\\shege updated\\New folder (2)\\vendor\\illuminate\\container\\Container.php(653): Illuminate\\Container\\BoundMethod::call(Object(Laravel\\Lumen\\Application), Array, Array, NULL)
#15 C:\\Users\\saron\\Documents\\store\\BesicStore\\shege updated\\New folder (2)\\vendor\\laravel\\lumen-framework\\src\\Concerns\\RoutesRequests.php(389): Illuminate\\Container\\Container->call(Array, Array)
#16 C:\\Users\\saron\\Documents\\store\\BesicStore\\shege updated\\New folder (2)\\vendor\\laravel\\lumen-framework\\src\\Concerns\\RoutesRequests.php(355): Laravel\\Lumen\\Application->callControllerCallable(Array, Array)
#17 C:\\Users\\saron\\Documents\\store\\BesicStore\\shege updated\\New folder (2)\\vendor\\laravel\\lumen-framework\\src\\Concerns\\RoutesRequests.php(329): Laravel\\Lumen\\Application->callLumenController(Object(App\\Http\\Controllers\\Casher\\CasherController), 'index', Array)
#18 C:\\Users\\saron\\Documents\\store\\BesicStore\\shege updated\\New folder (2)\\vendor\\laravel\\lumen-framework\\src\\Concerns\\RoutesRequests.php(282): Laravel\\Lumen\\Application->callControllerAction(Array)
#19 C:\\Users\\saron\\Documents\\store\\BesicStore\\shege updated\\New folder (2)\\vendor\\laravel\\lumen-framework\\src\\Concerns\\RoutesRequests.php(262): Laravel\\Lumen\\Application->callActionOnArrayBasedRoute(Array)
#20 C:\\Users\\saron\\Documents\\store\\BesicStore\\shege updated\\New folder (2)\\vendor\\laravel\\lumen-framework\\src\\Routing\\Pipeline.php(48): Laravel\\Lumen\\Application->Laravel\\Lumen\\Concerns\\{closure}(Object(Laravel\\Lumen\\Http\\Request))
#21 C:\\Users\\saron\\Documents\\store\\BesicStore\\shege updated\\New folder (2)\\app\\Http\\Middleware\\AdminMiddleware.php(21): Laravel\\Lumen\\Routing\\Pipeline->Laravel\\Lumen\\Routing\\{closure}(Object(Laravel\\Lumen\\Http\\Request))
#22 C:\\Users\\saron\\Documents\\store\\BesicStore\\shege updated\\New folder (2)\\vendor\\illuminate\\pipeline\\Pipeline.php(167): App\\Http\\Middleware\\AdminMiddleware->handle(Object(Laravel\\Lumen\\Http\\Request), Object(Closure))
#23 C:\\Users\\saron\\Documents\\store\\BesicStore\\shege updated\\New folder (2)\\vendor\\laravel\\lumen-framework\\src\\Routing\\Pipeline.php(30): Illuminate\\Pipeline\\Pipeline->Illuminate\\Pipeline\\{closure}(Object(Laravel\\Lumen\\Http\\Request))
#24 C:\\Users\\saron\\Documents\\store\\BesicStore\\shege updated\\New folder (2)\\app\\Http\\Middleware\\Authenticate.php(42): Laravel\\Lumen\\Routing\\Pipeline->Laravel\\Lumen\\Routing\\{closure}(Object(Laravel\\Lumen\\Http\\Request))
#25 C:\\Users\\saron\\Documents\\store\\BesicStore\\shege updated\\New folder (2)\\vendor\\illuminate\\pipeline\\Pipeline.php(167): App\\Http\\Middleware\\Authenticate->handle(Object(Laravel\\Lumen\\Http\\Request), Object(Closure))
#26 C:\\Users\\saron\\Documents\\store\\BesicStore\\shege updated\\New folder (2)\\vendor\\laravel\\lumen-framework\\src\\Routing\\Pipeline.php(30): Illuminate\\Pipeline\\Pipeline->Illuminate\\Pipeline\\{closure}(Object(Laravel\\Lumen\\Http\\Request))
#27 C:\\Users\\saron\\Documents\\store\\BesicStore\\shege updated\\New folder (2)\\vendor\\illuminate\\pipeline\\Pipeline.php(103): Laravel\\Lumen\\Routing\\Pipeline->Laravel\\Lumen\\Routing\\{closure}(Object(Laravel\\Lumen\\Http\\Request))
#28 C:\\Users\\saron\\Documents\\store\\BesicStore\\shege updated\\New folder (2)\\vendor\\laravel\\lumen-framework\\src\\Concerns\\RoutesRequests.php(426): Illuminate\\Pipeline\\Pipeline->then(Object(Closure))
#29 C:\\Users\\saron\\Documents\\store\\BesicStore\\shege updated\\New folder (2)\\vendor\\laravel\\lumen-framework\\src\\Concerns\\RoutesRequests.php(263): Laravel\\Lumen\\Application->sendThroughPipeline(Array, Object(Closure))
#30 C:\\Users\\saron\\Documents\\store\\BesicStore\\shege updated\\New folder (2)\\vendor\\laravel\\lumen-framework\\src\\Concerns\\RoutesRequests.php(237): Laravel\\Lumen\\Application->handleFoundRoute(Array)
#31 C:\\Users\\saron\\Documents\\store\\BesicStore\\shege updated\\New folder (2)\\vendor\\laravel\\lumen-framework\\src\\Concerns\\RoutesRequests.php(173): Laravel\\Lumen\\Application->handleDispatcherResponse(Array)
#32 C:\\Users\\saron\\Documents\\store\\BesicStore\\shege updated\\New folder (2)\\vendor\\laravel\\lumen-framework\\src\\Routing\\Pipeline.php(48): Laravel\\Lumen\\Application->Laravel\\Lumen\\Concerns\\{closure}(Object(Laravel\\Lumen\\Http\\Request))
#33 C:\\Users\\saron\\Documents\\store\\BesicStore\\shege updated\\New folder (2)\\app\\Http\\Middleware\\CorsMiddleware.php(38): Laravel\\Lumen\\Routing\\Pipeline->Laravel\\Lumen\\Routing\\{closure}(Object(Laravel\\Lumen\\Http\\Request))
#34 C:\\Users\\saron\\Documents\\store\\BesicStore\\shege updated\\New folder (2)\\vendor\\illuminate\\pipeline\\Pipeline.php(167): App\\Http\\Middleware\\CorsMiddleware->handle(Object(Laravel\\Lumen\\Http\\Request), Object(Closure))
#35 C:\\Users\\saron\\Documents\\store\\BesicStore\\shege updated\\New folder (2)\\vendor\\laravel\\lumen-framework\\src\\Routing\\Pipeline.php(30): Illuminate\\Pipeline\\Pipeline->Illuminate\\Pipeline\\{closure}(Object(Laravel\\Lumen\\Http\\Request))
#36 C:\\Users\\saron\\Documents\\store\\BesicStore\\shege updated\\New folder (2)\\vendor\\illuminate\\pipeline\\Pipeline.php(103): Laravel\\Lumen\\Routing\\Pipeline->Laravel\\Lumen\\Routing\\{closure}(Object(Laravel\\Lumen\\Http\\Request))
#37 C:\\Users\\saron\\Documents\\store\\BesicStore\\shege updated\\New folder (2)\\vendor\\laravel\\lumen-framework\\src\\Concerns\\RoutesRequests.php(426): Illuminate\\Pipeline\\Pipeline->then(Object(Closure))
#38 C:\\Users\\saron\\Documents\\store\\BesicStore\\shege updated\\New folder (2)\\vendor\\laravel\\lumen-framework\\src\\Concerns\\RoutesRequests.php(175): Laravel\\Lumen\\Application->sendThroughPipeline(Array, Object(Closure))
#39 C:\\Users\\saron\\Documents\\store\\BesicStore\\shege updated\\New folder (2)\\vendor\\laravel\\lumen-framework\\src\\Concerns\\RoutesRequests.php(112): Laravel\\Lumen\\Application->dispatch(NULL)
#40 C:\\Users\\saron\\Documents\\store\\BesicStore\\shege updated\\New folder (2)\\public\\index.php(28): Laravel\\Lumen\\Application->run()
#41 {main}

[previous exception] [object] (PDOException(code: 42S22): SQLSTATE[42S22]: Column not found: 1054 Unknown column '0' in 'where clause' at C:\\Users\\saron\\Documents\\store\\BesicStore\\shege updated\\New folder (2)\\vendor\\illuminate\\database\\Connection.php:368)
[stacktrace]
#0 C:\\Users\\saron\\Documents\\store\\BesicStore\\shege updated\\New folder (2)\\vendor\\illuminate\\database\\Connection.php(368): PDO->prepare('select count(*)...')
#1 C:\\Users\\saron\\Documents\\store\\BesicStore\\shege updated\\New folder (2)\\vendor\\illuminate\\database\\Connection.php(705): Illuminate\\Database\\Connection->Illuminate\\Database\\{closure}('select count(*)...', Array)
#2 C:\\Users\\saron\\Documents\\store\\BesicStore\\shege updated\\New folder (2)\\vendor\\illuminate\\database\\Connection.php(672): Illuminate\\Database\\Connection->runQueryCallback('select count(*)...', Array, Object(Closure))
#3 C:\\Users\\saron\\Documents\\store\\BesicStore\\shege updated\\New folder (2)\\vendor\\illuminate\\database\\Connection.php(376): Illuminate\\Database\\Connection->run('select count(*)...', Array, Object(Closure))
#4 C:\\Users\\saron\\Documents\\store\\BesicStore\\shege updated\\New folder (2)\\vendor\\illuminate\\database\\Query\\Builder.php(2414): Illuminate\\Database\\Connection->select('select count(*)...', Array, true)
#5 C:\\Users\\saron\\Documents\\store\\BesicStore\\shege updated\\New folder (2)\\vendor\\illuminate\\database\\Query\\Builder.php(2402): Illuminate\\Database\\Query\\Builder->runSelect()
#6 C:\\Users\\saron\\Documents\\store\\BesicStore\\shege updated\\New folder (2)\\vendor\\illuminate\\database\\Query\\Builder.php(2936): Illuminate\\Database\\Query\\Builder->Illuminate\\Database\\Query\\{closure}()
#7 C:\\Users\\saron\\Documents\\store\\BesicStore\\shege updated\\New folder (2)\\vendor\\illuminate\\database\\Query\\Builder.php(2403): Illuminate\\Database\\Query\\Builder->onceWithColumns(Array, Object(Closure))
#8 C:\\Users\\saron\\Documents\\store\\BesicStore\\shege updated\\New folder (2)\\vendor\\illuminate\\database\\Query\\Builder.php(2542): Illuminate\\Database\\Query\\Builder->get()
#9 C:\\Users\\saron\\Documents\\store\\BesicStore\\shege updated\\New folder (2)\\vendor\\illuminate\\database\\Query\\Builder.php(2509): Illuminate\\Database\\Query\\Builder->runPaginationCountQuery(Array)
#10 C:\\Users\\saron\\Documents\\store\\BesicStore\\shege updated\\New folder (2)\\vendor\\illuminate\\database\\Eloquent\\Builder.php(808): Illuminate\\Database\\Query\\Builder->getCountForPagination()
#11 C:\\Users\\saron\\Documents\\store\\BesicStore\\shege updated\\New folder (2)\\app\\Http\\Controllers\\Casher\\CasherController.php(33): Illuminate\\Database\\Eloquent\\Builder->paginate(200)
#12 C:\\Users\\saron\\Documents\\store\\BesicStore\\shege updated\\New folder (2)\\vendor\\illuminate\\container\\BoundMethod.php(36): App\\Http\\Controllers\\Casher\\CasherController->index('w')
#13 C:\\Users\\saron\\Documents\\store\\BesicStore\\shege updated\\New folder (2)\\vendor\\illuminate\\container\\Util.php(40): Illuminate\\Container\\BoundMethod::Illuminate\\Container\\{closure}()
#14 C:\\Users\\saron\\Documents\\store\\BesicStore\\shege updated\\New folder (2)\\vendor\\illuminate\\container\\BoundMethod.php(93): Illuminate\\Container\\Util::unwrapIfClosure(Object(Closure))
#15 C:\\Users\\saron\\Documents\\store\\BesicStore\\shege updated\\New folder (2)\\vendor\\illuminate\\container\\BoundMethod.php(37): Illuminate\\Container\\BoundMethod::callBoundMethod(Object(Laravel\\Lumen\\Application), Array, Object(Closure))
#16 C:\\Users\\saron\\Documents\\store\\BesicStore\\shege updated\\New folder (2)\\vendor\\illuminate\\container\\Container.php(653): Illuminate\\Container\\BoundMethod::call(Object(Laravel\\Lumen\\Application), Array, Array, NULL)
#17 C:\\Users\\saron\\Documents\\store\\BesicStore\\shege updated\\New folder (2)\\vendor\\laravel\\lumen-framework\\src\\Concerns\\RoutesRequests.php(389): Illuminate\\Container\\Container->call(Array, Array)
#18 C:\\Users\\saron\\Documents\\store\\BesicStore\\shege updated\\New folder (2)\\vendor\\laravel\\lumen-framework\\src\\Concerns\\RoutesRequests.php(355): Laravel\\Lumen\\Application->callControllerCallable(Array, Array)
#19 C:\\Users\\saron\\Documents\\store\\BesicStore\\shege updated\\New folder (2)\\vendor\\laravel\\lumen-framework\\src\\Concerns\\RoutesRequests.php(329): Laravel\\Lumen\\Application->callLumenController(Object(App\\Http\\Controllers\\Casher\\CasherController), 'index', Array)
#20 C:\\Users\\saron\\Documents\\store\\BesicStore\\shege updated\\New folder (2)\\vendor\\laravel\\lumen-framework\\src\\Concerns\\RoutesRequests.php(282): Laravel\\Lumen\\Application->callControllerAction(Array)
#21 C:\\Users\\saron\\Documents\\store\\BesicStore\\shege updated\\New folder (2)\\vendor\\laravel\\lumen-framework\\src\\Concerns\\RoutesRequests.php(262): Laravel\\Lumen\\Application->callActionOnArrayBasedRoute(Array)
#22 C:\\Users\\saron\\Documents\\store\\BesicStore\\shege updated\\New folder (2)\\vendor\\laravel\\lumen-framework\\src\\Routing\\Pipeline.php(48): Laravel\\Lumen\\Application->Laravel\\Lumen\\Concerns\\{closure}(Object(Laravel\\Lumen\\Http\\Request))
#23 C:\\Users\\saron\\Documents\\store\\BesicStore\\shege updated\\New folder (2)\\app\\Http\\Middleware\\AdminMiddleware.php(21): Laravel\\Lumen\\Routing\\Pipeline->Laravel\\Lumen\\Routing\\{closure}(Object(Laravel\\Lumen\\Http\\Request))
#24 C:\\Users\\saron\\Documents\\store\\BesicStore\\shege updated\\New folder (2)\\vendor\\illuminate\\pipeline\\Pipeline.php(167): App\\Http\\Middleware\\AdminMiddleware->handle(Object(Laravel\\Lumen\\Http\\Request), Object(Closure))
#25 C:\\Users\\saron\\Documents\\store\\BesicStore\\shege updated\\New folder (2)\\vendor\\laravel\\lumen-framework\\src\\Routing\\Pipeline.php(30): Illuminate\\Pipeline\\Pipeline->Illuminate\\Pipeline\\{closure}(Object(Laravel\\Lumen\\Http\\Request))
#26 C:\\Users\\saron\\Documents\\store\\BesicStore\\shege updated\\New folder (2)\\app\\Http\\Middleware\\Authenticate.php(42): Laravel\\Lumen\\Routing\\Pipeline->Laravel\\Lumen\\Routing\\{closure}(Object(Laravel\\Lumen\\Http\\Request))
#27 C:\\Users\\saron\\Documents\\store\\BesicStore\\shege updated\\New folder (2)\\vendor\\illuminate\\pipeline\\Pipeline.php(167): App\\Http\\Middleware\\Authenticate->handle(Object(Laravel\\Lumen\\Http\\Request), Object(Closure))
#28 C:\\Users\\saron\\Documents\\store\\BesicStore\\shege updated\\New folder (2)\\vendor\\laravel\\lumen-framework\\src\\Routing\\Pipeline.php(30): Illuminate\\Pipeline\\Pipeline->Illuminate\\Pipeline\\{closure}(Object(Laravel\\Lumen\\Http\\Request))
#29 C:\\Users\\saron\\Documents\\store\\BesicStore\\shege updated\\New folder (2)\\vendor\\illuminate\\pipeline\\Pipeline.php(103): Laravel\\Lumen\\Routing\\Pipeline->Laravel\\Lumen\\Routing\\{closure}(Object(Laravel\\Lumen\\Http\\Request))
#30 C:\\Users\\saron\\Documents\\store\\BesicStore\\shege updated\\New folder (2)\\vendor\\laravel\\lumen-framework\\src\\Concerns\\RoutesRequests.php(426): Illuminate\\Pipeline\\Pipeline->then(Object(Closure))
#31 C:\\Users\\saron\\Documents\\store\\BesicStore\\shege updated\\New folder (2)\\vendor\\laravel\\lumen-framework\\src\\Concerns\\RoutesRequests.php(263): Laravel\\Lumen\\Application->sendThroughPipeline(Array, Object(Closure))
#32 C:\\Users\\saron\\Documents\\store\\BesicStore\\shege updated\\New folder (2)\\vendor\\laravel\\lumen-framework\\src\\Concerns\\RoutesRequests.php(237): Laravel\\Lumen\\Application->handleFoundRoute(Array)
#33 C:\\Users\\saron\\Documents\\store\\BesicStore\\shege updated\\New folder (2)\\vendor\\laravel\\lumen-framework\\src\\Concerns\\RoutesRequests.php(173): Laravel\\Lumen\\Application->handleDispatcherResponse(Array)
#34 C:\\Users\\saron\\Documents\\store\\BesicStore\\shege updated\\New folder (2)\\vendor\\laravel\\lumen-framework\\src\\Routing\\Pipeline.php(48): Laravel\\Lumen\\Application->Laravel\\Lumen\\Concerns\\{closure}(Object(Laravel\\Lumen\\Http\\Request))
#35 C:\\Users\\saron\\Documents\\store\\BesicStore\\shege updated\\New folder (2)\\app\\Http\\Middleware\\CorsMiddleware.php(38): Laravel\\Lumen\\Routing\\Pipeline->Laravel\\Lumen\\Routing\\{closure}(Object(Laravel\\Lumen\\Http\\Request))
#36 C:\\Users\\saron\\Documents\\store\\BesicStore\\shege updated\\New folder (2)\\vendor\\illuminate\\pipeline\\Pipeline.php(167): App\\Http\\Middleware\\CorsMiddleware->handle(Object(Laravel\\Lumen\\Http\\Request), Object(Closure))
#37 C:\\Users\\saron\\Documents\\store\\BesicStore\\shege updated\\New folder (2)\\vendor\\laravel\\lumen-framework\\src\\Routing\\Pipeline.php(30): Illuminate\\Pipeline\\Pipeline->Illuminate\\Pipeline\\{closure}(Object(Laravel\\Lumen\\Http\\Request))
#38 C:\\Users\\saron\\Documents\\store\\BesicStore\\shege updated\\New folder (2)\\vendor\\illuminate\\pipeline\\Pipeline.php(103): Laravel\\Lumen\\Routing\\Pipeline->Laravel\\Lumen\\Routing\\{closure}(Object(Laravel\\Lumen\\Http\\Request))
#39 C:\\Users\\saron\\Documents\\store\\BesicStore\\shege updated\\New folder (2)\\vendor\\laravel\\lumen-framework\\src\\Concerns\\RoutesRequests.php(426): Illuminate\\Pipeline\\Pipeline->then(Object(Closure))
#40 C:\\Users\\saron\\Documents\\store\\BesicStore\\shege updated\\New folder (2)\\vendor\\laravel\\lumen-framework\\src\\Concerns\\RoutesRequests.php(175): Laravel\\Lumen\\Application->sendThroughPipeline(Array, Object(Closure))
#41 C:\\Users\\saron\\Documents\\store\\BesicStore\\shege updated\\New folder (2)\\vendor\\laravel\\lumen-framework\\src\\Concerns\\RoutesRequests.php(112): Laravel\\Lumen\\Application->dispatch(NULL)
#42 C:\\Users\\saron\\Documents\\store\\BesicStore\\shege updated\\New folder (2)\\public\\index.php(28): Laravel\\Lumen\\Application->run()
#43 {main}
"} 
[2024-10-28 08:28:57] remote.ERROR: SQLSTATE[42S22]: Column not found: 1054 Unknown column 'reated_at' in 'where clause' (SQL: select count(*) as aggregate from (select `waiter` as `waiter`, `folder_id` as `folder_id`, count(*) as total, 0 as number, sum(order_price) as order_price, Max(isdelivery) as isdelivery, Max(isflaged) as isflaged, Max(state) as state, Max(fee) as fee, Max(phone_number) as phone_number, Max(table_name) as table_name from `cashers` where (`state` = 1 and `state` = 0 and `isflaged` = 1) and `reated_at` >= 2024-10-28 00:00:00 and `cashers`.`deleted_at` is null group by `waiter`, `folder_id`) as `aggregate_table`) {"exception":"[object] (Illuminate\\Database\\QueryException(code: 42S22): SQLSTATE[42S22]: Column not found: 1054 Unknown column 'reated_at' in 'where clause' (SQL: select count(*) as aggregate from (select `waiter` as `waiter`, `folder_id` as `folder_id`, count(*) as total, 0 as number, sum(order_price) as order_price, Max(isdelivery) as isdelivery, Max(isflaged) as isflaged, Max(state) as state, Max(fee) as fee, Max(phone_number) as phone_number, Max(table_name) as table_name from `cashers` where (`state` = 1 and `state` = 0 and `isflaged` = 1) and `reated_at` >= 2024-10-28 00:00:00 and `cashers`.`deleted_at` is null group by `waiter`, `folder_id`) as `aggregate_table`) at C:\\Users\\saron\\Documents\\store\\BesicStore\\shege updated\\New folder (2)\\vendor\\illuminate\\database\\Connection.php:712)
[stacktrace]
#0 C:\\Users\\saron\\Documents\\store\\BesicStore\\shege updated\\New folder (2)\\vendor\\illuminate\\database\\Connection.php(672): Illuminate\\Database\\Connection->runQueryCallback('select count(*)...', Array, Object(Closure))
#1 C:\\Users\\saron\\Documents\\store\\BesicStore\\shege updated\\New folder (2)\\vendor\\illuminate\\database\\Connection.php(376): Illuminate\\Database\\Connection->run('select count(*)...', Array, Object(Closure))
#2 C:\\Users\\saron\\Documents\\store\\BesicStore\\shege updated\\New folder (2)\\vendor\\illuminate\\database\\Query\\Builder.php(2414): Illuminate\\Database\\Connection->select('select count(*)...', Array, true)
#3 C:\\Users\\saron\\Documents\\store\\BesicStore\\shege updated\\New folder (2)\\vendor\\illuminate\\database\\Query\\Builder.php(2402): Illuminate\\Database\\Query\\Builder->runSelect()
#4 C:\\Users\\saron\\Documents\\store\\BesicStore\\shege updated\\New folder (2)\\vendor\\illuminate\\database\\Query\\Builder.php(2936): Illuminate\\Database\\Query\\Builder->Illuminate\\Database\\Query\\{closure}()
#5 C:\\Users\\saron\\Documents\\store\\BesicStore\\shege updated\\New folder (2)\\vendor\\illuminate\\database\\Query\\Builder.php(2403): Illuminate\\Database\\Query\\Builder->onceWithColumns(Array, Object(Closure))
#6 C:\\Users\\saron\\Documents\\store\\BesicStore\\shege updated\\New folder (2)\\vendor\\illuminate\\database\\Query\\Builder.php(2542): Illuminate\\Database\\Query\\Builder->get()
#7 C:\\Users\\saron\\Documents\\store\\BesicStore\\shege updated\\New folder (2)\\vendor\\illuminate\\database\\Query\\Builder.php(2509): Illuminate\\Database\\Query\\Builder->runPaginationCountQuery(Array)
#8 C:\\Users\\saron\\Documents\\store\\BesicStore\\shege updated\\New folder (2)\\vendor\\illuminate\\database\\Eloquent\\Builder.php(808): Illuminate\\Database\\Query\\Builder->getCountForPagination()
#9 C:\\Users\\saron\\Documents\\store\\BesicStore\\shege updated\\New folder (2)\\app\\Http\\Controllers\\Casher\\CasherController.php(33): Illuminate\\Database\\Eloquent\\Builder->paginate(200)
#10 C:\\Users\\saron\\Documents\\store\\BesicStore\\shege updated\\New folder (2)\\vendor\\illuminate\\container\\BoundMethod.php(36): App\\Http\\Controllers\\Casher\\CasherController->index('w')
#11 C:\\Users\\saron\\Documents\\store\\BesicStore\\shege updated\\New folder (2)\\vendor\\illuminate\\container\\Util.php(40): Illuminate\\Container\\BoundMethod::Illuminate\\Container\\{closure}()
#12 C:\\Users\\saron\\Documents\\store\\BesicStore\\shege updated\\New folder (2)\\vendor\\illuminate\\container\\BoundMethod.php(93): Illuminate\\Container\\Util::unwrapIfClosure(Object(Closure))
#13 C:\\Users\\saron\\Documents\\store\\BesicStore\\shege updated\\New folder (2)\\vendor\\illuminate\\container\\BoundMethod.php(37): Illuminate\\Container\\BoundMethod::callBoundMethod(Object(Laravel\\Lumen\\Application), Array, Object(Closure))
#14 C:\\Users\\saron\\Documents\\store\\BesicStore\\shege updated\\New folder (2)\\vendor\\illuminate\\container\\Container.php(653): Illuminate\\Container\\BoundMethod::call(Object(Laravel\\Lumen\\Application), Array, Array, NULL)
#15 C:\\Users\\saron\\Documents\\store\\BesicStore\\shege updated\\New folder (2)\\vendor\\laravel\\lumen-framework\\src\\Concerns\\RoutesRequests.php(389): Illuminate\\Container\\Container->call(Array, Array)
#16 C:\\Users\\saron\\Documents\\store\\BesicStore\\shege updated\\New folder (2)\\vendor\\laravel\\lumen-framework\\src\\Concerns\\RoutesRequests.php(355): Laravel\\Lumen\\Application->callControllerCallable(Array, Array)
#17 C:\\Users\\saron\\Documents\\store\\BesicStore\\shege updated\\New folder (2)\\vendor\\laravel\\lumen-framework\\src\\Concerns\\RoutesRequests.php(329): Laravel\\Lumen\\Application->callLumenController(Object(App\\Http\\Controllers\\Casher\\CasherController), 'index', Array)
#18 C:\\Users\\saron\\Documents\\store\\BesicStore\\shege updated\\New folder (2)\\vendor\\laravel\\lumen-framework\\src\\Concerns\\RoutesRequests.php(282): Laravel\\Lumen\\Application->callControllerAction(Array)
#19 C:\\Users\\saron\\Documents\\store\\BesicStore\\shege updated\\New folder (2)\\vendor\\laravel\\lumen-framework\\src\\Concerns\\RoutesRequests.php(262): Laravel\\Lumen\\Application->callActionOnArrayBasedRoute(Array)
#20 C:\\Users\\saron\\Documents\\store\\BesicStore\\shege updated\\New folder (2)\\vendor\\laravel\\lumen-framework\\src\\Routing\\Pipeline.php(48): Laravel\\Lumen\\Application->Laravel\\Lumen\\Concerns\\{closure}(Object(Laravel\\Lumen\\Http\\Request))
#21 C:\\Users\\saron\\Documents\\store\\BesicStore\\shege updated\\New folder (2)\\app\\Http\\Middleware\\AdminMiddleware.php(21): Laravel\\Lumen\\Routing\\Pipeline->Laravel\\Lumen\\Routing\\{closure}(Object(Laravel\\Lumen\\Http\\Request))
#22 C:\\Users\\saron\\Documents\\store\\BesicStore\\shege updated\\New folder (2)\\vendor\\illuminate\\pipeline\\Pipeline.php(167): App\\Http\\Middleware\\AdminMiddleware->handle(Object(Laravel\\Lumen\\Http\\Request), Object(Closure))
#23 C:\\Users\\saron\\Documents\\store\\BesicStore\\shege updated\\New folder (2)\\vendor\\laravel\\lumen-framework\\src\\Routing\\Pipeline.php(30): Illuminate\\Pipeline\\Pipeline->Illuminate\\Pipeline\\{closure}(Object(Laravel\\Lumen\\Http\\Request))
#24 C:\\Users\\saron\\Documents\\store\\BesicStore\\shege updated\\New folder (2)\\app\\Http\\Middleware\\Authenticate.php(42): Laravel\\Lumen\\Routing\\Pipeline->Laravel\\Lumen\\Routing\\{closure}(Object(Laravel\\Lumen\\Http\\Request))
#25 C:\\Users\\saron\\Documents\\store\\BesicStore\\shege updated\\New folder (2)\\vendor\\illuminate\\pipeline\\Pipeline.php(167): App\\Http\\Middleware\\Authenticate->handle(Object(Laravel\\Lumen\\Http\\Request), Object(Closure))
#26 C:\\Users\\saron\\Documents\\store\\BesicStore\\shege updated\\New folder (2)\\vendor\\laravel\\lumen-framework\\src\\Routing\\Pipeline.php(30): Illuminate\\Pipeline\\Pipeline->Illuminate\\Pipeline\\{closure}(Object(Laravel\\Lumen\\Http\\Request))
#27 C:\\Users\\saron\\Documents\\store\\BesicStore\\shege updated\\New folder (2)\\vendor\\illuminate\\pipeline\\Pipeline.php(103): Laravel\\Lumen\\Routing\\Pipeline->Laravel\\Lumen\\Routing\\{closure}(Object(Laravel\\Lumen\\Http\\Request))
#28 C:\\Users\\saron\\Documents\\store\\BesicStore\\shege updated\\New folder (2)\\vendor\\laravel\\lumen-framework\\src\\Concerns\\RoutesRequests.php(426): Illuminate\\Pipeline\\Pipeline->then(Object(Closure))
#29 C:\\Users\\saron\\Documents\\store\\BesicStore\\shege updated\\New folder (2)\\vendor\\laravel\\lumen-framework\\src\\Concerns\\RoutesRequests.php(263): Laravel\\Lumen\\Application->sendThroughPipeline(Array, Object(Closure))
#30 C:\\Users\\saron\\Documents\\store\\BesicStore\\shege updated\\New folder (2)\\vendor\\laravel\\lumen-framework\\src\\Concerns\\RoutesRequests.php(237): Laravel\\Lumen\\Application->handleFoundRoute(Array)
#31 C:\\Users\\saron\\Documents\\store\\BesicStore\\shege updated\\New folder (2)\\vendor\\laravel\\lumen-framework\\src\\Concerns\\RoutesRequests.php(173): Laravel\\Lumen\\Application->handleDispatcherResponse(Array)
#32 C:\\Users\\saron\\Documents\\store\\BesicStore\\shege updated\\New folder (2)\\vendor\\laravel\\lumen-framework\\src\\Routing\\Pipeline.php(48): Laravel\\Lumen\\Application->Laravel\\Lumen\\Concerns\\{closure}(Object(Laravel\\Lumen\\Http\\Request))
#33 C:\\Users\\saron\\Documents\\store\\BesicStore\\shege updated\\New folder (2)\\app\\Http\\Middleware\\CorsMiddleware.php(38): Laravel\\Lumen\\Routing\\Pipeline->Laravel\\Lumen\\Routing\\{closure}(Object(Laravel\\Lumen\\Http\\Request))
#34 C:\\Users\\saron\\Documents\\store\\BesicStore\\shege updated\\New folder (2)\\vendor\\illuminate\\pipeline\\Pipeline.php(167): App\\Http\\Middleware\\CorsMiddleware->handle(Object(Laravel\\Lumen\\Http\\Request), Object(Closure))
#35 C:\\Users\\saron\\Documents\\store\\BesicStore\\shege updated\\New folder (2)\\vendor\\laravel\\lumen-framework\\src\\Routing\\Pipeline.php(30): Illuminate\\Pipeline\\Pipeline->Illuminate\\Pipeline\\{closure}(Object(Laravel\\Lumen\\Http\\Request))
#36 C:\\Users\\saron\\Documents\\store\\BesicStore\\shege updated\\New folder (2)\\vendor\\illuminate\\pipeline\\Pipeline.php(103): Laravel\\Lumen\\Routing\\Pipeline->Laravel\\Lumen\\Routing\\{closure}(Object(Laravel\\Lumen\\Http\\Request))
#37 C:\\Users\\saron\\Documents\\store\\BesicStore\\shege updated\\New folder (2)\\vendor\\laravel\\lumen-framework\\src\\Concerns\\RoutesRequests.php(426): Illuminate\\Pipeline\\Pipeline->then(Object(Closure))
#38 C:\\Users\\saron\\Documents\\store\\BesicStore\\shege updated\\New folder (2)\\vendor\\laravel\\lumen-framework\\src\\Concerns\\RoutesRequests.php(175): Laravel\\Lumen\\Application->sendThroughPipeline(Array, Object(Closure))
#39 C:\\Users\\saron\\Documents\\store\\BesicStore\\shege updated\\New folder (2)\\vendor\\laravel\\lumen-framework\\src\\Concerns\\RoutesRequests.php(112): Laravel\\Lumen\\Application->dispatch(NULL)
#40 C:\\Users\\saron\\Documents\\store\\BesicStore\\shege updated\\New folder (2)\\public\\index.php(28): Laravel\\Lumen\\Application->run()
#41 {main}

[previous exception] [object] (PDOException(code: 42S22): SQLSTATE[42S22]: Column not found: 1054 Unknown column 'reated_at' in 'where clause' at C:\\Users\\saron\\Documents\\store\\BesicStore\\shege updated\\New folder (2)\\vendor\\illuminate\\database\\Connection.php:368)
[stacktrace]
#0 C:\\Users\\saron\\Documents\\store\\BesicStore\\shege updated\\New folder (2)\\vendor\\illuminate\\database\\Connection.php(368): PDO->prepare('select count(*)...')
#1 C:\\Users\\saron\\Documents\\store\\BesicStore\\shege updated\\New folder (2)\\vendor\\illuminate\\database\\Connection.php(705): Illuminate\\Database\\Connection->Illuminate\\Database\\{closure}('select count(*)...', Array)
#2 C:\\Users\\saron\\Documents\\store\\BesicStore\\shege updated\\New folder (2)\\vendor\\illuminate\\database\\Connection.php(672): Illuminate\\Database\\Connection->runQueryCallback('select count(*)...', Array, Object(Closure))
#3 C:\\Users\\saron\\Documents\\store\\BesicStore\\shege updated\\New folder (2)\\vendor\\illuminate\\database\\Connection.php(376): Illuminate\\Database\\Connection->run('select count(*)...', Array, Object(Closure))
#4 C:\\Users\\saron\\Documents\\store\\BesicStore\\shege updated\\New folder (2)\\vendor\\illuminate\\database\\Query\\Builder.php(2414): Illuminate\\Database\\Connection->select('select count(*)...', Array, true)
#5 C:\\Users\\saron\\Documents\\store\\BesicStore\\shege updated\\New folder (2)\\vendor\\illuminate\\database\\Query\\Builder.php(2402): Illuminate\\Database\\Query\\Builder->runSelect()
#6 C:\\Users\\saron\\Documents\\store\\BesicStore\\shege updated\\New folder (2)\\vendor\\illuminate\\database\\Query\\Builder.php(2936): Illuminate\\Database\\Query\\Builder->Illuminate\\Database\\Query\\{closure}()
#7 C:\\Users\\saron\\Documents\\store\\BesicStore\\shege updated\\New folder (2)\\vendor\\illuminate\\database\\Query\\Builder.php(2403): Illuminate\\Database\\Query\\Builder->onceWithColumns(Array, Object(Closure))
#8 C:\\Users\\saron\\Documents\\store\\BesicStore\\shege updated\\New folder (2)\\vendor\\illuminate\\database\\Query\\Builder.php(2542): Illuminate\\Database\\Query\\Builder->get()
#9 C:\\Users\\saron\\Documents\\store\\BesicStore\\shege updated\\New folder (2)\\vendor\\illuminate\\database\\Query\\Builder.php(2509): Illuminate\\Database\\Query\\Builder->runPaginationCountQuery(Array)
#10 C:\\Users\\saron\\Documents\\store\\BesicStore\\shege updated\\New folder (2)\\vendor\\illuminate\\database\\Eloquent\\Builder.php(808): Illuminate\\Database\\Query\\Builder->getCountForPagination()
#11 C:\\Users\\saron\\Documents\\store\\BesicStore\\shege updated\\New folder (2)\\app\\Http\\Controllers\\Casher\\CasherController.php(33): Illuminate\\Database\\Eloquent\\Builder->paginate(200)
#12 C:\\Users\\saron\\Documents\\store\\BesicStore\\shege updated\\New folder (2)\\vendor\\illuminate\\container\\BoundMethod.php(36): App\\Http\\Controllers\\Casher\\CasherController->index('w')
#13 C:\\Users\\saron\\Documents\\store\\BesicStore\\shege updated\\New folder (2)\\vendor\\illuminate\\container\\Util.php(40): Illuminate\\Container\\BoundMethod::Illuminate\\Container\\{closure}()
#14 C:\\Users\\saron\\Documents\\store\\BesicStore\\shege updated\\New folder (2)\\vendor\\illuminate\\container\\BoundMethod.php(93): Illuminate\\Container\\Util::unwrapIfClosure(Object(Closure))
#15 C:\\Users\\saron\\Documents\\store\\BesicStore\\shege updated\\New folder (2)\\vendor\\illuminate\\container\\BoundMethod.php(37): Illuminate\\Container\\BoundMethod::callBoundMethod(Object(Laravel\\Lumen\\Application), Array, Object(Closure))
#16 C:\\Users\\saron\\Documents\\store\\BesicStore\\shege updated\\New folder (2)\\vendor\\illuminate\\container\\Container.php(653): Illuminate\\Container\\BoundMethod::call(Object(Laravel\\Lumen\\Application), Array, Array, NULL)
#17 C:\\Users\\saron\\Documents\\store\\BesicStore\\shege updated\\New folder (2)\\vendor\\laravel\\lumen-framework\\src\\Concerns\\RoutesRequests.php(389): Illuminate\\Container\\Container->call(Array, Array)
#18 C:\\Users\\saron\\Documents\\store\\BesicStore\\shege updated\\New folder (2)\\vendor\\laravel\\lumen-framework\\src\\Concerns\\RoutesRequests.php(355): Laravel\\Lumen\\Application->callControllerCallable(Array, Array)
#19 C:\\Users\\saron\\Documents\\store\\BesicStore\\shege updated\\New folder (2)\\vendor\\laravel\\lumen-framework\\src\\Concerns\\RoutesRequests.php(329): Laravel\\Lumen\\Application->callLumenController(Object(App\\Http\\Controllers\\Casher\\CasherController), 'index', Array)
#20 C:\\Users\\saron\\Documents\\store\\BesicStore\\shege updated\\New folder (2)\\vendor\\laravel\\lumen-framework\\src\\Concerns\\RoutesRequests.php(282): Laravel\\Lumen\\Application->callControllerAction(Array)
#21 C:\\Users\\saron\\Documents\\store\\BesicStore\\shege updated\\New folder (2)\\vendor\\laravel\\lumen-framework\\src\\Concerns\\RoutesRequests.php(262): Laravel\\Lumen\\Application->callActionOnArrayBasedRoute(Array)
#22 C:\\Users\\saron\\Documents\\store\\BesicStore\\shege updated\\New folder (2)\\vendor\\laravel\\lumen-framework\\src\\Routing\\Pipeline.php(48): Laravel\\Lumen\\Application->Laravel\\Lumen\\Concerns\\{closure}(Object(Laravel\\Lumen\\Http\\Request))
#23 C:\\Users\\saron\\Documents\\store\\BesicStore\\shege updated\\New folder (2)\\app\\Http\\Middleware\\AdminMiddleware.php(21): Laravel\\Lumen\\Routing\\Pipeline->Laravel\\Lumen\\Routing\\{closure}(Object(Laravel\\Lumen\\Http\\Request))
#24 C:\\Users\\saron\\Documents\\store\\BesicStore\\shege updated\\New folder (2)\\vendor\\illuminate\\pipeline\\Pipeline.php(167): App\\Http\\Middleware\\AdminMiddleware->handle(Object(Laravel\\Lumen\\Http\\Request), Object(Closure))
#25 C:\\Users\\saron\\Documents\\store\\BesicStore\\shege updated\\New folder (2)\\vendor\\laravel\\lumen-framework\\src\\Routing\\Pipeline.php(30): Illuminate\\Pipeline\\Pipeline->Illuminate\\Pipeline\\{closure}(Object(Laravel\\Lumen\\Http\\Request))
#26 C:\\Users\\saron\\Documents\\store\\BesicStore\\shege updated\\New folder (2)\\app\\Http\\Middleware\\Authenticate.php(42): Laravel\\Lumen\\Routing\\Pipeline->Laravel\\Lumen\\Routing\\{closure}(Object(Laravel\\Lumen\\Http\\Request))
#27 C:\\Users\\saron\\Documents\\store\\BesicStore\\shege updated\\New folder (2)\\vendor\\illuminate\\pipeline\\Pipeline.php(167): App\\Http\\Middleware\\Authenticate->handle(Object(Laravel\\Lumen\\Http\\Request), Object(Closure))
#28 C:\\Users\\saron\\Documents\\store\\BesicStore\\shege updated\\New folder (2)\\vendor\\laravel\\lumen-framework\\src\\Routing\\Pipeline.php(30): Illuminate\\Pipeline\\Pipeline->Illuminate\\Pipeline\\{closure}(Object(Laravel\\Lumen\\Http\\Request))
#29 C:\\Users\\saron\\Documents\\store\\BesicStore\\shege updated\\New folder (2)\\vendor\\illuminate\\pipeline\\Pipeline.php(103): Laravel\\Lumen\\Routing\\Pipeline->Laravel\\Lumen\\Routing\\{closure}(Object(Laravel\\Lumen\\Http\\Request))
#30 C:\\Users\\saron\\Documents\\store\\BesicStore\\shege updated\\New folder (2)\\vendor\\laravel\\lumen-framework\\src\\Concerns\\RoutesRequests.php(426): Illuminate\\Pipeline\\Pipeline->then(Object(Closure))
#31 C:\\Users\\saron\\Documents\\store\\BesicStore\\shege updated\\New folder (2)\\vendor\\laravel\\lumen-framework\\src\\Concerns\\RoutesRequests.php(263): Laravel\\Lumen\\Application->sendThroughPipeline(Array, Object(Closure))
#32 C:\\Users\\saron\\Documents\\store\\BesicStore\\shege updated\\New folder (2)\\vendor\\laravel\\lumen-framework\\src\\Concerns\\RoutesRequests.php(237): Laravel\\Lumen\\Application->handleFoundRoute(Array)
#33 C:\\Users\\saron\\Documents\\store\\BesicStore\\shege updated\\New folder (2)\\vendor\\laravel\\lumen-framework\\src\\Concerns\\RoutesRequests.php(173): Laravel\\Lumen\\Application->handleDispatcherResponse(Array)
#34 C:\\Users\\saron\\Documents\\store\\BesicStore\\shege updated\\New folder (2)\\vendor\\laravel\\lumen-framework\\src\\Routing\\Pipeline.php(48): Laravel\\Lumen\\Application->Laravel\\Lumen\\Concerns\\{closure}(Object(Laravel\\Lumen\\Http\\Request))
#35 C:\\Users\\saron\\Documents\\store\\BesicStore\\shege updated\\New folder (2)\\app\\Http\\Middleware\\CorsMiddleware.php(38): Laravel\\Lumen\\Routing\\Pipeline->Laravel\\Lumen\\Routing\\{closure}(Object(Laravel\\Lumen\\Http\\Request))
#36 C:\\Users\\saron\\Documents\\store\\BesicStore\\shege updated\\New folder (2)\\vendor\\illuminate\\pipeline\\Pipeline.php(167): App\\Http\\Middleware\\CorsMiddleware->handle(Object(Laravel\\Lumen\\Http\\Request), Object(Closure))
#37 C:\\Users\\saron\\Documents\\store\\BesicStore\\shege updated\\New folder (2)\\vendor\\laravel\\lumen-framework\\src\\Routing\\Pipeline.php(30): Illuminate\\Pipeline\\Pipeline->Illuminate\\Pipeline\\{closure}(Object(Laravel\\Lumen\\Http\\Request))
#38 C:\\Users\\saron\\Documents\\store\\BesicStore\\shege updated\\New folder (2)\\vendor\\illuminate\\pipeline\\Pipeline.php(103): Laravel\\Lumen\\Routing\\Pipeline->Laravel\\Lumen\\Routing\\{closure}(Object(Laravel\\Lumen\\Http\\Request))
#39 C:\\Users\\saron\\Documents\\store\\BesicStore\\shege updated\\New folder (2)\\vendor\\laravel\\lumen-framework\\src\\Concerns\\RoutesRequests.php(426): Illuminate\\Pipeline\\Pipeline->then(Object(Closure))
#40 C:\\Users\\saron\\Documents\\store\\BesicStore\\shege updated\\New folder (2)\\vendor\\laravel\\lumen-framework\\src\\Concerns\\RoutesRequests.php(175): Laravel\\Lumen\\Application->sendThroughPipeline(Array, Object(Closure))
#41 C:\\Users\\saron\\Documents\\store\\BesicStore\\shege updated\\New folder (2)\\vendor\\laravel\\lumen-framework\\src\\Concerns\\RoutesRequests.php(112): Laravel\\Lumen\\Application->dispatch(NULL)
#42 C:\\Users\\saron\\Documents\\store\\BesicStore\\shege updated\\New folder (2)\\public\\index.php(28): Laravel\\Lumen\\Application->run()
#43 {main}
"} 
[2024-10-28 08:36:45] remote.ERROR: SQLSTATE[42S22]: Column not found: 1054 Unknown column 'reated_at' in 'where clause' (SQL: select count(*) as aggregate from (select `waiter` as `waiter`, `folder_id` as `folder_id`, count(*) as total, 0 as number, sum(order_price) as order_price, Max(isdelivery) as isdelivery, Max(isflaged) as isflaged, Max(state) as state, Max(fee) as fee, Max(phone_number) as phone_number, Max(table_name) as table_name from `cashers` where (`state` in (1, -1) or (`state` = 0 and `isflaged` = 1)) and `reated_at` >= 2024-10-28 00:00:00 and `cashers`.`deleted_at` is null group by `waiter`, `folder_id`) as `aggregate_table`) {"exception":"[object] (Illuminate\\Database\\QueryException(code: 42S22): SQLSTATE[42S22]: Column not found: 1054 Unknown column 'reated_at' in 'where clause' (SQL: select count(*) as aggregate from (select `waiter` as `waiter`, `folder_id` as `folder_id`, count(*) as total, 0 as number, sum(order_price) as order_price, Max(isdelivery) as isdelivery, Max(isflaged) as isflaged, Max(state) as state, Max(fee) as fee, Max(phone_number) as phone_number, Max(table_name) as table_name from `cashers` where (`state` in (1, -1) or (`state` = 0 and `isflaged` = 1)) and `reated_at` >= 2024-10-28 00:00:00 and `cashers`.`deleted_at` is null group by `waiter`, `folder_id`) as `aggregate_table`) at C:\\Users\\saron\\Documents\\store\\BesicStore\\shege updated\\New folder (2)\\vendor\\illuminate\\database\\Connection.php:712)
[stacktrace]
#0 C:\\Users\\saron\\Documents\\store\\BesicStore\\shege updated\\New folder (2)\\vendor\\illuminate\\database\\Connection.php(672): Illuminate\\Database\\Connection->runQueryCallback('select count(*)...', Array, Object(Closure))
#1 C:\\Users\\saron\\Documents\\store\\BesicStore\\shege updated\\New folder (2)\\vendor\\illuminate\\database\\Connection.php(376): Illuminate\\Database\\Connection->run('select count(*)...', Array, Object(Closure))
#2 C:\\Users\\saron\\Documents\\store\\BesicStore\\shege updated\\New folder (2)\\vendor\\illuminate\\database\\Query\\Builder.php(2414): Illuminate\\Database\\Connection->select('select count(*)...', Array, true)
#3 C:\\Users\\saron\\Documents\\store\\BesicStore\\shege updated\\New folder (2)\\vendor\\illuminate\\database\\Query\\Builder.php(2402): Illuminate\\Database\\Query\\Builder->runSelect()
#4 C:\\Users\\saron\\Documents\\store\\BesicStore\\shege updated\\New folder (2)\\vendor\\illuminate\\database\\Query\\Builder.php(2936): Illuminate\\Database\\Query\\Builder->Illuminate\\Database\\Query\\{closure}()
#5 C:\\Users\\saron\\Documents\\store\\BesicStore\\shege updated\\New folder (2)\\vendor\\illuminate\\database\\Query\\Builder.php(2403): Illuminate\\Database\\Query\\Builder->onceWithColumns(Array, Object(Closure))
#6 C:\\Users\\saron\\Documents\\store\\BesicStore\\shege updated\\New folder (2)\\vendor\\illuminate\\database\\Query\\Builder.php(2542): Illuminate\\Database\\Query\\Builder->get()
#7 C:\\Users\\saron\\Documents\\store\\BesicStore\\shege updated\\New folder (2)\\vendor\\illuminate\\database\\Query\\Builder.php(2509): Illuminate\\Database\\Query\\Builder->runPaginationCountQuery(Array)
#8 C:\\Users\\saron\\Documents\\store\\BesicStore\\shege updated\\New folder (2)\\vendor\\illuminate\\database\\Eloquent\\Builder.php(808): Illuminate\\Database\\Query\\Builder->getCountForPagination()
#9 C:\\Users\\saron\\Documents\\store\\BesicStore\\shege updated\\New folder (2)\\app\\Http\\Controllers\\Casher\\CasherController.php(36): Illuminate\\Database\\Eloquent\\Builder->paginate(200)
#10 C:\\Users\\saron\\Documents\\store\\BesicStore\\shege updated\\New folder (2)\\vendor\\illuminate\\container\\BoundMethod.php(36): App\\Http\\Controllers\\Casher\\CasherController->index('w')
#11 C:\\Users\\saron\\Documents\\store\\BesicStore\\shege updated\\New folder (2)\\vendor\\illuminate\\container\\Util.php(40): Illuminate\\Container\\BoundMethod::Illuminate\\Container\\{closure}()
#12 C:\\Users\\saron\\Documents\\store\\BesicStore\\shege updated\\New folder (2)\\vendor\\illuminate\\container\\BoundMethod.php(93): Illuminate\\Container\\Util::unwrapIfClosure(Object(Closure))
#13 C:\\Users\\saron\\Documents\\store\\BesicStore\\shege updated\\New folder (2)\\vendor\\illuminate\\container\\BoundMethod.php(37): Illuminate\\Container\\BoundMethod::callBoundMethod(Object(Laravel\\Lumen\\Application), Array, Object(Closure))
#14 C:\\Users\\saron\\Documents\\store\\BesicStore\\shege updated\\New folder (2)\\vendor\\illuminate\\container\\Container.php(653): Illuminate\\Container\\BoundMethod::call(Object(Laravel\\Lumen\\Application), Array, Array, NULL)
#15 C:\\Users\\saron\\Documents\\store\\BesicStore\\shege updated\\New folder (2)\\vendor\\laravel\\lumen-framework\\src\\Concerns\\RoutesRequests.php(389): Illuminate\\Container\\Container->call(Array, Array)
#16 C:\\Users\\saron\\Documents\\store\\BesicStore\\shege updated\\New folder (2)\\vendor\\laravel\\lumen-framework\\src\\Concerns\\RoutesRequests.php(355): Laravel\\Lumen\\Application->callControllerCallable(Array, Array)
#17 C:\\Users\\saron\\Documents\\store\\BesicStore\\shege updated\\New folder (2)\\vendor\\laravel\\lumen-framework\\src\\Concerns\\RoutesRequests.php(329): Laravel\\Lumen\\Application->callLumenController(Object(App\\Http\\Controllers\\Casher\\CasherController), 'index', Array)
#18 C:\\Users\\saron\\Documents\\store\\BesicStore\\shege updated\\New folder (2)\\vendor\\laravel\\lumen-framework\\src\\Concerns\\RoutesRequests.php(282): Laravel\\Lumen\\Application->callControllerAction(Array)
#19 C:\\Users\\saron\\Documents\\store\\BesicStore\\shege updated\\New folder (2)\\vendor\\laravel\\lumen-framework\\src\\Concerns\\RoutesRequests.php(262): Laravel\\Lumen\\Application->callActionOnArrayBasedRoute(Array)
#20 C:\\Users\\saron\\Documents\\store\\BesicStore\\shege updated\\New folder (2)\\vendor\\laravel\\lumen-framework\\src\\Routing\\Pipeline.php(48): Laravel\\Lumen\\Application->Laravel\\Lumen\\Concerns\\{closure}(Object(Laravel\\Lumen\\Http\\Request))
#21 C:\\Users\\saron\\Documents\\store\\BesicStore\\shege updated\\New folder (2)\\app\\Http\\Middleware\\AdminMiddleware.php(21): Laravel\\Lumen\\Routing\\Pipeline->Laravel\\Lumen\\Routing\\{closure}(Object(Laravel\\Lumen\\Http\\Request))
#22 C:\\Users\\saron\\Documents\\store\\BesicStore\\shege updated\\New folder (2)\\vendor\\illuminate\\pipeline\\Pipeline.php(167): App\\Http\\Middleware\\AdminMiddleware->handle(Object(Laravel\\Lumen\\Http\\Request), Object(Closure))
#23 C:\\Users\\saron\\Documents\\store\\BesicStore\\shege updated\\New folder (2)\\vendor\\laravel\\lumen-framework\\src\\Routing\\Pipeline.php(30): Illuminate\\Pipeline\\Pipeline->Illuminate\\Pipeline\\{closure}(Object(Laravel\\Lumen\\Http\\Request))
#24 C:\\Users\\saron\\Documents\\store\\BesicStore\\shege updated\\New folder (2)\\app\\Http\\Middleware\\Authenticate.php(42): Laravel\\Lumen\\Routing\\Pipeline->Laravel\\Lumen\\Routing\\{closure}(Object(Laravel\\Lumen\\Http\\Request))
#25 C:\\Users\\saron\\Documents\\store\\BesicStore\\shege updated\\New folder (2)\\vendor\\illuminate\\pipeline\\Pipeline.php(167): App\\Http\\Middleware\\Authenticate->handle(Object(Laravel\\Lumen\\Http\\Request), Object(Closure))
#26 C:\\Users\\saron\\Documents\\store\\BesicStore\\shege updated\\New folder (2)\\vendor\\laravel\\lumen-framework\\src\\Routing\\Pipeline.php(30): Illuminate\\Pipeline\\Pipeline->Illuminate\\Pipeline\\{closure}(Object(Laravel\\Lumen\\Http\\Request))
#27 C:\\Users\\saron\\Documents\\store\\BesicStore\\shege updated\\New folder (2)\\vendor\\illuminate\\pipeline\\Pipeline.php(103): Laravel\\Lumen\\Routing\\Pipeline->Laravel\\Lumen\\Routing\\{closure}(Object(Laravel\\Lumen\\Http\\Request))
#28 C:\\Users\\saron\\Documents\\store\\BesicStore\\shege updated\\New folder (2)\\vendor\\laravel\\lumen-framework\\src\\Concerns\\RoutesRequests.php(426): Illuminate\\Pipeline\\Pipeline->then(Object(Closure))
#29 C:\\Users\\saron\\Documents\\store\\BesicStore\\shege updated\\New folder (2)\\vendor\\laravel\\lumen-framework\\src\\Concerns\\RoutesRequests.php(263): Laravel\\Lumen\\Application->sendThroughPipeline(Array, Object(Closure))
#30 C:\\Users\\saron\\Documents\\store\\BesicStore\\shege updated\\New folder (2)\\vendor\\laravel\\lumen-framework\\src\\Concerns\\RoutesRequests.php(237): Laravel\\Lumen\\Application->handleFoundRoute(Array)
#31 C:\\Users\\saron\\Documents\\store\\BesicStore\\shege updated\\New folder (2)\\vendor\\laravel\\lumen-framework\\src\\Concerns\\RoutesRequests.php(173): Laravel\\Lumen\\Application->handleDispatcherResponse(Array)
#32 C:\\Users\\saron\\Documents\\store\\BesicStore\\shege updated\\New folder (2)\\vendor\\laravel\\lumen-framework\\src\\Routing\\Pipeline.php(48): Laravel\\Lumen\\Application->Laravel\\Lumen\\Concerns\\{closure}(Object(Laravel\\Lumen\\Http\\Request))
#33 C:\\Users\\saron\\Documents\\store\\BesicStore\\shege updated\\New folder (2)\\app\\Http\\Middleware\\CorsMiddleware.php(38): Laravel\\Lumen\\Routing\\Pipeline->Laravel\\Lumen\\Routing\\{closure}(Object(Laravel\\Lumen\\Http\\Request))
#34 C:\\Users\\saron\\Documents\\store\\BesicStore\\shege updated\\New folder (2)\\vendor\\illuminate\\pipeline\\Pipeline.php(167): App\\Http\\Middleware\\CorsMiddleware->handle(Object(Laravel\\Lumen\\Http\\Request), Object(Closure))
#35 C:\\Users\\saron\\Documents\\store\\BesicStore\\shege updated\\New folder (2)\\vendor\\laravel\\lumen-framework\\src\\Routing\\Pipeline.php(30): Illuminate\\Pipeline\\Pipeline->Illuminate\\Pipeline\\{closure}(Object(Laravel\\Lumen\\Http\\Request))
#36 C:\\Users\\saron\\Documents\\store\\BesicStore\\shege updated\\New folder (2)\\vendor\\illuminate\\pipeline\\Pipeline.php(103): Laravel\\Lumen\\Routing\\Pipeline->Laravel\\Lumen\\Routing\\{closure}(Object(Laravel\\Lumen\\Http\\Request))
#37 C:\\Users\\saron\\Documents\\store\\BesicStore\\shege updated\\New folder (2)\\vendor\\laravel\\lumen-framework\\src\\Concerns\\RoutesRequests.php(426): Illuminate\\Pipeline\\Pipeline->then(Object(Closure))
#38 C:\\Users\\saron\\Documents\\store\\BesicStore\\shege updated\\New folder (2)\\vendor\\laravel\\lumen-framework\\src\\Concerns\\RoutesRequests.php(175): Laravel\\Lumen\\Application->sendThroughPipeline(Array, Object(Closure))
#39 C:\\Users\\saron\\Documents\\store\\BesicStore\\shege updated\\New folder (2)\\vendor\\laravel\\lumen-framework\\src\\Concerns\\RoutesRequests.php(112): Laravel\\Lumen\\Application->dispatch(NULL)
#40 C:\\Users\\saron\\Documents\\store\\BesicStore\\shege updated\\New folder (2)\\public\\index.php(28): Laravel\\Lumen\\Application->run()
#41 {main}

[previous exception] [object] (PDOException(code: 42S22): SQLSTATE[42S22]: Column not found: 1054 Unknown column 'reated_at' in 'where clause' at C:\\Users\\saron\\Documents\\store\\BesicStore\\shege updated\\New folder (2)\\vendor\\illuminate\\database\\Connection.php:368)
[stacktrace]
#0 C:\\Users\\saron\\Documents\\store\\BesicStore\\shege updated\\New folder (2)\\vendor\\illuminate\\database\\Connection.php(368): PDO->prepare('select count(*)...')
#1 C:\\Users\\saron\\Documents\\store\\BesicStore\\shege updated\\New folder (2)\\vendor\\illuminate\\database\\Connection.php(705): Illuminate\\Database\\Connection->Illuminate\\Database\\{closure}('select count(*)...', Array)
#2 C:\\Users\\saron\\Documents\\store\\BesicStore\\shege updated\\New folder (2)\\vendor\\illuminate\\database\\Connection.php(672): Illuminate\\Database\\Connection->runQueryCallback('select count(*)...', Array, Object(Closure))
#3 C:\\Users\\saron\\Documents\\store\\BesicStore\\shege updated\\New folder (2)\\vendor\\illuminate\\database\\Connection.php(376): Illuminate\\Database\\Connection->run('select count(*)...', Array, Object(Closure))
#4 C:\\Users\\saron\\Documents\\store\\BesicStore\\shege updated\\New folder (2)\\vendor\\illuminate\\database\\Query\\Builder.php(2414): Illuminate\\Database\\Connection->select('select count(*)...', Array, true)
#5 C:\\Users\\saron\\Documents\\store\\BesicStore\\shege updated\\New folder (2)\\vendor\\illuminate\\database\\Query\\Builder.php(2402): Illuminate\\Database\\Query\\Builder->runSelect()
#6 C:\\Users\\saron\\Documents\\store\\BesicStore\\shege updated\\New folder (2)\\vendor\\illuminate\\database\\Query\\Builder.php(2936): Illuminate\\Database\\Query\\Builder->Illuminate\\Database\\Query\\{closure}()
#7 C:\\Users\\saron\\Documents\\store\\BesicStore\\shege updated\\New folder (2)\\vendor\\illuminate\\database\\Query\\Builder.php(2403): Illuminate\\Database\\Query\\Builder->onceWithColumns(Array, Object(Closure))
#8 C:\\Users\\saron\\Documents\\store\\BesicStore\\shege updated\\New folder (2)\\vendor\\illuminate\\database\\Query\\Builder.php(2542): Illuminate\\Database\\Query\\Builder->get()
#9 C:\\Users\\saron\\Documents\\store\\BesicStore\\shege updated\\New folder (2)\\vendor\\illuminate\\database\\Query\\Builder.php(2509): Illuminate\\Database\\Query\\Builder->runPaginationCountQuery(Array)
#10 C:\\Users\\saron\\Documents\\store\\BesicStore\\shege updated\\New folder (2)\\vendor\\illuminate\\database\\Eloquent\\Builder.php(808): Illuminate\\Database\\Query\\Builder->getCountForPagination()
#11 C:\\Users\\saron\\Documents\\store\\BesicStore\\shege updated\\New folder (2)\\app\\Http\\Controllers\\Casher\\CasherController.php(36): Illuminate\\Database\\Eloquent\\Builder->paginate(200)
#12 C:\\Users\\saron\\Documents\\store\\BesicStore\\shege updated\\New folder (2)\\vendor\\illuminate\\container\\BoundMethod.php(36): App\\Http\\Controllers\\Casher\\CasherController->index('w')
#13 C:\\Users\\saron\\Documents\\store\\BesicStore\\shege updated\\New folder (2)\\vendor\\illuminate\\container\\Util.php(40): Illuminate\\Container\\BoundMethod::Illuminate\\Container\\{closure}()
#14 C:\\Users\\saron\\Documents\\store\\BesicStore\\shege updated\\New folder (2)\\vendor\\illuminate\\container\\BoundMethod.php(93): Illuminate\\Container\\Util::unwrapIfClosure(Object(Closure))
#15 C:\\Users\\saron\\Documents\\store\\BesicStore\\shege updated\\New folder (2)\\vendor\\illuminate\\container\\BoundMethod.php(37): Illuminate\\Container\\BoundMethod::callBoundMethod(Object(Laravel\\Lumen\\Application), Array, Object(Closure))
#16 C:\\Users\\saron\\Documents\\store\\BesicStore\\shege updated\\New folder (2)\\vendor\\illuminate\\container\\Container.php(653): Illuminate\\Container\\BoundMethod::call(Object(Laravel\\Lumen\\Application), Array, Array, NULL)
#17 C:\\Users\\saron\\Documents\\store\\BesicStore\\shege updated\\New folder (2)\\vendor\\laravel\\lumen-framework\\src\\Concerns\\RoutesRequests.php(389): Illuminate\\Container\\Container->call(Array, Array)
#18 C:\\Users\\saron\\Documents\\store\\BesicStore\\shege updated\\New folder (2)\\vendor\\laravel\\lumen-framework\\src\\Concerns\\RoutesRequests.php(355): Laravel\\Lumen\\Application->callControllerCallable(Array, Array)
#19 C:\\Users\\saron\\Documents\\store\\BesicStore\\shege updated\\New folder (2)\\vendor\\laravel\\lumen-framework\\src\\Concerns\\RoutesRequests.php(329): Laravel\\Lumen\\Application->callLumenController(Object(App\\Http\\Controllers\\Casher\\CasherController), 'index', Array)
#20 C:\\Users\\saron\\Documents\\store\\BesicStore\\shege updated\\New folder (2)\\vendor\\laravel\\lumen-framework\\src\\Concerns\\RoutesRequests.php(282): Laravel\\Lumen\\Application->callControllerAction(Array)
#21 C:\\Users\\saron\\Documents\\store\\BesicStore\\shege updated\\New folder (2)\\vendor\\laravel\\lumen-framework\\src\\Concerns\\RoutesRequests.php(262): Laravel\\Lumen\\Application->callActionOnArrayBasedRoute(Array)
#22 C:\\Users\\saron\\Documents\\store\\BesicStore\\shege updated\\New folder (2)\\vendor\\laravel\\lumen-framework\\src\\Routing\\Pipeline.php(48): Laravel\\Lumen\\Application->Laravel\\Lumen\\Concerns\\{closure}(Object(Laravel\\Lumen\\Http\\Request))
#23 C:\\Users\\saron\\Documents\\store\\BesicStore\\shege updated\\New folder (2)\\app\\Http\\Middleware\\AdminMiddleware.php(21): Laravel\\Lumen\\Routing\\Pipeline->Laravel\\Lumen\\Routing\\{closure}(Object(Laravel\\Lumen\\Http\\Request))
#24 C:\\Users\\saron\\Documents\\store\\BesicStore\\shege updated\\New folder (2)\\vendor\\illuminate\\pipeline\\Pipeline.php(167): App\\Http\\Middleware\\AdminMiddleware->handle(Object(Laravel\\Lumen\\Http\\Request), Object(Closure))
#25 C:\\Users\\saron\\Documents\\store\\BesicStore\\shege updated\\New folder (2)\\vendor\\laravel\\lumen-framework\\src\\Routing\\Pipeline.php(30): Illuminate\\Pipeline\\Pipeline->Illuminate\\Pipeline\\{closure}(Object(Laravel\\Lumen\\Http\\Request))
#26 C:\\Users\\saron\\Documents\\store\\BesicStore\\shege updated\\New folder (2)\\app\\Http\\Middleware\\Authenticate.php(42): Laravel\\Lumen\\Routing\\Pipeline->Laravel\\Lumen\\Routing\\{closure}(Object(Laravel\\Lumen\\Http\\Request))
#27 C:\\Users\\saron\\Documents\\store\\BesicStore\\shege updated\\New folder (2)\\vendor\\illuminate\\pipeline\\Pipeline.php(167): App\\Http\\Middleware\\Authenticate->handle(Object(Laravel\\Lumen\\Http\\Request), Object(Closure))
#28 C:\\Users\\saron\\Documents\\store\\BesicStore\\shege updated\\New folder (2)\\vendor\\laravel\\lumen-framework\\src\\Routing\\Pipeline.php(30): Illuminate\\Pipeline\\Pipeline->Illuminate\\Pipeline\\{closure}(Object(Laravel\\Lumen\\Http\\Request))
#29 C:\\Users\\saron\\Documents\\store\\BesicStore\\shege updated\\New folder (2)\\vendor\\illuminate\\pipeline\\Pipeline.php(103): Laravel\\Lumen\\Routing\\Pipeline->Laravel\\Lumen\\Routing\\{closure}(Object(Laravel\\Lumen\\Http\\Request))
#30 C:\\Users\\saron\\Documents\\store\\BesicStore\\shege updated\\New folder (2)\\vendor\\laravel\\lumen-framework\\src\\Concerns\\RoutesRequests.php(426): Illuminate\\Pipeline\\Pipeline->then(Object(Closure))
#31 C:\\Users\\saron\\Documents\\store\\BesicStore\\shege updated\\New folder (2)\\vendor\\laravel\\lumen-framework\\src\\Concerns\\RoutesRequests.php(263): Laravel\\Lumen\\Application->sendThroughPipeline(Array, Object(Closure))
#32 C:\\Users\\saron\\Documents\\store\\BesicStore\\shege updated\\New folder (2)\\vendor\\laravel\\lumen-framework\\src\\Concerns\\RoutesRequests.php(237): Laravel\\Lumen\\Application->handleFoundRoute(Array)
#33 C:\\Users\\saron\\Documents\\store\\BesicStore\\shege updated\\New folder (2)\\vendor\\laravel\\lumen-framework\\src\\Concerns\\RoutesRequests.php(173): Laravel\\Lumen\\Application->handleDispatcherResponse(Array)
#34 C:\\Users\\saron\\Documents\\store\\BesicStore\\shege updated\\New folder (2)\\vendor\\laravel\\lumen-framework\\src\\Routing\\Pipeline.php(48): Laravel\\Lumen\\Application->Laravel\\Lumen\\Concerns\\{closure}(Object(Laravel\\Lumen\\Http\\Request))
#35 C:\\Users\\saron\\Documents\\store\\BesicStore\\shege updated\\New folder (2)\\app\\Http\\Middleware\\CorsMiddleware.php(38): Laravel\\Lumen\\Routing\\Pipeline->Laravel\\Lumen\\Routing\\{closure}(Object(Laravel\\Lumen\\Http\\Request))
#36 C:\\Users\\saron\\Documents\\store\\BesicStore\\shege updated\\New folder (2)\\vendor\\illuminate\\pipeline\\Pipeline.php(167): App\\Http\\Middleware\\CorsMiddleware->handle(Object(Laravel\\Lumen\\Http\\Request), Object(Closure))
#37 C:\\Users\\saron\\Documents\\store\\BesicStore\\shege updated\\New folder (2)\\vendor\\laravel\\lumen-framework\\src\\Routing\\Pipeline.php(30): Illuminate\\Pipeline\\Pipeline->Illuminate\\Pipeline\\{closure}(Object(Laravel\\Lumen\\Http\\Request))
#38 C:\\Users\\saron\\Documents\\store\\BesicStore\\shege updated\\New folder (2)\\vendor\\illuminate\\pipeline\\Pipeline.php(103): Laravel\\Lumen\\Routing\\Pipeline->Laravel\\Lumen\\Routing\\{closure}(Object(Laravel\\Lumen\\Http\\Request))
#39 C:\\Users\\saron\\Documents\\store\\BesicStore\\shege updated\\New folder (2)\\vendor\\laravel\\lumen-framework\\src\\Concerns\\RoutesRequests.php(426): Illuminate\\Pipeline\\Pipeline->then(Object(Closure))
#40 C:\\Users\\saron\\Documents\\store\\BesicStore\\shege updated\\New folder (2)\\vendor\\laravel\\lumen-framework\\src\\Concerns\\RoutesRequests.php(175): Laravel\\Lumen\\Application->sendThroughPipeline(Array, Object(Closure))
#41 C:\\Users\\saron\\Documents\\store\\BesicStore\\shege updated\\New folder (2)\\vendor\\laravel\\lumen-framework\\src\\Concerns\\RoutesRequests.php(112): Laravel\\Lumen\\Application->dispatch(NULL)
#42 C:\\Users\\saron\\Documents\\store\\BesicStore\\shege updated\\New folder (2)\\public\\index.php(28): Laravel\\Lumen\\Application->run()
#43 {main}
"} 
