[2025-02-21 03:09:41] remote.ERROR: SQLSTATE[HY000] [2002] No connection could be made because the target machine actively refused it.
 (SQL: select * from `users` where (`email` = admin or `phone_number` = admin or `username` = admin) and `users`.`deleted_at` is null limit 1) {"exception":"[object] (Illuminate\\Database\\QueryException(code: 2002): SQLSTATE[HY000] [2002] No connection could be made because the target machine actively refused it.

 (SQL: select * from `users` where (`email` = admin or `phone_number` = admin or `username` = admin) and `users`.`deleted_at` is null limit 1) at C:\\Users\\saron\\Documents\\store\\BesicStore\\shege updated\\backend\\vendor\\illuminate\\database\\Connection.php:712)
[stacktrace]
#0 C:\\Users\\saron\\Documents\\store\\BesicStore\\shege updated\\backend\\vendor\\illuminate\\database\\Connection.php(672): Illuminate\\Database\\Connection->runQueryCallback('select * from `...', Array, Object(Closure))
#1 C:\\Users\\saron\\Documents\\store\\BesicStore\\shege updated\\backend\\vendor\\illuminate\\database\\Connection.php(376): Illuminate\\Database\\Connection->run('select * from `...', Array, Object(Closure))
#2 C:\\Users\\saron\\Documents\\store\\BesicStore\\shege updated\\backend\\vendor\\illuminate\\database\\Query\\Builder.php(2414): Illuminate\\Database\\Connection->select('select * from `...', Array, true)
#3 C:\\Users\\saron\\Documents\\store\\BesicStore\\shege updated\\backend\\vendor\\illuminate\\database\\Query\\Builder.php(2402): Illuminate\\Database\\Query\\Builder->runSelect()
#4 C:\\Users\\saron\\Documents\\store\\BesicStore\\shege updated\\backend\\vendor\\illuminate\\database\\Query\\Builder.php(2936): Illuminate\\Database\\Query\\Builder->Illuminate\\Database\\Query\\{closure}()
#5 C:\\Users\\saron\\Documents\\store\\BesicStore\\shege updated\\backend\\vendor\\illuminate\\database\\Query\\Builder.php(2403): Illuminate\\Database\\Query\\Builder->onceWithColumns(Array, Object(Closure))
#6 C:\\Users\\saron\\Documents\\store\\BesicStore\\shege updated\\backend\\vendor\\illuminate\\database\\Eloquent\\Builder.php(625): Illuminate\\Database\\Query\\Builder->get(Array)
#7 C:\\Users\\saron\\Documents\\store\\BesicStore\\shege updated\\backend\\vendor\\illuminate\\database\\Eloquent\\Builder.php(609): Illuminate\\Database\\Eloquent\\Builder->getModels(Array)
#8 C:\\Users\\saron\\Documents\\store\\BesicStore\\shege updated\\backend\\vendor\\illuminate\\database\\Concerns\\BuildsQueries.php(294): Illuminate\\Database\\Eloquent\\Builder->get(Array)
#9 C:\\Users\\saron\\Documents\\store\\BesicStore\\shege updated\\backend\\app\\Models\\User.php(136): Illuminate\\Database\\Eloquent\\Builder->first()
#10 C:\\Users\\saron\\Documents\\store\\BesicStore\\shege updated\\backend\\app\\Http\\Controllers\\User\\AuthController.php(34): App\\Models\\User->AuthenticateUser(Object(Laravel\\Lumen\\Http\\Request))
#11 C:\\Users\\saron\\Documents\\store\\BesicStore\\shege updated\\backend\\vendor\\illuminate\\container\\BoundMethod.php(36): App\\Http\\Controllers\\User\\AuthController->login(Object(Laravel\\Lumen\\Http\\Request))
#12 C:\\Users\\saron\\Documents\\store\\BesicStore\\shege updated\\backend\\vendor\\illuminate\\container\\Util.php(40): Illuminate\\Container\\BoundMethod::Illuminate\\Container\\{closure}()
#13 C:\\Users\\saron\\Documents\\store\\BesicStore\\shege updated\\backend\\vendor\\illuminate\\container\\BoundMethod.php(93): Illuminate\\Container\\Util::unwrapIfClosure(Object(Closure))
#14 C:\\Users\\saron\\Documents\\store\\BesicStore\\shege updated\\backend\\vendor\\illuminate\\container\\BoundMethod.php(37): Illuminate\\Container\\BoundMethod::callBoundMethod(Object(Laravel\\Lumen\\Application), Array, Object(Closure))
#15 C:\\Users\\saron\\Documents\\store\\BesicStore\\shege updated\\backend\\vendor\\illuminate\\container\\Container.php(653): Illuminate\\Container\\BoundMethod::call(Object(Laravel\\Lumen\\Application), Array, Array, NULL)
#16 C:\\Users\\saron\\Documents\\store\\BesicStore\\shege updated\\backend\\vendor\\laravel\\lumen-framework\\src\\Concerns\\RoutesRequests.php(389): Illuminate\\Container\\Container->call(Array, Array)
#17 C:\\Users\\saron\\Documents\\store\\BesicStore\\shege updated\\backend\\vendor\\laravel\\lumen-framework\\src\\Concerns\\RoutesRequests.php(355): Laravel\\Lumen\\Application->callControllerCallable(Array, Array)
#18 C:\\Users\\saron\\Documents\\store\\BesicStore\\shege updated\\backend\\vendor\\laravel\\lumen-framework\\src\\Concerns\\RoutesRequests.php(329): Laravel\\Lumen\\Application->callLumenController(Object(App\\Http\\Controllers\\User\\AuthController), 'login', Array)
#19 C:\\Users\\saron\\Documents\\store\\BesicStore\\shege updated\\backend\\vendor\\laravel\\lumen-framework\\src\\Concerns\\RoutesRequests.php(282): Laravel\\Lumen\\Application->callControllerAction(Array)
#20 C:\\Users\\saron\\Documents\\store\\BesicStore\\shege updated\\backend\\vendor\\laravel\\lumen-framework\\src\\Concerns\\RoutesRequests.php(267): Laravel\\Lumen\\Application->callActionOnArrayBasedRoute(Array)
#21 C:\\Users\\saron\\Documents\\store\\BesicStore\\shege updated\\backend\\vendor\\laravel\\lumen-framework\\src\\Concerns\\RoutesRequests.php(169): Laravel\\Lumen\\Application->handleFoundRoute(Array)
#22 C:\\Users\\saron\\Documents\\store\\BesicStore\\shege updated\\backend\\vendor\\laravel\\lumen-framework\\src\\Routing\\Pipeline.php(48): Laravel\\Lumen\\Application->Laravel\\Lumen\\Concerns\\{closure}(Object(Laravel\\Lumen\\Http\\Request))
#23 C:\\Users\\saron\\Documents\\store\\BesicStore\\shege updated\\backend\\app\\Http\\Middleware\\CorsMiddleware.php(38): Laravel\\Lumen\\Routing\\Pipeline->Laravel\\Lumen\\Routing\\{closure}(Object(Laravel\\Lumen\\Http\\Request))
#24 C:\\Users\\saron\\Documents\\store\\BesicStore\\shege updated\\backend\\vendor\\illuminate\\pipeline\\Pipeline.php(167): App\\Http\\Middleware\\CorsMiddleware->handle(Object(Laravel\\Lumen\\Http\\Request), Object(Closure))
#25 C:\\Users\\saron\\Documents\\store\\BesicStore\\shege updated\\backend\\vendor\\laravel\\lumen-framework\\src\\Routing\\Pipeline.php(30): Illuminate\\Pipeline\\Pipeline->Illuminate\\Pipeline\\{closure}(Object(Laravel\\Lumen\\Http\\Request))
#26 C:\\Users\\saron\\Documents\\store\\BesicStore\\shege updated\\backend\\vendor\\illuminate\\pipeline\\Pipeline.php(103): Laravel\\Lumen\\Routing\\Pipeline->Laravel\\Lumen\\Routing\\{closure}(Object(Laravel\\Lumen\\Http\\Request))
#27 C:\\Users\\saron\\Documents\\store\\BesicStore\\shege updated\\backend\\vendor\\laravel\\lumen-framework\\src\\Concerns\\RoutesRequests.php(426): Illuminate\\Pipeline\\Pipeline->then(Object(Closure))
#28 C:\\Users\\saron\\Documents\\store\\BesicStore\\shege updated\\backend\\vendor\\laravel\\lumen-framework\\src\\Concerns\\RoutesRequests.php(175): Laravel\\Lumen\\Application->sendThroughPipeline(Array, Object(Closure))
#29 C:\\Users\\saron\\Documents\\store\\BesicStore\\shege updated\\backend\\vendor\\laravel\\lumen-framework\\src\\Concerns\\RoutesRequests.php(112): Laravel\\Lumen\\Application->dispatch(NULL)
#30 C:\\Users\\saron\\Documents\\store\\BesicStore\\shege updated\\backend\\public\\index.php(28): Laravel\\Lumen\\Application->run()
#31 {main}

[previous exception] [object] (PDOException(code: 2002): SQLSTATE[HY000] [2002] No connection could be made because the target machine actively refused it.

 at C:\\Users\\saron\\Documents\\store\\BesicStore\\shege updated\\backend\\vendor\\illuminate\\database\\Connectors\\Connector.php:70)
[stacktrace]
#0 C:\\Users\\saron\\Documents\\store\\BesicStore\\shege updated\\backend\\vendor\\illuminate\\database\\Connectors\\Connector.php(70): PDO->__construct('mysql:host=127....', 'root', '', Array)
#1 C:\\Users\\saron\\Documents\\store\\BesicStore\\shege updated\\backend\\vendor\\illuminate\\database\\Connectors\\Connector.php(46): Illuminate\\Database\\Connectors\\Connector->createPdoConnection('mysql:host=127....', 'root', '', Array)
#2 C:\\Users\\saron\\Documents\\store\\BesicStore\\shege updated\\backend\\vendor\\illuminate\\database\\Connectors\\MySqlConnector.php(24): Illuminate\\Database\\Connectors\\Connector->createConnection('mysql:host=127....', Array, Array)
#3 C:\\Users\\saron\\Documents\\store\\BesicStore\\shege updated\\backend\\vendor\\illuminate\\database\\Connectors\\ConnectionFactory.php(184): Illuminate\\Database\\Connectors\\MySqlConnector->connect(Array)
#4 [internal function]: Illuminate\\Database\\Connectors\\ConnectionFactory->Illuminate\\Database\\Connectors\\{closure}()
#5 C:\\Users\\saron\\Documents\\store\\BesicStore\\shege updated\\backend\\vendor\\illuminate\\database\\Connection.php(1064): call_user_func(Object(Closure))
#6 C:\\Users\\saron\\Documents\\store\\BesicStore\\shege updated\\backend\\vendor\\illuminate\\database\\Connection.php(1100): Illuminate\\Database\\Connection->getPdo()
#7 C:\\Users\\saron\\Documents\\store\\BesicStore\\shege updated\\backend\\vendor\\illuminate\\database\\Connection.php(442): Illuminate\\Database\\Connection->getReadPdo()
#8 C:\\Users\\saron\\Documents\\store\\BesicStore\\shege updated\\backend\\vendor\\illuminate\\database\\Connection.php(368): Illuminate\\Database\\Connection->getPdoForSelect(true)
#9 C:\\Users\\saron\\Documents\\store\\BesicStore\\shege updated\\backend\\vendor\\illuminate\\database\\Connection.php(705): Illuminate\\Database\\Connection->Illuminate\\Database\\{closure}('select * from `...', Array)
#10 C:\\Users\\saron\\Documents\\store\\BesicStore\\shege updated\\backend\\vendor\\illuminate\\database\\Connection.php(672): Illuminate\\Database\\Connection->runQueryCallback('select * from `...', Array, Object(Closure))
#11 C:\\Users\\saron\\Documents\\store\\BesicStore\\shege updated\\backend\\vendor\\illuminate\\database\\Connection.php(376): Illuminate\\Database\\Connection->run('select * from `...', Array, Object(Closure))
#12 C:\\Users\\saron\\Documents\\store\\BesicStore\\shege updated\\backend\\vendor\\illuminate\\database\\Query\\Builder.php(2414): Illuminate\\Database\\Connection->select('select * from `...', Array, true)
#13 C:\\Users\\saron\\Documents\\store\\BesicStore\\shege updated\\backend\\vendor\\illuminate\\database\\Query\\Builder.php(2402): Illuminate\\Database\\Query\\Builder->runSelect()
#14 C:\\Users\\saron\\Documents\\store\\BesicStore\\shege updated\\backend\\vendor\\illuminate\\database\\Query\\Builder.php(2936): Illuminate\\Database\\Query\\Builder->Illuminate\\Database\\Query\\{closure}()
#15 C:\\Users\\saron\\Documents\\store\\BesicStore\\shege updated\\backend\\vendor\\illuminate\\database\\Query\\Builder.php(2403): Illuminate\\Database\\Query\\Builder->onceWithColumns(Array, Object(Closure))
#16 C:\\Users\\saron\\Documents\\store\\BesicStore\\shege updated\\backend\\vendor\\illuminate\\database\\Eloquent\\Builder.php(625): Illuminate\\Database\\Query\\Builder->get(Array)
#17 C:\\Users\\saron\\Documents\\store\\BesicStore\\shege updated\\backend\\vendor\\illuminate\\database\\Eloquent\\Builder.php(609): Illuminate\\Database\\Eloquent\\Builder->getModels(Array)
#18 C:\\Users\\saron\\Documents\\store\\BesicStore\\shege updated\\backend\\vendor\\illuminate\\database\\Concerns\\BuildsQueries.php(294): Illuminate\\Database\\Eloquent\\Builder->get(Array)
#19 C:\\Users\\saron\\Documents\\store\\BesicStore\\shege updated\\backend\\app\\Models\\User.php(136): Illuminate\\Database\\Eloquent\\Builder->first()
#20 C:\\Users\\saron\\Documents\\store\\BesicStore\\shege updated\\backend\\app\\Http\\Controllers\\User\\AuthController.php(34): App\\Models\\User->AuthenticateUser(Object(Laravel\\Lumen\\Http\\Request))
#21 C:\\Users\\saron\\Documents\\store\\BesicStore\\shege updated\\backend\\vendor\\illuminate\\container\\BoundMethod.php(36): App\\Http\\Controllers\\User\\AuthController->login(Object(Laravel\\Lumen\\Http\\Request))
#22 C:\\Users\\saron\\Documents\\store\\BesicStore\\shege updated\\backend\\vendor\\illuminate\\container\\Util.php(40): Illuminate\\Container\\BoundMethod::Illuminate\\Container\\{closure}()
#23 C:\\Users\\saron\\Documents\\store\\BesicStore\\shege updated\\backend\\vendor\\illuminate\\container\\BoundMethod.php(93): Illuminate\\Container\\Util::unwrapIfClosure(Object(Closure))
#24 C:\\Users\\saron\\Documents\\store\\BesicStore\\shege updated\\backend\\vendor\\illuminate\\container\\BoundMethod.php(37): Illuminate\\Container\\BoundMethod::callBoundMethod(Object(Laravel\\Lumen\\Application), Array, Object(Closure))
#25 C:\\Users\\saron\\Documents\\store\\BesicStore\\shege updated\\backend\\vendor\\illuminate\\container\\Container.php(653): Illuminate\\Container\\BoundMethod::call(Object(Laravel\\Lumen\\Application), Array, Array, NULL)
#26 C:\\Users\\saron\\Documents\\store\\BesicStore\\shege updated\\backend\\vendor\\laravel\\lumen-framework\\src\\Concerns\\RoutesRequests.php(389): Illuminate\\Container\\Container->call(Array, Array)
#27 C:\\Users\\saron\\Documents\\store\\BesicStore\\shege updated\\backend\\vendor\\laravel\\lumen-framework\\src\\Concerns\\RoutesRequests.php(355): Laravel\\Lumen\\Application->callControllerCallable(Array, Array)
#28 C:\\Users\\saron\\Documents\\store\\BesicStore\\shege updated\\backend\\vendor\\laravel\\lumen-framework\\src\\Concerns\\RoutesRequests.php(329): Laravel\\Lumen\\Application->callLumenController(Object(App\\Http\\Controllers\\User\\AuthController), 'login', Array)
#29 C:\\Users\\saron\\Documents\\store\\BesicStore\\shege updated\\backend\\vendor\\laravel\\lumen-framework\\src\\Concerns\\RoutesRequests.php(282): Laravel\\Lumen\\Application->callControllerAction(Array)
#30 C:\\Users\\saron\\Documents\\store\\BesicStore\\shege updated\\backend\\vendor\\laravel\\lumen-framework\\src\\Concerns\\RoutesRequests.php(267): Laravel\\Lumen\\Application->callActionOnArrayBasedRoute(Array)
#31 C:\\Users\\saron\\Documents\\store\\BesicStore\\shege updated\\backend\\vendor\\laravel\\lumen-framework\\src\\Concerns\\RoutesRequests.php(169): Laravel\\Lumen\\Application->handleFoundRoute(Array)
#32 C:\\Users\\saron\\Documents\\store\\BesicStore\\shege updated\\backend\\vendor\\laravel\\lumen-framework\\src\\Routing\\Pipeline.php(48): Laravel\\Lumen\\Application->Laravel\\Lumen\\Concerns\\{closure}(Object(Laravel\\Lumen\\Http\\Request))
#33 C:\\Users\\saron\\Documents\\store\\BesicStore\\shege updated\\backend\\app\\Http\\Middleware\\CorsMiddleware.php(38): Laravel\\Lumen\\Routing\\Pipeline->Laravel\\Lumen\\Routing\\{closure}(Object(Laravel\\Lumen\\Http\\Request))
#34 C:\\Users\\saron\\Documents\\store\\BesicStore\\shege updated\\backend\\vendor\\illuminate\\pipeline\\Pipeline.php(167): App\\Http\\Middleware\\CorsMiddleware->handle(Object(Laravel\\Lumen\\Http\\Request), Object(Closure))
#35 C:\\Users\\saron\\Documents\\store\\BesicStore\\shege updated\\backend\\vendor\\laravel\\lumen-framework\\src\\Routing\\Pipeline.php(30): Illuminate\\Pipeline\\Pipeline->Illuminate\\Pipeline\\{closure}(Object(Laravel\\Lumen\\Http\\Request))
#36 C:\\Users\\saron\\Documents\\store\\BesicStore\\shege updated\\backend\\vendor\\illuminate\\pipeline\\Pipeline.php(103): Laravel\\Lumen\\Routing\\Pipeline->Laravel\\Lumen\\Routing\\{closure}(Object(Laravel\\Lumen\\Http\\Request))
#37 C:\\Users\\saron\\Documents\\store\\BesicStore\\shege updated\\backend\\vendor\\laravel\\lumen-framework\\src\\Concerns\\RoutesRequests.php(426): Illuminate\\Pipeline\\Pipeline->then(Object(Closure))
#38 C:\\Users\\saron\\Documents\\store\\BesicStore\\shege updated\\backend\\vendor\\laravel\\lumen-framework\\src\\Concerns\\RoutesRequests.php(175): Laravel\\Lumen\\Application->sendThroughPipeline(Array, Object(Closure))
#39 C:\\Users\\saron\\Documents\\store\\BesicStore\\shege updated\\backend\\vendor\\laravel\\lumen-framework\\src\\Concerns\\RoutesRequests.php(112): Laravel\\Lumen\\Application->dispatch(NULL)
#40 C:\\Users\\saron\\Documents\\store\\BesicStore\\shege updated\\backend\\public\\index.php(28): Laravel\\Lumen\\Application->run()
#41 {main}
"} 
[2025-02-21 03:09:44] remote.ERROR: SQLSTATE[HY000] [2002] No connection could be made because the target machine actively refused it.
 (SQL: select * from `users` where (`email` = admin or `phone_number` = admin or `username` = admin) and `users`.`deleted_at` is null limit 1) {"exception":"[object] (Illuminate\\Database\\QueryException(code: 2002): SQLSTATE[HY000] [2002] No connection could be made because the target machine actively refused it.

 (SQL: select * from `users` where (`email` = admin or `phone_number` = admin or `username` = admin) and `users`.`deleted_at` is null limit 1) at C:\\Users\\saron\\Documents\\store\\BesicStore\\shege updated\\backend\\vendor\\illuminate\\database\\Connection.php:712)
[stacktrace]
#0 C:\\Users\\saron\\Documents\\store\\BesicStore\\shege updated\\backend\\vendor\\illuminate\\database\\Connection.php(672): Illuminate\\Database\\Connection->runQueryCallback('select * from `...', Array, Object(Closure))
#1 C:\\Users\\saron\\Documents\\store\\BesicStore\\shege updated\\backend\\vendor\\illuminate\\database\\Connection.php(376): Illuminate\\Database\\Connection->run('select * from `...', Array, Object(Closure))
#2 C:\\Users\\saron\\Documents\\store\\BesicStore\\shege updated\\backend\\vendor\\illuminate\\database\\Query\\Builder.php(2414): Illuminate\\Database\\Connection->select('select * from `...', Array, true)
#3 C:\\Users\\saron\\Documents\\store\\BesicStore\\shege updated\\backend\\vendor\\illuminate\\database\\Query\\Builder.php(2402): Illuminate\\Database\\Query\\Builder->runSelect()
#4 C:\\Users\\saron\\Documents\\store\\BesicStore\\shege updated\\backend\\vendor\\illuminate\\database\\Query\\Builder.php(2936): Illuminate\\Database\\Query\\Builder->Illuminate\\Database\\Query\\{closure}()
#5 C:\\Users\\saron\\Documents\\store\\BesicStore\\shege updated\\backend\\vendor\\illuminate\\database\\Query\\Builder.php(2403): Illuminate\\Database\\Query\\Builder->onceWithColumns(Array, Object(Closure))
#6 C:\\Users\\saron\\Documents\\store\\BesicStore\\shege updated\\backend\\vendor\\illuminate\\database\\Eloquent\\Builder.php(625): Illuminate\\Database\\Query\\Builder->get(Array)
#7 C:\\Users\\saron\\Documents\\store\\BesicStore\\shege updated\\backend\\vendor\\illuminate\\database\\Eloquent\\Builder.php(609): Illuminate\\Database\\Eloquent\\Builder->getModels(Array)
#8 C:\\Users\\saron\\Documents\\store\\BesicStore\\shege updated\\backend\\vendor\\illuminate\\database\\Concerns\\BuildsQueries.php(294): Illuminate\\Database\\Eloquent\\Builder->get(Array)
#9 C:\\Users\\saron\\Documents\\store\\BesicStore\\shege updated\\backend\\app\\Models\\User.php(136): Illuminate\\Database\\Eloquent\\Builder->first()
#10 C:\\Users\\saron\\Documents\\store\\BesicStore\\shege updated\\backend\\app\\Http\\Controllers\\User\\AuthController.php(34): App\\Models\\User->AuthenticateUser(Object(Laravel\\Lumen\\Http\\Request))
#11 C:\\Users\\saron\\Documents\\store\\BesicStore\\shege updated\\backend\\vendor\\illuminate\\container\\BoundMethod.php(36): App\\Http\\Controllers\\User\\AuthController->login(Object(Laravel\\Lumen\\Http\\Request))
#12 C:\\Users\\saron\\Documents\\store\\BesicStore\\shege updated\\backend\\vendor\\illuminate\\container\\Util.php(40): Illuminate\\Container\\BoundMethod::Illuminate\\Container\\{closure}()
#13 C:\\Users\\saron\\Documents\\store\\BesicStore\\shege updated\\backend\\vendor\\illuminate\\container\\BoundMethod.php(93): Illuminate\\Container\\Util::unwrapIfClosure(Object(Closure))
#14 C:\\Users\\saron\\Documents\\store\\BesicStore\\shege updated\\backend\\vendor\\illuminate\\container\\BoundMethod.php(37): Illuminate\\Container\\BoundMethod::callBoundMethod(Object(Laravel\\Lumen\\Application), Array, Object(Closure))
#15 C:\\Users\\saron\\Documents\\store\\BesicStore\\shege updated\\backend\\vendor\\illuminate\\container\\Container.php(653): Illuminate\\Container\\BoundMethod::call(Object(Laravel\\Lumen\\Application), Array, Array, NULL)
#16 C:\\Users\\saron\\Documents\\store\\BesicStore\\shege updated\\backend\\vendor\\laravel\\lumen-framework\\src\\Concerns\\RoutesRequests.php(389): Illuminate\\Container\\Container->call(Array, Array)
#17 C:\\Users\\saron\\Documents\\store\\BesicStore\\shege updated\\backend\\vendor\\laravel\\lumen-framework\\src\\Concerns\\RoutesRequests.php(355): Laravel\\Lumen\\Application->callControllerCallable(Array, Array)
#18 C:\\Users\\saron\\Documents\\store\\BesicStore\\shege updated\\backend\\vendor\\laravel\\lumen-framework\\src\\Concerns\\RoutesRequests.php(329): Laravel\\Lumen\\Application->callLumenController(Object(App\\Http\\Controllers\\User\\AuthController), 'login', Array)
#19 C:\\Users\\saron\\Documents\\store\\BesicStore\\shege updated\\backend\\vendor\\laravel\\lumen-framework\\src\\Concerns\\RoutesRequests.php(282): Laravel\\Lumen\\Application->callControllerAction(Array)
#20 C:\\Users\\saron\\Documents\\store\\BesicStore\\shege updated\\backend\\vendor\\laravel\\lumen-framework\\src\\Concerns\\RoutesRequests.php(267): Laravel\\Lumen\\Application->callActionOnArrayBasedRoute(Array)
#21 C:\\Users\\saron\\Documents\\store\\BesicStore\\shege updated\\backend\\vendor\\laravel\\lumen-framework\\src\\Concerns\\RoutesRequests.php(169): Laravel\\Lumen\\Application->handleFoundRoute(Array)
#22 C:\\Users\\saron\\Documents\\store\\BesicStore\\shege updated\\backend\\vendor\\laravel\\lumen-framework\\src\\Routing\\Pipeline.php(48): Laravel\\Lumen\\Application->Laravel\\Lumen\\Concerns\\{closure}(Object(Laravel\\Lumen\\Http\\Request))
#23 C:\\Users\\saron\\Documents\\store\\BesicStore\\shege updated\\backend\\app\\Http\\Middleware\\CorsMiddleware.php(38): Laravel\\Lumen\\Routing\\Pipeline->Laravel\\Lumen\\Routing\\{closure}(Object(Laravel\\Lumen\\Http\\Request))
#24 C:\\Users\\saron\\Documents\\store\\BesicStore\\shege updated\\backend\\vendor\\illuminate\\pipeline\\Pipeline.php(167): App\\Http\\Middleware\\CorsMiddleware->handle(Object(Laravel\\Lumen\\Http\\Request), Object(Closure))
#25 C:\\Users\\saron\\Documents\\store\\BesicStore\\shege updated\\backend\\vendor\\laravel\\lumen-framework\\src\\Routing\\Pipeline.php(30): Illuminate\\Pipeline\\Pipeline->Illuminate\\Pipeline\\{closure}(Object(Laravel\\Lumen\\Http\\Request))
#26 C:\\Users\\saron\\Documents\\store\\BesicStore\\shege updated\\backend\\vendor\\illuminate\\pipeline\\Pipeline.php(103): Laravel\\Lumen\\Routing\\Pipeline->Laravel\\Lumen\\Routing\\{closure}(Object(Laravel\\Lumen\\Http\\Request))
#27 C:\\Users\\saron\\Documents\\store\\BesicStore\\shege updated\\backend\\vendor\\laravel\\lumen-framework\\src\\Concerns\\RoutesRequests.php(426): Illuminate\\Pipeline\\Pipeline->then(Object(Closure))
#28 C:\\Users\\saron\\Documents\\store\\BesicStore\\shege updated\\backend\\vendor\\laravel\\lumen-framework\\src\\Concerns\\RoutesRequests.php(175): Laravel\\Lumen\\Application->sendThroughPipeline(Array, Object(Closure))
#29 C:\\Users\\saron\\Documents\\store\\BesicStore\\shege updated\\backend\\vendor\\laravel\\lumen-framework\\src\\Concerns\\RoutesRequests.php(112): Laravel\\Lumen\\Application->dispatch(NULL)
#30 C:\\Users\\saron\\Documents\\store\\BesicStore\\shege updated\\backend\\public\\index.php(28): Laravel\\Lumen\\Application->run()
#31 {main}

[previous exception] [object] (PDOException(code: 2002): SQLSTATE[HY000] [2002] No connection could be made because the target machine actively refused it.

 at C:\\Users\\saron\\Documents\\store\\BesicStore\\shege updated\\backend\\vendor\\illuminate\\database\\Connectors\\Connector.php:70)
[stacktrace]
#0 C:\\Users\\saron\\Documents\\store\\BesicStore\\shege updated\\backend\\vendor\\illuminate\\database\\Connectors\\Connector.php(70): PDO->__construct('mysql:host=127....', 'root', '', Array)
#1 C:\\Users\\saron\\Documents\\store\\BesicStore\\shege updated\\backend\\vendor\\illuminate\\database\\Connectors\\Connector.php(46): Illuminate\\Database\\Connectors\\Connector->createPdoConnection('mysql:host=127....', 'root', '', Array)
#2 C:\\Users\\saron\\Documents\\store\\BesicStore\\shege updated\\backend\\vendor\\illuminate\\database\\Connectors\\MySqlConnector.php(24): Illuminate\\Database\\Connectors\\Connector->createConnection('mysql:host=127....', Array, Array)
#3 C:\\Users\\saron\\Documents\\store\\BesicStore\\shege updated\\backend\\vendor\\illuminate\\database\\Connectors\\ConnectionFactory.php(184): Illuminate\\Database\\Connectors\\MySqlConnector->connect(Array)
#4 [internal function]: Illuminate\\Database\\Connectors\\ConnectionFactory->Illuminate\\Database\\Connectors\\{closure}()
#5 C:\\Users\\saron\\Documents\\store\\BesicStore\\shege updated\\backend\\vendor\\illuminate\\database\\Connection.php(1064): call_user_func(Object(Closure))
#6 C:\\Users\\saron\\Documents\\store\\BesicStore\\shege updated\\backend\\vendor\\illuminate\\database\\Connection.php(1100): Illuminate\\Database\\Connection->getPdo()
#7 C:\\Users\\saron\\Documents\\store\\BesicStore\\shege updated\\backend\\vendor\\illuminate\\database\\Connection.php(442): Illuminate\\Database\\Connection->getReadPdo()
#8 C:\\Users\\saron\\Documents\\store\\BesicStore\\shege updated\\backend\\vendor\\illuminate\\database\\Connection.php(368): Illuminate\\Database\\Connection->getPdoForSelect(true)
#9 C:\\Users\\saron\\Documents\\store\\BesicStore\\shege updated\\backend\\vendor\\illuminate\\database\\Connection.php(705): Illuminate\\Database\\Connection->Illuminate\\Database\\{closure}('select * from `...', Array)
#10 C:\\Users\\saron\\Documents\\store\\BesicStore\\shege updated\\backend\\vendor\\illuminate\\database\\Connection.php(672): Illuminate\\Database\\Connection->runQueryCallback('select * from `...', Array, Object(Closure))
#11 C:\\Users\\saron\\Documents\\store\\BesicStore\\shege updated\\backend\\vendor\\illuminate\\database\\Connection.php(376): Illuminate\\Database\\Connection->run('select * from `...', Array, Object(Closure))
#12 C:\\Users\\saron\\Documents\\store\\BesicStore\\shege updated\\backend\\vendor\\illuminate\\database\\Query\\Builder.php(2414): Illuminate\\Database\\Connection->select('select * from `...', Array, true)
#13 C:\\Users\\saron\\Documents\\store\\BesicStore\\shege updated\\backend\\vendor\\illuminate\\database\\Query\\Builder.php(2402): Illuminate\\Database\\Query\\Builder->runSelect()
#14 C:\\Users\\saron\\Documents\\store\\BesicStore\\shege updated\\backend\\vendor\\illuminate\\database\\Query\\Builder.php(2936): Illuminate\\Database\\Query\\Builder->Illuminate\\Database\\Query\\{closure}()
#15 C:\\Users\\saron\\Documents\\store\\BesicStore\\shege updated\\backend\\vendor\\illuminate\\database\\Query\\Builder.php(2403): Illuminate\\Database\\Query\\Builder->onceWithColumns(Array, Object(Closure))
#16 C:\\Users\\saron\\Documents\\store\\BesicStore\\shege updated\\backend\\vendor\\illuminate\\database\\Eloquent\\Builder.php(625): Illuminate\\Database\\Query\\Builder->get(Array)
#17 C:\\Users\\saron\\Documents\\store\\BesicStore\\shege updated\\backend\\vendor\\illuminate\\database\\Eloquent\\Builder.php(609): Illuminate\\Database\\Eloquent\\Builder->getModels(Array)
#18 C:\\Users\\saron\\Documents\\store\\BesicStore\\shege updated\\backend\\vendor\\illuminate\\database\\Concerns\\BuildsQueries.php(294): Illuminate\\Database\\Eloquent\\Builder->get(Array)
#19 C:\\Users\\saron\\Documents\\store\\BesicStore\\shege updated\\backend\\app\\Models\\User.php(136): Illuminate\\Database\\Eloquent\\Builder->first()
#20 C:\\Users\\saron\\Documents\\store\\BesicStore\\shege updated\\backend\\app\\Http\\Controllers\\User\\AuthController.php(34): App\\Models\\User->AuthenticateUser(Object(Laravel\\Lumen\\Http\\Request))
#21 C:\\Users\\saron\\Documents\\store\\BesicStore\\shege updated\\backend\\vendor\\illuminate\\container\\BoundMethod.php(36): App\\Http\\Controllers\\User\\AuthController->login(Object(Laravel\\Lumen\\Http\\Request))
#22 C:\\Users\\saron\\Documents\\store\\BesicStore\\shege updated\\backend\\vendor\\illuminate\\container\\Util.php(40): Illuminate\\Container\\BoundMethod::Illuminate\\Container\\{closure}()
#23 C:\\Users\\saron\\Documents\\store\\BesicStore\\shege updated\\backend\\vendor\\illuminate\\container\\BoundMethod.php(93): Illuminate\\Container\\Util::unwrapIfClosure(Object(Closure))
#24 C:\\Users\\saron\\Documents\\store\\BesicStore\\shege updated\\backend\\vendor\\illuminate\\container\\BoundMethod.php(37): Illuminate\\Container\\BoundMethod::callBoundMethod(Object(Laravel\\Lumen\\Application), Array, Object(Closure))
#25 C:\\Users\\saron\\Documents\\store\\BesicStore\\shege updated\\backend\\vendor\\illuminate\\container\\Container.php(653): Illuminate\\Container\\BoundMethod::call(Object(Laravel\\Lumen\\Application), Array, Array, NULL)
#26 C:\\Users\\saron\\Documents\\store\\BesicStore\\shege updated\\backend\\vendor\\laravel\\lumen-framework\\src\\Concerns\\RoutesRequests.php(389): Illuminate\\Container\\Container->call(Array, Array)
#27 C:\\Users\\saron\\Documents\\store\\BesicStore\\shege updated\\backend\\vendor\\laravel\\lumen-framework\\src\\Concerns\\RoutesRequests.php(355): Laravel\\Lumen\\Application->callControllerCallable(Array, Array)
#28 C:\\Users\\saron\\Documents\\store\\BesicStore\\shege updated\\backend\\vendor\\laravel\\lumen-framework\\src\\Concerns\\RoutesRequests.php(329): Laravel\\Lumen\\Application->callLumenController(Object(App\\Http\\Controllers\\User\\AuthController), 'login', Array)
#29 C:\\Users\\saron\\Documents\\store\\BesicStore\\shege updated\\backend\\vendor\\laravel\\lumen-framework\\src\\Concerns\\RoutesRequests.php(282): Laravel\\Lumen\\Application->callControllerAction(Array)
#30 C:\\Users\\saron\\Documents\\store\\BesicStore\\shege updated\\backend\\vendor\\laravel\\lumen-framework\\src\\Concerns\\RoutesRequests.php(267): Laravel\\Lumen\\Application->callActionOnArrayBasedRoute(Array)
#31 C:\\Users\\saron\\Documents\\store\\BesicStore\\shege updated\\backend\\vendor\\laravel\\lumen-framework\\src\\Concerns\\RoutesRequests.php(169): Laravel\\Lumen\\Application->handleFoundRoute(Array)
#32 C:\\Users\\saron\\Documents\\store\\BesicStore\\shege updated\\backend\\vendor\\laravel\\lumen-framework\\src\\Routing\\Pipeline.php(48): Laravel\\Lumen\\Application->Laravel\\Lumen\\Concerns\\{closure}(Object(Laravel\\Lumen\\Http\\Request))
#33 C:\\Users\\saron\\Documents\\store\\BesicStore\\shege updated\\backend\\app\\Http\\Middleware\\CorsMiddleware.php(38): Laravel\\Lumen\\Routing\\Pipeline->Laravel\\Lumen\\Routing\\{closure}(Object(Laravel\\Lumen\\Http\\Request))
#34 C:\\Users\\saron\\Documents\\store\\BesicStore\\shege updated\\backend\\vendor\\illuminate\\pipeline\\Pipeline.php(167): App\\Http\\Middleware\\CorsMiddleware->handle(Object(Laravel\\Lumen\\Http\\Request), Object(Closure))
#35 C:\\Users\\saron\\Documents\\store\\BesicStore\\shege updated\\backend\\vendor\\laravel\\lumen-framework\\src\\Routing\\Pipeline.php(30): Illuminate\\Pipeline\\Pipeline->Illuminate\\Pipeline\\{closure}(Object(Laravel\\Lumen\\Http\\Request))
#36 C:\\Users\\saron\\Documents\\store\\BesicStore\\shege updated\\backend\\vendor\\illuminate\\pipeline\\Pipeline.php(103): Laravel\\Lumen\\Routing\\Pipeline->Laravel\\Lumen\\Routing\\{closure}(Object(Laravel\\Lumen\\Http\\Request))
#37 C:\\Users\\saron\\Documents\\store\\BesicStore\\shege updated\\backend\\vendor\\laravel\\lumen-framework\\src\\Concerns\\RoutesRequests.php(426): Illuminate\\Pipeline\\Pipeline->then(Object(Closure))
#38 C:\\Users\\saron\\Documents\\store\\BesicStore\\shege updated\\backend\\vendor\\laravel\\lumen-framework\\src\\Concerns\\RoutesRequests.php(175): Laravel\\Lumen\\Application->sendThroughPipeline(Array, Object(Closure))
#39 C:\\Users\\saron\\Documents\\store\\BesicStore\\shege updated\\backend\\vendor\\laravel\\lumen-framework\\src\\Concerns\\RoutesRequests.php(112): Laravel\\Lumen\\Application->dispatch(NULL)
#40 C:\\Users\\saron\\Documents\\store\\BesicStore\\shege updated\\backend\\public\\index.php(28): Laravel\\Lumen\\Application->run()
#41 {main}
"} 
[2025-02-21 03:10:00] remote.ERROR: SQLSTATE[HY000] [2002] No connection could be made because the target machine actively refused it.
 (SQL: select * from `users` where (`email` = admin or `phone_number` = admin or `username` = admin) and `users`.`deleted_at` is null limit 1) {"exception":"[object] (Illuminate\\Database\\QueryException(code: 2002): SQLSTATE[HY000] [2002] No connection could be made because the target machine actively refused it.

 (SQL: select * from `users` where (`email` = admin or `phone_number` = admin or `username` = admin) and `users`.`deleted_at` is null limit 1) at C:\\Users\\saron\\Documents\\store\\BesicStore\\shege updated\\backend\\vendor\\illuminate\\database\\Connection.php:712)
[stacktrace]
#0 C:\\Users\\saron\\Documents\\store\\BesicStore\\shege updated\\backend\\vendor\\illuminate\\database\\Connection.php(672): Illuminate\\Database\\Connection->runQueryCallback('select * from `...', Array, Object(Closure))
#1 C:\\Users\\saron\\Documents\\store\\BesicStore\\shege updated\\backend\\vendor\\illuminate\\database\\Connection.php(376): Illuminate\\Database\\Connection->run('select * from `...', Array, Object(Closure))
#2 C:\\Users\\saron\\Documents\\store\\BesicStore\\shege updated\\backend\\vendor\\illuminate\\database\\Query\\Builder.php(2414): Illuminate\\Database\\Connection->select('select * from `...', Array, true)
#3 C:\\Users\\saron\\Documents\\store\\BesicStore\\shege updated\\backend\\vendor\\illuminate\\database\\Query\\Builder.php(2402): Illuminate\\Database\\Query\\Builder->runSelect()
#4 C:\\Users\\saron\\Documents\\store\\BesicStore\\shege updated\\backend\\vendor\\illuminate\\database\\Query\\Builder.php(2936): Illuminate\\Database\\Query\\Builder->Illuminate\\Database\\Query\\{closure}()
#5 C:\\Users\\saron\\Documents\\store\\BesicStore\\shege updated\\backend\\vendor\\illuminate\\database\\Query\\Builder.php(2403): Illuminate\\Database\\Query\\Builder->onceWithColumns(Array, Object(Closure))
#6 C:\\Users\\saron\\Documents\\store\\BesicStore\\shege updated\\backend\\vendor\\illuminate\\database\\Eloquent\\Builder.php(625): Illuminate\\Database\\Query\\Builder->get(Array)
#7 C:\\Users\\saron\\Documents\\store\\BesicStore\\shege updated\\backend\\vendor\\illuminate\\database\\Eloquent\\Builder.php(609): Illuminate\\Database\\Eloquent\\Builder->getModels(Array)
#8 C:\\Users\\saron\\Documents\\store\\BesicStore\\shege updated\\backend\\vendor\\illuminate\\database\\Concerns\\BuildsQueries.php(294): Illuminate\\Database\\Eloquent\\Builder->get(Array)
#9 C:\\Users\\saron\\Documents\\store\\BesicStore\\shege updated\\backend\\app\\Models\\User.php(136): Illuminate\\Database\\Eloquent\\Builder->first()
#10 C:\\Users\\saron\\Documents\\store\\BesicStore\\shege updated\\backend\\app\\Http\\Controllers\\User\\AuthController.php(34): App\\Models\\User->AuthenticateUser(Object(Laravel\\Lumen\\Http\\Request))
#11 C:\\Users\\saron\\Documents\\store\\BesicStore\\shege updated\\backend\\vendor\\illuminate\\container\\BoundMethod.php(36): App\\Http\\Controllers\\User\\AuthController->login(Object(Laravel\\Lumen\\Http\\Request))
#12 C:\\Users\\saron\\Documents\\store\\BesicStore\\shege updated\\backend\\vendor\\illuminate\\container\\Util.php(40): Illuminate\\Container\\BoundMethod::Illuminate\\Container\\{closure}()
#13 C:\\Users\\saron\\Documents\\store\\BesicStore\\shege updated\\backend\\vendor\\illuminate\\container\\BoundMethod.php(93): Illuminate\\Container\\Util::unwrapIfClosure(Object(Closure))
#14 C:\\Users\\saron\\Documents\\store\\BesicStore\\shege updated\\backend\\vendor\\illuminate\\container\\BoundMethod.php(37): Illuminate\\Container\\BoundMethod::callBoundMethod(Object(Laravel\\Lumen\\Application), Array, Object(Closure))
#15 C:\\Users\\saron\\Documents\\store\\BesicStore\\shege updated\\backend\\vendor\\illuminate\\container\\Container.php(653): Illuminate\\Container\\BoundMethod::call(Object(Laravel\\Lumen\\Application), Array, Array, NULL)
#16 C:\\Users\\saron\\Documents\\store\\BesicStore\\shege updated\\backend\\vendor\\laravel\\lumen-framework\\src\\Concerns\\RoutesRequests.php(389): Illuminate\\Container\\Container->call(Array, Array)
#17 C:\\Users\\saron\\Documents\\store\\BesicStore\\shege updated\\backend\\vendor\\laravel\\lumen-framework\\src\\Concerns\\RoutesRequests.php(355): Laravel\\Lumen\\Application->callControllerCallable(Array, Array)
#18 C:\\Users\\saron\\Documents\\store\\BesicStore\\shege updated\\backend\\vendor\\laravel\\lumen-framework\\src\\Concerns\\RoutesRequests.php(329): Laravel\\Lumen\\Application->callLumenController(Object(App\\Http\\Controllers\\User\\AuthController), 'login', Array)
#19 C:\\Users\\saron\\Documents\\store\\BesicStore\\shege updated\\backend\\vendor\\laravel\\lumen-framework\\src\\Concerns\\RoutesRequests.php(282): Laravel\\Lumen\\Application->callControllerAction(Array)
#20 C:\\Users\\saron\\Documents\\store\\BesicStore\\shege updated\\backend\\vendor\\laravel\\lumen-framework\\src\\Concerns\\RoutesRequests.php(267): Laravel\\Lumen\\Application->callActionOnArrayBasedRoute(Array)
#21 C:\\Users\\saron\\Documents\\store\\BesicStore\\shege updated\\backend\\vendor\\laravel\\lumen-framework\\src\\Concerns\\RoutesRequests.php(169): Laravel\\Lumen\\Application->handleFoundRoute(Array)
#22 C:\\Users\\saron\\Documents\\store\\BesicStore\\shege updated\\backend\\vendor\\laravel\\lumen-framework\\src\\Routing\\Pipeline.php(48): Laravel\\Lumen\\Application->Laravel\\Lumen\\Concerns\\{closure}(Object(Laravel\\Lumen\\Http\\Request))
#23 C:\\Users\\saron\\Documents\\store\\BesicStore\\shege updated\\backend\\app\\Http\\Middleware\\CorsMiddleware.php(38): Laravel\\Lumen\\Routing\\Pipeline->Laravel\\Lumen\\Routing\\{closure}(Object(Laravel\\Lumen\\Http\\Request))
#24 C:\\Users\\saron\\Documents\\store\\BesicStore\\shege updated\\backend\\vendor\\illuminate\\pipeline\\Pipeline.php(167): App\\Http\\Middleware\\CorsMiddleware->handle(Object(Laravel\\Lumen\\Http\\Request), Object(Closure))
#25 C:\\Users\\saron\\Documents\\store\\BesicStore\\shege updated\\backend\\vendor\\laravel\\lumen-framework\\src\\Routing\\Pipeline.php(30): Illuminate\\Pipeline\\Pipeline->Illuminate\\Pipeline\\{closure}(Object(Laravel\\Lumen\\Http\\Request))
#26 C:\\Users\\saron\\Documents\\store\\BesicStore\\shege updated\\backend\\vendor\\illuminate\\pipeline\\Pipeline.php(103): Laravel\\Lumen\\Routing\\Pipeline->Laravel\\Lumen\\Routing\\{closure}(Object(Laravel\\Lumen\\Http\\Request))
#27 C:\\Users\\saron\\Documents\\store\\BesicStore\\shege updated\\backend\\vendor\\laravel\\lumen-framework\\src\\Concerns\\RoutesRequests.php(426): Illuminate\\Pipeline\\Pipeline->then(Object(Closure))
#28 C:\\Users\\saron\\Documents\\store\\BesicStore\\shege updated\\backend\\vendor\\laravel\\lumen-framework\\src\\Concerns\\RoutesRequests.php(175): Laravel\\Lumen\\Application->sendThroughPipeline(Array, Object(Closure))
#29 C:\\Users\\saron\\Documents\\store\\BesicStore\\shege updated\\backend\\vendor\\laravel\\lumen-framework\\src\\Concerns\\RoutesRequests.php(112): Laravel\\Lumen\\Application->dispatch(NULL)
#30 C:\\Users\\saron\\Documents\\store\\BesicStore\\shege updated\\backend\\public\\index.php(28): Laravel\\Lumen\\Application->run()
#31 {main}

[previous exception] [object] (PDOException(code: 2002): SQLSTATE[HY000] [2002] No connection could be made because the target machine actively refused it.

 at C:\\Users\\saron\\Documents\\store\\BesicStore\\shege updated\\backend\\vendor\\illuminate\\database\\Connectors\\Connector.php:70)
[stacktrace]
#0 C:\\Users\\saron\\Documents\\store\\BesicStore\\shege updated\\backend\\vendor\\illuminate\\database\\Connectors\\Connector.php(70): PDO->__construct('mysql:host=127....', 'root', '', Array)
#1 C:\\Users\\saron\\Documents\\store\\BesicStore\\shege updated\\backend\\vendor\\illuminate\\database\\Connectors\\Connector.php(46): Illuminate\\Database\\Connectors\\Connector->createPdoConnection('mysql:host=127....', 'root', '', Array)
#2 C:\\Users\\saron\\Documents\\store\\BesicStore\\shege updated\\backend\\vendor\\illuminate\\database\\Connectors\\MySqlConnector.php(24): Illuminate\\Database\\Connectors\\Connector->createConnection('mysql:host=127....', Array, Array)
#3 C:\\Users\\saron\\Documents\\store\\BesicStore\\shege updated\\backend\\vendor\\illuminate\\database\\Connectors\\ConnectionFactory.php(184): Illuminate\\Database\\Connectors\\MySqlConnector->connect(Array)
#4 [internal function]: Illuminate\\Database\\Connectors\\ConnectionFactory->Illuminate\\Database\\Connectors\\{closure}()
#5 C:\\Users\\saron\\Documents\\store\\BesicStore\\shege updated\\backend\\vendor\\illuminate\\database\\Connection.php(1064): call_user_func(Object(Closure))
#6 C:\\Users\\saron\\Documents\\store\\BesicStore\\shege updated\\backend\\vendor\\illuminate\\database\\Connection.php(1100): Illuminate\\Database\\Connection->getPdo()
#7 C:\\Users\\saron\\Documents\\store\\BesicStore\\shege updated\\backend\\vendor\\illuminate\\database\\Connection.php(442): Illuminate\\Database\\Connection->getReadPdo()
#8 C:\\Users\\saron\\Documents\\store\\BesicStore\\shege updated\\backend\\vendor\\illuminate\\database\\Connection.php(368): Illuminate\\Database\\Connection->getPdoForSelect(true)
#9 C:\\Users\\saron\\Documents\\store\\BesicStore\\shege updated\\backend\\vendor\\illuminate\\database\\Connection.php(705): Illuminate\\Database\\Connection->Illuminate\\Database\\{closure}('select * from `...', Array)
#10 C:\\Users\\saron\\Documents\\store\\BesicStore\\shege updated\\backend\\vendor\\illuminate\\database\\Connection.php(672): Illuminate\\Database\\Connection->runQueryCallback('select * from `...', Array, Object(Closure))
#11 C:\\Users\\saron\\Documents\\store\\BesicStore\\shege updated\\backend\\vendor\\illuminate\\database\\Connection.php(376): Illuminate\\Database\\Connection->run('select * from `...', Array, Object(Closure))
#12 C:\\Users\\saron\\Documents\\store\\BesicStore\\shege updated\\backend\\vendor\\illuminate\\database\\Query\\Builder.php(2414): Illuminate\\Database\\Connection->select('select * from `...', Array, true)
#13 C:\\Users\\saron\\Documents\\store\\BesicStore\\shege updated\\backend\\vendor\\illuminate\\database\\Query\\Builder.php(2402): Illuminate\\Database\\Query\\Builder->runSelect()
#14 C:\\Users\\saron\\Documents\\store\\BesicStore\\shege updated\\backend\\vendor\\illuminate\\database\\Query\\Builder.php(2936): Illuminate\\Database\\Query\\Builder->Illuminate\\Database\\Query\\{closure}()
#15 C:\\Users\\saron\\Documents\\store\\BesicStore\\shege updated\\backend\\vendor\\illuminate\\database\\Query\\Builder.php(2403): Illuminate\\Database\\Query\\Builder->onceWithColumns(Array, Object(Closure))
#16 C:\\Users\\saron\\Documents\\store\\BesicStore\\shege updated\\backend\\vendor\\illuminate\\database\\Eloquent\\Builder.php(625): Illuminate\\Database\\Query\\Builder->get(Array)
#17 C:\\Users\\saron\\Documents\\store\\BesicStore\\shege updated\\backend\\vendor\\illuminate\\database\\Eloquent\\Builder.php(609): Illuminate\\Database\\Eloquent\\Builder->getModels(Array)
#18 C:\\Users\\saron\\Documents\\store\\BesicStore\\shege updated\\backend\\vendor\\illuminate\\database\\Concerns\\BuildsQueries.php(294): Illuminate\\Database\\Eloquent\\Builder->get(Array)
#19 C:\\Users\\saron\\Documents\\store\\BesicStore\\shege updated\\backend\\app\\Models\\User.php(136): Illuminate\\Database\\Eloquent\\Builder->first()
#20 C:\\Users\\saron\\Documents\\store\\BesicStore\\shege updated\\backend\\app\\Http\\Controllers\\User\\AuthController.php(34): App\\Models\\User->AuthenticateUser(Object(Laravel\\Lumen\\Http\\Request))
#21 C:\\Users\\saron\\Documents\\store\\BesicStore\\shege updated\\backend\\vendor\\illuminate\\container\\BoundMethod.php(36): App\\Http\\Controllers\\User\\AuthController->login(Object(Laravel\\Lumen\\Http\\Request))
#22 C:\\Users\\saron\\Documents\\store\\BesicStore\\shege updated\\backend\\vendor\\illuminate\\container\\Util.php(40): Illuminate\\Container\\BoundMethod::Illuminate\\Container\\{closure}()
#23 C:\\Users\\saron\\Documents\\store\\BesicStore\\shege updated\\backend\\vendor\\illuminate\\container\\BoundMethod.php(93): Illuminate\\Container\\Util::unwrapIfClosure(Object(Closure))
#24 C:\\Users\\saron\\Documents\\store\\BesicStore\\shege updated\\backend\\vendor\\illuminate\\container\\BoundMethod.php(37): Illuminate\\Container\\BoundMethod::callBoundMethod(Object(Laravel\\Lumen\\Application), Array, Object(Closure))
#25 C:\\Users\\saron\\Documents\\store\\BesicStore\\shege updated\\backend\\vendor\\illuminate\\container\\Container.php(653): Illuminate\\Container\\BoundMethod::call(Object(Laravel\\Lumen\\Application), Array, Array, NULL)
#26 C:\\Users\\saron\\Documents\\store\\BesicStore\\shege updated\\backend\\vendor\\laravel\\lumen-framework\\src\\Concerns\\RoutesRequests.php(389): Illuminate\\Container\\Container->call(Array, Array)
#27 C:\\Users\\saron\\Documents\\store\\BesicStore\\shege updated\\backend\\vendor\\laravel\\lumen-framework\\src\\Concerns\\RoutesRequests.php(355): Laravel\\Lumen\\Application->callControllerCallable(Array, Array)
#28 C:\\Users\\saron\\Documents\\store\\BesicStore\\shege updated\\backend\\vendor\\laravel\\lumen-framework\\src\\Concerns\\RoutesRequests.php(329): Laravel\\Lumen\\Application->callLumenController(Object(App\\Http\\Controllers\\User\\AuthController), 'login', Array)
#29 C:\\Users\\saron\\Documents\\store\\BesicStore\\shege updated\\backend\\vendor\\laravel\\lumen-framework\\src\\Concerns\\RoutesRequests.php(282): Laravel\\Lumen\\Application->callControllerAction(Array)
#30 C:\\Users\\saron\\Documents\\store\\BesicStore\\shege updated\\backend\\vendor\\laravel\\lumen-framework\\src\\Concerns\\RoutesRequests.php(267): Laravel\\Lumen\\Application->callActionOnArrayBasedRoute(Array)
#31 C:\\Users\\saron\\Documents\\store\\BesicStore\\shege updated\\backend\\vendor\\laravel\\lumen-framework\\src\\Concerns\\RoutesRequests.php(169): Laravel\\Lumen\\Application->handleFoundRoute(Array)
#32 C:\\Users\\saron\\Documents\\store\\BesicStore\\shege updated\\backend\\vendor\\laravel\\lumen-framework\\src\\Routing\\Pipeline.php(48): Laravel\\Lumen\\Application->Laravel\\Lumen\\Concerns\\{closure}(Object(Laravel\\Lumen\\Http\\Request))
#33 C:\\Users\\saron\\Documents\\store\\BesicStore\\shege updated\\backend\\app\\Http\\Middleware\\CorsMiddleware.php(38): Laravel\\Lumen\\Routing\\Pipeline->Laravel\\Lumen\\Routing\\{closure}(Object(Laravel\\Lumen\\Http\\Request))
#34 C:\\Users\\saron\\Documents\\store\\BesicStore\\shege updated\\backend\\vendor\\illuminate\\pipeline\\Pipeline.php(167): App\\Http\\Middleware\\CorsMiddleware->handle(Object(Laravel\\Lumen\\Http\\Request), Object(Closure))
#35 C:\\Users\\saron\\Documents\\store\\BesicStore\\shege updated\\backend\\vendor\\laravel\\lumen-framework\\src\\Routing\\Pipeline.php(30): Illuminate\\Pipeline\\Pipeline->Illuminate\\Pipeline\\{closure}(Object(Laravel\\Lumen\\Http\\Request))
#36 C:\\Users\\saron\\Documents\\store\\BesicStore\\shege updated\\backend\\vendor\\illuminate\\pipeline\\Pipeline.php(103): Laravel\\Lumen\\Routing\\Pipeline->Laravel\\Lumen\\Routing\\{closure}(Object(Laravel\\Lumen\\Http\\Request))
#37 C:\\Users\\saron\\Documents\\store\\BesicStore\\shege updated\\backend\\vendor\\laravel\\lumen-framework\\src\\Concerns\\RoutesRequests.php(426): Illuminate\\Pipeline\\Pipeline->then(Object(Closure))
#38 C:\\Users\\saron\\Documents\\store\\BesicStore\\shege updated\\backend\\vendor\\laravel\\lumen-framework\\src\\Concerns\\RoutesRequests.php(175): Laravel\\Lumen\\Application->sendThroughPipeline(Array, Object(Closure))
#39 C:\\Users\\saron\\Documents\\store\\BesicStore\\shege updated\\backend\\vendor\\laravel\\lumen-framework\\src\\Concerns\\RoutesRequests.php(112): Laravel\\Lumen\\Application->dispatch(NULL)
#40 C:\\Users\\saron\\Documents\\store\\BesicStore\\shege updated\\backend\\public\\index.php(28): Laravel\\Lumen\\Application->run()
#41 {main}
"} 
[2025-02-21 03:17:45] remote.ERROR: Maximum execution time of 120 seconds exceeded {"exception":"[object] (Symfony\\Component\\ErrorHandler\\Error\\FatalError(code: 0): Maximum execution time of 120 seconds exceeded at C:\\Users\\saron\\Documents\\store\\BesicStore\\shege updated\\backend\\app\\Http\\Controllers\\Casher\\CasherController.php:168)
[stacktrace]
#0 {main}
"} 
